2024-06-18 19:41:39,908 [trainer.py] => config: exps/FeCAM_cifar100.json
2024-06-18 19:41:39,908 [trainer.py] => prefix: train
2024-06-18 19:41:39,908 [trainer.py] => dataset: cifar100
2024-06-18 19:41:39,908 [trainer.py] => memory_size: 0
2024-06-18 19:41:39,908 [trainer.py] => shuffle: True
2024-06-18 19:41:39,908 [trainer.py] => init_cls: 40
2024-06-18 19:41:39,908 [trainer.py] => increment: 3
2024-06-18 19:41:39,908 [trainer.py] => model_name: fecam
2024-06-18 19:41:39,908 [trainer.py] => convnet_type: resnet18
2024-06-18 19:41:39,908 [trainer.py] => device: [device(type='cuda', index=0), device(type='cuda', index=3)]
2024-06-18 19:41:39,908 [trainer.py] => seed: 1993
2024-06-18 19:41:39,908 [trainer.py] => init_epochs: 200
2024-06-18 19:41:39,908 [trainer.py] => init_lr: 0.1
2024-06-18 19:41:39,908 [trainer.py] => init_weight_decay: 0.0005
2024-06-18 19:41:39,908 [trainer.py] => batch_size: 128
2024-06-18 19:41:39,908 [trainer.py] => num_workers: 8
2024-06-18 19:41:39,908 [trainer.py] => T: 2
2024-06-18 19:41:39,908 [trainer.py] => beta: 0.5
2024-06-18 19:41:39,908 [trainer.py] => alpha1: 1
2024-06-18 19:41:39,908 [trainer.py] => alpha2: 1
2024-06-18 19:41:39,908 [trainer.py] => ncm: False
2024-06-18 19:41:39,909 [trainer.py] => tukey: True
2024-06-18 19:41:39,909 [trainer.py] => diagonal: False
2024-06-18 19:41:39,909 [trainer.py] => per_class: True
2024-06-18 19:41:39,909 [trainer.py] => full_cov: True
2024-06-18 19:41:39,909 [trainer.py] => shrink: True
2024-06-18 19:41:39,909 [trainer.py] => norm_cov: True
2024-06-18 19:41:41,506 [data_manager.py] => [68, 56, 78, 8, 23, 84, 90, 65, 74, 76, 40, 89, 3, 92, 55, 9, 26, 80, 43, 38, 58, 70, 77, 1, 85, 19, 17, 50, 28, 53, 13, 81, 45, 82, 6, 59, 83, 16, 15, 44, 91, 41, 72, 60, 79, 52, 20, 10, 31, 54, 37, 95, 14, 71, 96, 98, 97, 2, 64, 66, 42, 22, 35, 86, 24, 34, 87, 21, 99, 0, 88, 27, 18, 94, 11, 12, 47, 25, 30, 46, 62, 69, 36, 61, 7, 63, 75, 5, 32, 4, 51, 48, 73, 93, 39, 67, 29, 49, 57, 33]
2024-06-18 19:41:41,732 [fecam.py] => Learning on 0-40
2024-06-18 19:42:20,160 [fecam.py] => Task 0, Epoch 1/200 => Loss 3.507, Train_accy 7.20, Test_accy 12.48
2024-06-18 19:42:22,996 [fecam.py] => Task 0, Epoch 2/200 => Loss 3.218, Train_accy 13.16
2024-06-18 19:42:25,807 [fecam.py] => Task 0, Epoch 3/200 => Loss 3.029, Train_accy 17.59
2024-06-18 19:42:28,614 [fecam.py] => Task 0, Epoch 4/200 => Loss 2.798, Train_accy 22.41
2024-06-18 19:42:31,411 [fecam.py] => Task 0, Epoch 5/200 => Loss 2.580, Train_accy 28.10
2024-06-18 19:42:35,080 [fecam.py] => Task 0, Epoch 6/200 => Loss 2.405, Train_accy 32.32, Test_accy 32.00
2024-06-18 19:42:37,925 [fecam.py] => Task 0, Epoch 7/200 => Loss 2.266, Train_accy 36.27
2024-06-18 19:42:40,804 [fecam.py] => Task 0, Epoch 8/200 => Loss 2.104, Train_accy 40.36
2024-06-18 19:42:43,689 [fecam.py] => Task 0, Epoch 9/200 => Loss 1.966, Train_accy 43.96
2024-06-18 19:42:46,563 [fecam.py] => Task 0, Epoch 10/200 => Loss 1.844, Train_accy 47.12
2024-06-18 19:42:50,278 [fecam.py] => Task 0, Epoch 11/200 => Loss 1.752, Train_accy 49.58, Test_accy 53.38
2024-06-18 19:42:53,151 [fecam.py] => Task 0, Epoch 12/200 => Loss 1.659, Train_accy 51.93
2024-06-18 19:42:56,039 [fecam.py] => Task 0, Epoch 13/200 => Loss 1.604, Train_accy 53.50
2024-06-18 19:42:58,930 [fecam.py] => Task 0, Epoch 14/200 => Loss 1.543, Train_accy 55.45
2024-06-18 19:43:01,817 [fecam.py] => Task 0, Epoch 15/200 => Loss 1.507, Train_accy 56.20
2024-06-18 19:43:05,559 [fecam.py] => Task 0, Epoch 16/200 => Loss 1.461, Train_accy 57.60, Test_accy 55.88
2024-06-18 19:43:08,433 [fecam.py] => Task 0, Epoch 17/200 => Loss 1.425, Train_accy 58.41
2024-06-18 19:43:11,310 [fecam.py] => Task 0, Epoch 18/200 => Loss 1.383, Train_accy 59.84
2024-06-18 19:43:14,191 [fecam.py] => Task 0, Epoch 19/200 => Loss 1.375, Train_accy 60.50
2024-06-18 19:43:17,082 [fecam.py] => Task 0, Epoch 20/200 => Loss 1.334, Train_accy 61.42
2024-06-18 19:43:20,771 [fecam.py] => Task 0, Epoch 21/200 => Loss 1.320, Train_accy 61.54, Test_accy 58.70
2024-06-18 19:43:23,646 [fecam.py] => Task 0, Epoch 22/200 => Loss 1.297, Train_accy 62.08
2024-06-18 19:43:26,505 [fecam.py] => Task 0, Epoch 23/200 => Loss 1.278, Train_accy 62.75
2024-06-18 19:43:29,374 [fecam.py] => Task 0, Epoch 24/200 => Loss 1.268, Train_accy 63.30
2024-06-18 19:43:32,244 [fecam.py] => Task 0, Epoch 25/200 => Loss 1.232, Train_accy 64.33
2024-06-18 19:43:35,989 [fecam.py] => Task 0, Epoch 26/200 => Loss 1.217, Train_accy 64.60, Test_accy 57.50
2024-06-18 19:43:38,863 [fecam.py] => Task 0, Epoch 27/200 => Loss 1.206, Train_accy 64.85
2024-06-18 19:43:41,749 [fecam.py] => Task 0, Epoch 28/200 => Loss 1.200, Train_accy 65.50
2024-06-18 19:43:44,630 [fecam.py] => Task 0, Epoch 29/200 => Loss 1.173, Train_accy 65.87
2024-06-18 19:43:47,499 [fecam.py] => Task 0, Epoch 30/200 => Loss 1.166, Train_accy 66.10
2024-06-18 19:43:51,222 [fecam.py] => Task 0, Epoch 31/200 => Loss 1.129, Train_accy 66.86, Test_accy 60.58
2024-06-18 19:43:54,106 [fecam.py] => Task 0, Epoch 32/200 => Loss 1.134, Train_accy 67.00
2024-06-18 19:43:57,000 [fecam.py] => Task 0, Epoch 33/200 => Loss 1.133, Train_accy 67.26
2024-06-18 19:43:59,878 [fecam.py] => Task 0, Epoch 34/200 => Loss 1.102, Train_accy 67.91
2024-06-18 19:44:02,761 [fecam.py] => Task 0, Epoch 35/200 => Loss 1.100, Train_accy 67.85
2024-06-18 19:44:06,498 [fecam.py] => Task 0, Epoch 36/200 => Loss 1.067, Train_accy 68.62, Test_accy 59.12
2024-06-18 19:44:09,378 [fecam.py] => Task 0, Epoch 37/200 => Loss 1.082, Train_accy 68.66
2024-06-18 19:44:12,247 [fecam.py] => Task 0, Epoch 38/200 => Loss 1.084, Train_accy 68.61
2024-06-18 19:44:15,128 [fecam.py] => Task 0, Epoch 39/200 => Loss 1.078, Train_accy 68.73
2024-06-18 19:44:18,029 [fecam.py] => Task 0, Epoch 40/200 => Loss 1.052, Train_accy 69.33
2024-06-18 19:44:21,746 [fecam.py] => Task 0, Epoch 41/200 => Loss 1.030, Train_accy 70.19, Test_accy 62.48
2024-06-18 19:44:24,618 [fecam.py] => Task 0, Epoch 42/200 => Loss 1.029, Train_accy 69.89
2024-06-18 19:44:27,506 [fecam.py] => Task 0, Epoch 43/200 => Loss 1.024, Train_accy 70.32
2024-06-18 19:44:30,389 [fecam.py] => Task 0, Epoch 44/200 => Loss 1.017, Train_accy 70.36
2024-06-18 19:44:33,279 [fecam.py] => Task 0, Epoch 45/200 => Loss 1.014, Train_accy 70.13
2024-06-18 19:44:37,004 [fecam.py] => Task 0, Epoch 46/200 => Loss 1.022, Train_accy 70.18, Test_accy 69.70
2024-06-18 19:44:39,877 [fecam.py] => Task 0, Epoch 47/200 => Loss 0.985, Train_accy 71.18
2024-06-18 19:44:42,778 [fecam.py] => Task 0, Epoch 48/200 => Loss 0.974, Train_accy 71.76
2024-06-18 19:44:45,666 [fecam.py] => Task 0, Epoch 49/200 => Loss 0.974, Train_accy 71.36
2024-06-18 19:44:48,542 [fecam.py] => Task 0, Epoch 50/200 => Loss 0.960, Train_accy 71.81
2024-06-18 19:44:52,272 [fecam.py] => Task 0, Epoch 51/200 => Loss 0.958, Train_accy 72.04, Test_accy 66.30
2024-06-18 19:44:55,159 [fecam.py] => Task 0, Epoch 52/200 => Loss 0.963, Train_accy 71.92
2024-06-18 19:44:58,066 [fecam.py] => Task 0, Epoch 53/200 => Loss 0.940, Train_accy 72.60
2024-06-18 19:45:00,949 [fecam.py] => Task 0, Epoch 54/200 => Loss 0.951, Train_accy 72.49
2024-06-18 19:45:03,835 [fecam.py] => Task 0, Epoch 55/200 => Loss 0.946, Train_accy 72.14
2024-06-18 19:45:07,558 [fecam.py] => Task 0, Epoch 56/200 => Loss 0.938, Train_accy 72.97, Test_accy 61.65
2024-06-18 19:45:10,450 [fecam.py] => Task 0, Epoch 57/200 => Loss 0.944, Train_accy 72.36
2024-06-18 19:45:13,363 [fecam.py] => Task 0, Epoch 58/200 => Loss 0.926, Train_accy 72.89
2024-06-18 19:45:16,282 [fecam.py] => Task 0, Epoch 59/200 => Loss 0.924, Train_accy 72.82
2024-06-18 19:45:19,173 [fecam.py] => Task 0, Epoch 60/200 => Loss 0.908, Train_accy 73.54
2024-06-18 19:45:22,880 [fecam.py] => Task 0, Epoch 61/200 => Loss 0.902, Train_accy 73.82, Test_accy 69.08
2024-06-18 19:45:25,758 [fecam.py] => Task 0, Epoch 62/200 => Loss 0.892, Train_accy 73.69
2024-06-18 19:45:28,642 [fecam.py] => Task 0, Epoch 63/200 => Loss 0.884, Train_accy 74.09
2024-06-18 19:45:31,516 [fecam.py] => Task 0, Epoch 64/200 => Loss 0.892, Train_accy 73.92
2024-06-18 19:45:34,392 [fecam.py] => Task 0, Epoch 65/200 => Loss 0.866, Train_accy 74.64
2024-06-18 19:45:38,116 [fecam.py] => Task 0, Epoch 66/200 => Loss 0.890, Train_accy 74.00, Test_accy 67.03
2024-06-18 19:45:41,002 [fecam.py] => Task 0, Epoch 67/200 => Loss 0.866, Train_accy 74.60
2024-06-18 19:45:43,884 [fecam.py] => Task 0, Epoch 68/200 => Loss 0.845, Train_accy 75.06
2024-06-18 19:45:46,784 [fecam.py] => Task 0, Epoch 69/200 => Loss 0.839, Train_accy 75.64
2024-06-18 19:45:49,685 [fecam.py] => Task 0, Epoch 70/200 => Loss 0.847, Train_accy 75.30
2024-06-18 19:45:53,417 [fecam.py] => Task 0, Epoch 71/200 => Loss 0.844, Train_accy 75.66, Test_accy 71.10
2024-06-18 19:45:56,296 [fecam.py] => Task 0, Epoch 72/200 => Loss 0.847, Train_accy 75.17
2024-06-18 19:45:59,190 [fecam.py] => Task 0, Epoch 73/200 => Loss 0.813, Train_accy 76.26
2024-06-18 19:46:02,085 [fecam.py] => Task 0, Epoch 74/200 => Loss 0.813, Train_accy 76.42
2024-06-18 19:46:04,980 [fecam.py] => Task 0, Epoch 75/200 => Loss 0.809, Train_accy 76.54
2024-06-18 19:46:08,711 [fecam.py] => Task 0, Epoch 76/200 => Loss 0.800, Train_accy 76.52, Test_accy 69.97
2024-06-18 19:46:11,626 [fecam.py] => Task 0, Epoch 77/200 => Loss 0.828, Train_accy 76.14
2024-06-18 19:46:14,511 [fecam.py] => Task 0, Epoch 78/200 => Loss 0.774, Train_accy 77.46
2024-06-18 19:46:17,405 [fecam.py] => Task 0, Epoch 79/200 => Loss 0.797, Train_accy 76.86
2024-06-18 19:46:20,320 [fecam.py] => Task 0, Epoch 80/200 => Loss 0.781, Train_accy 77.34
2024-06-18 19:46:24,033 [fecam.py] => Task 0, Epoch 81/200 => Loss 0.776, Train_accy 77.24, Test_accy 69.72
2024-06-18 19:46:26,923 [fecam.py] => Task 0, Epoch 82/200 => Loss 0.778, Train_accy 77.16
2024-06-18 19:46:29,826 [fecam.py] => Task 0, Epoch 83/200 => Loss 0.762, Train_accy 77.76
2024-06-18 19:46:32,727 [fecam.py] => Task 0, Epoch 84/200 => Loss 0.764, Train_accy 77.56
2024-06-18 19:46:35,624 [fecam.py] => Task 0, Epoch 85/200 => Loss 0.751, Train_accy 77.97
2024-06-18 19:46:39,343 [fecam.py] => Task 0, Epoch 86/200 => Loss 0.727, Train_accy 78.67, Test_accy 73.35
2024-06-18 19:46:42,230 [fecam.py] => Task 0, Epoch 87/200 => Loss 0.742, Train_accy 78.43
2024-06-18 19:46:45,126 [fecam.py] => Task 0, Epoch 88/200 => Loss 0.734, Train_accy 78.54
2024-06-18 19:46:48,010 [fecam.py] => Task 0, Epoch 89/200 => Loss 0.716, Train_accy 79.05
2024-06-18 19:46:50,895 [fecam.py] => Task 0, Epoch 90/200 => Loss 0.720, Train_accy 78.97
2024-06-18 19:46:54,615 [fecam.py] => Task 0, Epoch 91/200 => Loss 0.715, Train_accy 79.08, Test_accy 72.18
2024-06-18 19:46:57,503 [fecam.py] => Task 0, Epoch 92/200 => Loss 0.710, Train_accy 79.33
2024-06-18 19:47:00,405 [fecam.py] => Task 0, Epoch 93/200 => Loss 0.709, Train_accy 79.11
2024-06-18 19:47:03,289 [fecam.py] => Task 0, Epoch 94/200 => Loss 0.692, Train_accy 79.77
2024-06-18 19:47:06,202 [fecam.py] => Task 0, Epoch 95/200 => Loss 0.692, Train_accy 79.54
2024-06-18 19:47:09,920 [fecam.py] => Task 0, Epoch 96/200 => Loss 0.681, Train_accy 80.22, Test_accy 71.58
2024-06-18 19:47:12,817 [fecam.py] => Task 0, Epoch 97/200 => Loss 0.682, Train_accy 80.11
2024-06-18 19:47:15,699 [fecam.py] => Task 0, Epoch 98/200 => Loss 0.662, Train_accy 80.47
2024-06-18 19:47:18,583 [fecam.py] => Task 0, Epoch 99/200 => Loss 0.674, Train_accy 80.10
2024-06-18 19:47:21,459 [fecam.py] => Task 0, Epoch 100/200 => Loss 0.650, Train_accy 81.02
2024-06-18 19:47:25,207 [fecam.py] => Task 0, Epoch 101/200 => Loss 0.652, Train_accy 81.10, Test_accy 74.42
2024-06-18 19:47:28,087 [fecam.py] => Task 0, Epoch 102/200 => Loss 0.644, Train_accy 81.19
2024-06-18 19:47:30,989 [fecam.py] => Task 0, Epoch 103/200 => Loss 0.635, Train_accy 81.50
2024-06-18 19:47:33,889 [fecam.py] => Task 0, Epoch 104/200 => Loss 0.666, Train_accy 80.67
2024-06-18 19:47:36,780 [fecam.py] => Task 0, Epoch 105/200 => Loss 0.603, Train_accy 82.42
2024-06-18 19:47:40,505 [fecam.py] => Task 0, Epoch 106/200 => Loss 0.630, Train_accy 81.69, Test_accy 74.32
2024-06-18 19:47:43,394 [fecam.py] => Task 0, Epoch 107/200 => Loss 0.621, Train_accy 82.06
2024-06-18 19:47:46,275 [fecam.py] => Task 0, Epoch 108/200 => Loss 0.608, Train_accy 82.32
2024-06-18 19:47:49,150 [fecam.py] => Task 0, Epoch 109/200 => Loss 0.590, Train_accy 83.04
2024-06-18 19:47:52,025 [fecam.py] => Task 0, Epoch 110/200 => Loss 0.590, Train_accy 82.81
2024-06-18 19:47:55,742 [fecam.py] => Task 0, Epoch 111/200 => Loss 0.582, Train_accy 82.72, Test_accy 75.88
2024-06-18 19:47:58,630 [fecam.py] => Task 0, Epoch 112/200 => Loss 0.551, Train_accy 84.04
2024-06-18 19:48:01,508 [fecam.py] => Task 0, Epoch 113/200 => Loss 0.567, Train_accy 83.48
2024-06-18 19:48:04,416 [fecam.py] => Task 0, Epoch 114/200 => Loss 0.565, Train_accy 83.70
2024-06-18 19:48:07,294 [fecam.py] => Task 0, Epoch 115/200 => Loss 0.555, Train_accy 83.82
2024-06-18 19:48:11,034 [fecam.py] => Task 0, Epoch 116/200 => Loss 0.538, Train_accy 84.42, Test_accy 75.85
2024-06-18 19:48:13,932 [fecam.py] => Task 0, Epoch 117/200 => Loss 0.534, Train_accy 84.35
2024-06-18 19:48:16,822 [fecam.py] => Task 0, Epoch 118/200 => Loss 0.519, Train_accy 84.88
2024-06-18 19:48:19,715 [fecam.py] => Task 0, Epoch 119/200 => Loss 0.514, Train_accy 85.24
2024-06-18 19:48:22,599 [fecam.py] => Task 0, Epoch 120/200 => Loss 0.508, Train_accy 85.44
2024-06-18 19:48:26,314 [fecam.py] => Task 0, Epoch 121/200 => Loss 0.487, Train_accy 85.88, Test_accy 75.30
2024-06-18 19:48:29,213 [fecam.py] => Task 0, Epoch 122/200 => Loss 0.496, Train_accy 85.65
2024-06-18 19:48:32,105 [fecam.py] => Task 0, Epoch 123/200 => Loss 0.484, Train_accy 85.90
2024-06-18 19:48:35,003 [fecam.py] => Task 0, Epoch 124/200 => Loss 0.469, Train_accy 86.42
2024-06-18 19:48:37,897 [fecam.py] => Task 0, Epoch 125/200 => Loss 0.467, Train_accy 86.34
2024-06-18 19:48:41,628 [fecam.py] => Task 0, Epoch 126/200 => Loss 0.463, Train_accy 86.82, Test_accy 76.30
2024-06-18 19:48:44,525 [fecam.py] => Task 0, Epoch 127/200 => Loss 0.470, Train_accy 86.38
2024-06-18 19:48:47,421 [fecam.py] => Task 0, Epoch 128/200 => Loss 0.453, Train_accy 86.74
2024-06-18 19:48:50,304 [fecam.py] => Task 0, Epoch 129/200 => Loss 0.448, Train_accy 86.99
2024-06-18 19:48:53,208 [fecam.py] => Task 0, Epoch 130/200 => Loss 0.452, Train_accy 86.88
2024-06-18 19:48:56,924 [fecam.py] => Task 0, Epoch 131/200 => Loss 0.443, Train_accy 87.30, Test_accy 77.38
2024-06-18 19:48:59,812 [fecam.py] => Task 0, Epoch 132/200 => Loss 0.431, Train_accy 87.50
2024-06-18 19:49:02,704 [fecam.py] => Task 0, Epoch 133/200 => Loss 0.417, Train_accy 87.95
2024-06-18 19:49:05,600 [fecam.py] => Task 0, Epoch 134/200 => Loss 0.420, Train_accy 87.78
2024-06-18 19:49:08,482 [fecam.py] => Task 0, Epoch 135/200 => Loss 0.394, Train_accy 88.50
2024-06-18 19:49:12,211 [fecam.py] => Task 0, Epoch 136/200 => Loss 0.384, Train_accy 89.00, Test_accy 77.47
2024-06-18 19:49:15,123 [fecam.py] => Task 0, Epoch 137/200 => Loss 0.379, Train_accy 89.24
2024-06-18 19:49:18,016 [fecam.py] => Task 0, Epoch 138/200 => Loss 0.368, Train_accy 89.33
2024-06-18 19:49:20,891 [fecam.py] => Task 0, Epoch 139/200 => Loss 0.371, Train_accy 89.26
2024-06-18 19:49:23,783 [fecam.py] => Task 0, Epoch 140/200 => Loss 0.365, Train_accy 89.40
2024-06-18 19:49:27,512 [fecam.py] => Task 0, Epoch 141/200 => Loss 0.360, Train_accy 89.68, Test_accy 78.22
2024-06-18 19:49:30,399 [fecam.py] => Task 0, Epoch 142/200 => Loss 0.363, Train_accy 89.66
2024-06-18 19:49:33,302 [fecam.py] => Task 0, Epoch 143/200 => Loss 0.351, Train_accy 90.09
2024-06-18 19:49:36,182 [fecam.py] => Task 0, Epoch 144/200 => Loss 0.344, Train_accy 90.27
2024-06-18 19:49:39,079 [fecam.py] => Task 0, Epoch 145/200 => Loss 0.339, Train_accy 90.34
2024-06-18 19:49:42,803 [fecam.py] => Task 0, Epoch 146/200 => Loss 0.331, Train_accy 90.63, Test_accy 79.90
2024-06-18 19:49:45,690 [fecam.py] => Task 0, Epoch 147/200 => Loss 0.320, Train_accy 90.84
2024-06-18 19:49:48,572 [fecam.py] => Task 0, Epoch 148/200 => Loss 0.320, Train_accy 90.92
2024-06-18 19:49:51,476 [fecam.py] => Task 0, Epoch 149/200 => Loss 0.300, Train_accy 91.38
2024-06-18 19:49:54,374 [fecam.py] => Task 0, Epoch 150/200 => Loss 0.297, Train_accy 91.66
2024-06-18 19:49:58,118 [fecam.py] => Task 0, Epoch 151/200 => Loss 0.293, Train_accy 91.86, Test_accy 80.62
2024-06-18 19:50:01,011 [fecam.py] => Task 0, Epoch 152/200 => Loss 0.288, Train_accy 91.90
2024-06-18 19:50:03,914 [fecam.py] => Task 0, Epoch 153/200 => Loss 0.282, Train_accy 92.02
2024-06-18 19:50:06,800 [fecam.py] => Task 0, Epoch 154/200 => Loss 0.288, Train_accy 91.90
2024-06-18 19:50:09,681 [fecam.py] => Task 0, Epoch 155/200 => Loss 0.275, Train_accy 92.16
2024-06-18 19:50:13,382 [fecam.py] => Task 0, Epoch 156/200 => Loss 0.277, Train_accy 92.34, Test_accy 82.02
2024-06-18 19:50:16,267 [fecam.py] => Task 0, Epoch 157/200 => Loss 0.255, Train_accy 92.88
2024-06-18 19:50:19,155 [fecam.py] => Task 0, Epoch 158/200 => Loss 0.247, Train_accy 92.96
2024-06-18 19:50:22,042 [fecam.py] => Task 0, Epoch 159/200 => Loss 0.245, Train_accy 93.06
2024-06-18 19:50:24,923 [fecam.py] => Task 0, Epoch 160/200 => Loss 0.240, Train_accy 93.16
2024-06-18 19:50:28,635 [fecam.py] => Task 0, Epoch 161/200 => Loss 0.235, Train_accy 93.36, Test_accy 82.98
2024-06-18 19:50:31,515 [fecam.py] => Task 0, Epoch 162/200 => Loss 0.228, Train_accy 93.70
2024-06-18 19:50:34,407 [fecam.py] => Task 0, Epoch 163/200 => Loss 0.221, Train_accy 94.04
2024-06-18 19:50:37,293 [fecam.py] => Task 0, Epoch 164/200 => Loss 0.222, Train_accy 93.86
2024-06-18 19:50:40,190 [fecam.py] => Task 0, Epoch 165/200 => Loss 0.219, Train_accy 93.72
2024-06-18 19:50:43,903 [fecam.py] => Task 0, Epoch 166/200 => Loss 0.211, Train_accy 94.17, Test_accy 82.78
2024-06-18 19:50:46,773 [fecam.py] => Task 0, Epoch 167/200 => Loss 0.204, Train_accy 94.35
2024-06-18 19:50:49,650 [fecam.py] => Task 0, Epoch 168/200 => Loss 0.195, Train_accy 94.54
2024-06-18 19:50:52,544 [fecam.py] => Task 0, Epoch 169/200 => Loss 0.194, Train_accy 94.52
2024-06-18 19:50:55,422 [fecam.py] => Task 0, Epoch 170/200 => Loss 0.184, Train_accy 94.86
2024-06-18 19:50:59,122 [fecam.py] => Task 0, Epoch 171/200 => Loss 0.190, Train_accy 94.77, Test_accy 83.22
2024-06-18 19:51:02,000 [fecam.py] => Task 0, Epoch 172/200 => Loss 0.188, Train_accy 94.79
2024-06-18 19:51:04,900 [fecam.py] => Task 0, Epoch 173/200 => Loss 0.181, Train_accy 94.94
2024-06-18 19:51:07,784 [fecam.py] => Task 0, Epoch 174/200 => Loss 0.176, Train_accy 95.12
2024-06-18 19:51:10,687 [fecam.py] => Task 0, Epoch 175/200 => Loss 0.188, Train_accy 94.81
2024-06-18 19:51:14,401 [fecam.py] => Task 0, Epoch 176/200 => Loss 0.172, Train_accy 95.40, Test_accy 83.58
2024-06-18 19:51:17,278 [fecam.py] => Task 0, Epoch 177/200 => Loss 0.165, Train_accy 95.32
2024-06-18 19:51:20,171 [fecam.py] => Task 0, Epoch 178/200 => Loss 0.170, Train_accy 95.28
2024-06-18 19:51:23,065 [fecam.py] => Task 0, Epoch 179/200 => Loss 0.168, Train_accy 95.26
2024-06-18 19:51:25,957 [fecam.py] => Task 0, Epoch 180/200 => Loss 0.161, Train_accy 95.58
2024-06-18 19:51:29,692 [fecam.py] => Task 0, Epoch 181/200 => Loss 0.158, Train_accy 95.70, Test_accy 84.12
2024-06-18 19:51:32,589 [fecam.py] => Task 0, Epoch 182/200 => Loss 0.159, Train_accy 95.66
2024-06-18 19:51:35,482 [fecam.py] => Task 0, Epoch 183/200 => Loss 0.156, Train_accy 95.76
2024-06-18 19:51:38,357 [fecam.py] => Task 0, Epoch 184/200 => Loss 0.148, Train_accy 95.84
2024-06-18 19:51:41,262 [fecam.py] => Task 0, Epoch 185/200 => Loss 0.155, Train_accy 95.64
2024-06-18 19:51:44,986 [fecam.py] => Task 0, Epoch 186/200 => Loss 0.154, Train_accy 95.73, Test_accy 84.20
2024-06-18 19:51:47,870 [fecam.py] => Task 0, Epoch 187/200 => Loss 0.147, Train_accy 95.97
2024-06-18 19:51:50,771 [fecam.py] => Task 0, Epoch 188/200 => Loss 0.146, Train_accy 95.96
2024-06-18 19:51:53,664 [fecam.py] => Task 0, Epoch 189/200 => Loss 0.139, Train_accy 96.20
2024-06-18 19:51:56,558 [fecam.py] => Task 0, Epoch 190/200 => Loss 0.142, Train_accy 96.14
2024-06-18 19:52:00,275 [fecam.py] => Task 0, Epoch 191/200 => Loss 0.133, Train_accy 96.36, Test_accy 84.25
2024-06-18 19:52:03,189 [fecam.py] => Task 0, Epoch 192/200 => Loss 0.143, Train_accy 96.19
2024-06-18 19:52:06,080 [fecam.py] => Task 0, Epoch 193/200 => Loss 0.137, Train_accy 96.27
2024-06-18 19:52:08,990 [fecam.py] => Task 0, Epoch 194/200 => Loss 0.138, Train_accy 96.20
2024-06-18 19:52:11,886 [fecam.py] => Task 0, Epoch 195/200 => Loss 0.143, Train_accy 96.12
2024-06-18 19:52:15,600 [fecam.py] => Task 0, Epoch 196/200 => Loss 0.155, Train_accy 95.83, Test_accy 84.18
2024-06-18 19:52:18,487 [fecam.py] => Task 0, Epoch 197/200 => Loss 0.138, Train_accy 96.18
2024-06-18 19:52:21,379 [fecam.py] => Task 0, Epoch 198/200 => Loss 0.141, Train_accy 96.22
2024-06-18 19:52:24,275 [fecam.py] => Task 0, Epoch 199/200 => Loss 0.138, Train_accy 96.24
2024-06-18 19:52:27,169 [fecam.py] => Task 0, Epoch 200/200 => Loss 0.140, Train_accy 96.18
2024-06-18 19:53:05,655 [trainer.py] => CNN: {'total': 84.2, '00-09': 88.1, '10-19': 79.6, '20-29': 85.4, '30-39': 83.7, 'old': 0, 'new': 84.2}
2024-06-18 19:53:05,656 [trainer.py] => No NME accuracy
2024-06-18 19:53:05,656 [trainer.py] => FeCAM: {'total': 84.2, '00-09': 88.1, '10-19': 79.6, '20-29': 85.4, '30-39': 83.7, 'old': 0, 'new': 84.2}
2024-06-18 19:53:05,656 [trainer.py] => CNN top1 curve: [84.2]
2024-06-18 19:53:05,656 [trainer.py] => CNN top5 curve: [97.22]
2024-06-18 19:53:05,656 [trainer.py] => FeCAM top1 curve: [84.2]
2024-06-18 19:53:05,656 [trainer.py] => FeCAM top5 curve: [97.22]

2024-06-18 19:53:05,659 [fecam.py] => Learning on 40-43
2024-06-18 19:53:13,625 [trainer.py] => CNN: {'total': 79.19, '00-09': 85.9, '10-19': 72.6, '20-29': 82.7, '30-39': 81.2, '40-49': 60.33, 'old': 80.6, 'new': 60.33}
2024-06-18 19:53:13,625 [trainer.py] => No NME accuracy
2024-06-18 19:53:13,625 [trainer.py] => FeCAM: {'total': 81.74, '00-09': 86.8, '10-19': 78.2, '20-29': 84.8, '30-39': 82.8, '40-49': 63.0, 'old': 83.15, 'new': 63.0}
2024-06-18 19:53:13,625 [trainer.py] => CNN top1 curve: [84.2, 79.19]
2024-06-18 19:53:13,625 [trainer.py] => CNN top5 curve: [97.22, 94.05]
2024-06-18 19:53:13,625 [trainer.py] => FeCAM top1 curve: [84.2, 81.74]
2024-06-18 19:53:13,625 [trainer.py] => FeCAM top5 curve: [97.22, 95.56]

2024-06-18 19:53:13,628 [fecam.py] => Learning on 43-46
2024-06-18 19:53:21,605 [trainer.py] => CNN: {'total': 75.8, '00-09': 82.5, '10-19': 71.9, '20-29': 82.1, '30-39': 71.0, '40-49': 68.67, 'old': 75.63, 'new': 78.33}
2024-06-18 19:53:21,606 [trainer.py] => No NME accuracy
2024-06-18 19:53:21,606 [trainer.py] => FeCAM: {'total': 80.24, '00-09': 86.2, '10-19': 77.7, '20-29': 84.7, '30-39': 80.5, '40-49': 66.67, 'old': 80.91, 'new': 70.67}
2024-06-18 19:53:21,606 [trainer.py] => CNN top1 curve: [84.2, 79.19, 75.8]
2024-06-18 19:53:21,606 [trainer.py] => CNN top5 curve: [97.22, 94.05, 92.59]
2024-06-18 19:53:21,606 [trainer.py] => FeCAM top1 curve: [84.2, 81.74, 80.24]
2024-06-18 19:53:21,606 [trainer.py] => FeCAM top5 curve: [97.22, 95.56, 95.39]

2024-06-18 19:53:21,609 [fecam.py] => Learning on 46-49
2024-06-18 19:53:29,794 [trainer.py] => CNN: {'total': 71.69, '00-09': 74.0, '10-19': 69.6, '20-29': 79.6, '30-39': 70.0, '40-49': 64.56, 'old': 72.28, 'new': 62.67}
2024-06-18 19:53:29,794 [trainer.py] => No NME accuracy
2024-06-18 19:53:29,795 [trainer.py] => FeCAM: {'total': 78.22, '00-09': 85.9, '10-19': 76.0, '20-29': 83.4, '30-39': 79.1, '40-49': 65.44, 'old': 79.13, 'new': 64.33}
2024-06-18 19:53:29,795 [trainer.py] => CNN top1 curve: [84.2, 79.19, 75.8, 71.69]
2024-06-18 19:53:29,795 [trainer.py] => CNN top5 curve: [97.22, 94.05, 92.59, 91.86]
2024-06-18 19:53:29,795 [trainer.py] => FeCAM top1 curve: [84.2, 81.74, 80.24, 78.22]
2024-06-18 19:53:29,795 [trainer.py] => FeCAM top5 curve: [97.22, 95.56, 95.39, 94.92]

2024-06-18 19:53:29,798 [fecam.py] => Learning on 49-52
2024-06-18 19:53:38,738 [trainer.py] => CNN: {'total': 68.56, '00-09': 73.5, '10-19': 66.5, '20-29': 75.0, '30-39': 69.2, '40-49': 61.2, '50-59': 55.5, 'old': 69.29, 'new': 56.67}
2024-06-18 19:53:38,738 [trainer.py] => No NME accuracy
2024-06-18 19:53:38,738 [trainer.py] => FeCAM: {'total': 76.46, '00-09': 85.4, '10-19': 74.9, '20-29': 81.7, '30-39': 78.8, '40-49': 64.0, '50-59': 64.0, 'old': 77.22, 'new': 64.0}
2024-06-18 19:53:38,738 [trainer.py] => CNN top1 curve: [84.2, 79.19, 75.8, 71.69, 68.56]
2024-06-18 19:53:38,738 [trainer.py] => CNN top5 curve: [97.22, 94.05, 92.59, 91.86, 91.13]
2024-06-18 19:53:38,738 [trainer.py] => FeCAM top1 curve: [84.2, 81.74, 80.24, 78.22, 76.46]
2024-06-18 19:53:38,738 [trainer.py] => FeCAM top5 curve: [97.22, 95.56, 95.39, 94.92, 94.27]

2024-06-18 19:53:38,742 [fecam.py] => Learning on 52-55
2024-06-18 19:53:47,821 [trainer.py] => CNN: {'total': 65.11, '00-09': 66.1, '10-19': 66.5, '20-29': 74.3, '30-39': 68.6, '40-49': 54.7, '50-59': 55.8, 'old': 65.6, 'new': 56.67}
2024-06-18 19:53:47,821 [trainer.py] => No NME accuracy
2024-06-18 19:53:47,821 [trainer.py] => FeCAM: {'total': 74.8, '00-09': 84.9, '10-19': 74.9, '20-29': 81.4, '30-39': 77.9, '40-49': 61.1, '50-59': 62.4, 'old': 75.56, 'new': 61.67}
2024-06-18 19:53:47,821 [trainer.py] => CNN top1 curve: [84.2, 79.19, 75.8, 71.69, 68.56, 65.11]
2024-06-18 19:53:47,821 [trainer.py] => CNN top5 curve: [97.22, 94.05, 92.59, 91.86, 91.13, 90.55]
2024-06-18 19:53:47,821 [trainer.py] => FeCAM top1 curve: [84.2, 81.74, 80.24, 78.22, 76.46, 74.8]
2024-06-18 19:53:47,821 [trainer.py] => FeCAM top5 curve: [97.22, 95.56, 95.39, 94.92, 94.27, 93.55]

2024-06-18 19:53:47,825 [fecam.py] => Learning on 55-58
2024-06-18 19:53:57,183 [trainer.py] => CNN: {'total': 63.26, '00-09': 65.5, '10-19': 65.5, '20-29': 73.8, '30-39': 68.3, '40-49': 52.8, '50-59': 51.25, 'old': 64.2, 'new': 46.0}
2024-06-18 19:53:57,183 [trainer.py] => No NME accuracy
2024-06-18 19:53:57,183 [trainer.py] => FeCAM: {'total': 73.17, '00-09': 84.3, '10-19': 73.8, '20-29': 81.1, '30-39': 77.5, '40-49': 58.9, '50-59': 61.0, 'old': 73.89, 'new': 60.0}
2024-06-18 19:53:57,183 [trainer.py] => CNN top1 curve: [84.2, 79.19, 75.8, 71.69, 68.56, 65.11, 63.26]
2024-06-18 19:53:57,183 [trainer.py] => CNN top5 curve: [97.22, 94.05, 92.59, 91.86, 91.13, 90.55, 88.52]
2024-06-18 19:53:57,183 [trainer.py] => FeCAM top1 curve: [84.2, 81.74, 80.24, 78.22, 76.46, 74.8, 73.17]
2024-06-18 19:53:57,183 [trainer.py] => FeCAM top5 curve: [97.22, 95.56, 95.39, 94.92, 94.27, 93.55, 91.84]

2024-06-18 19:53:57,187 [fecam.py] => Learning on 58-61
2024-06-18 19:54:06,675 [trainer.py] => CNN: {'total': 60.89, '00-09': 64.9, '10-19': 64.7, '20-29': 72.5, '30-39': 68.2, '40-49': 52.1, '50-59': 44.8, 'old': 62.31, 'new': 33.33}
2024-06-18 19:54:06,675 [trainer.py] => No NME accuracy
2024-06-18 19:54:06,675 [trainer.py] => FeCAM: {'total': 70.92, '00-09': 83.7, '10-19': 73.0, '20-29': 80.5, '30-39': 77.5, '40-49': 57.8, '50-59': 54.8, 'old': 72.4, 'new': 42.33}
2024-06-18 19:54:06,675 [trainer.py] => CNN top1 curve: [84.2, 79.19, 75.8, 71.69, 68.56, 65.11, 63.26, 60.89]
2024-06-18 19:54:06,675 [trainer.py] => CNN top5 curve: [97.22, 94.05, 92.59, 91.86, 91.13, 90.55, 88.52, 86.82]
2024-06-18 19:54:06,675 [trainer.py] => FeCAM top1 curve: [84.2, 81.74, 80.24, 78.22, 76.46, 74.8, 73.17, 70.92]
2024-06-18 19:54:06,675 [trainer.py] => FeCAM top5 curve: [97.22, 95.56, 95.39, 94.92, 94.27, 93.55, 91.84, 90.52]

2024-06-18 19:54:06,678 [fecam.py] => Learning on 61-64
2024-06-18 19:54:16,800 [trainer.py] => CNN: {'total': 58.97, '00-09': 64.8, '10-19': 64.6, '20-29': 72.5, '30-39': 66.9, '40-49': 50.8, '50-59': 42.9, '60-69': 37.25, 'old': 60.11, 'new': 35.67}
2024-06-18 19:54:16,801 [trainer.py] => No NME accuracy
2024-06-18 19:54:16,801 [trainer.py] => FeCAM: {'total': 69.31, '00-09': 83.5, '10-19': 72.9, '20-29': 80.2, '30-39': 77.1, '40-49': 57.1, '50-59': 52.8, '60-69': 50.0, 'old': 70.31, 'new': 49.0}
2024-06-18 19:54:16,801 [trainer.py] => CNN top1 curve: [84.2, 79.19, 75.8, 71.69, 68.56, 65.11, 63.26, 60.89, 58.97]
2024-06-18 19:54:16,801 [trainer.py] => CNN top5 curve: [97.22, 94.05, 92.59, 91.86, 91.13, 90.55, 88.52, 86.82, 85.53]
2024-06-18 19:54:16,801 [trainer.py] => FeCAM top1 curve: [84.2, 81.74, 80.24, 78.22, 76.46, 74.8, 73.17, 70.92, 69.31]
2024-06-18 19:54:16,801 [trainer.py] => FeCAM top5 curve: [97.22, 95.56, 95.39, 94.92, 94.27, 93.55, 91.84, 90.52, 89.56]

2024-06-18 19:54:16,805 [fecam.py] => Learning on 64-67
2024-06-18 19:54:27,388 [trainer.py] => CNN: {'total': 57.66, '00-09': 64.8, '10-19': 63.9, '20-29': 72.5, '30-39': 66.5, '40-49': 49.6, '50-59': 41.1, '60-69': 39.86, 'old': 58.17, 'new': 46.67}
2024-06-18 19:54:27,389 [trainer.py] => No NME accuracy
2024-06-18 19:54:27,389 [trainer.py] => FeCAM: {'total': 68.06, '00-09': 83.3, '10-19': 72.6, '20-29': 80.1, '30-39': 76.8, '40-49': 56.1, '50-59': 51.6, '60-69': 50.71, 'old': 68.61, 'new': 56.33}
2024-06-18 19:54:27,389 [trainer.py] => CNN top1 curve: [84.2, 79.19, 75.8, 71.69, 68.56, 65.11, 63.26, 60.89, 58.97, 57.66]
2024-06-18 19:54:27,389 [trainer.py] => CNN top5 curve: [97.22, 94.05, 92.59, 91.86, 91.13, 90.55, 88.52, 86.82, 85.53, 84.64]
2024-06-18 19:54:27,389 [trainer.py] => FeCAM top1 curve: [84.2, 81.74, 80.24, 78.22, 76.46, 74.8, 73.17, 70.92, 69.31, 68.06]
2024-06-18 19:54:27,389 [trainer.py] => FeCAM top5 curve: [97.22, 95.56, 95.39, 94.92, 94.27, 93.55, 91.84, 90.52, 89.56, 89.19]

2024-06-18 19:54:27,393 [fecam.py] => Learning on 67-70
2024-06-18 19:54:37,987 [trainer.py] => CNN: {'total': 56.16, '00-09': 60.9, '10-19': 63.4, '20-29': 70.9, '30-39': 65.2, '40-49': 48.7, '50-59': 40.0, '60-69': 44.0, 'old': 56.09, 'new': 57.67}
2024-06-18 19:54:37,988 [trainer.py] => No NME accuracy
2024-06-18 19:54:37,988 [trainer.py] => FeCAM: {'total': 67.17, '00-09': 82.9, '10-19': 72.2, '20-29': 79.9, '30-39': 76.8, '40-49': 55.7, '50-59': 50.8, '60-69': 51.9, 'old': 67.7, 'new': 55.33}
2024-06-18 19:54:37,988 [trainer.py] => CNN top1 curve: [84.2, 79.19, 75.8, 71.69, 68.56, 65.11, 63.26, 60.89, 58.97, 57.66, 56.16]
2024-06-18 19:54:37,988 [trainer.py] => CNN top5 curve: [97.22, 94.05, 92.59, 91.86, 91.13, 90.55, 88.52, 86.82, 85.53, 84.64, 84.11]
2024-06-18 19:54:37,988 [trainer.py] => FeCAM top1 curve: [84.2, 81.74, 80.24, 78.22, 76.46, 74.8, 73.17, 70.92, 69.31, 68.06, 67.17]
2024-06-18 19:54:37,988 [trainer.py] => FeCAM top5 curve: [97.22, 95.56, 95.39, 94.92, 94.27, 93.55, 91.84, 90.52, 89.56, 89.19, 88.77]

2024-06-18 19:54:37,991 [fecam.py] => Learning on 70-73
2024-06-18 19:54:48,687 [trainer.py] => CNN: {'total': 54.11, '00-09': 60.9, '10-19': 60.8, '20-29': 70.8, '30-39': 64.5, '40-49': 47.8, '50-59': 37.3, '60-69': 42.7, '70-79': 34.0, 'old': 54.97, 'new': 34.0}
2024-06-18 19:54:48,687 [trainer.py] => No NME accuracy
2024-06-18 19:54:48,687 [trainer.py] => FeCAM: {'total': 65.7, '00-09': 82.5, '10-19': 71.7, '20-29': 79.8, '30-39': 76.4, '40-49': 54.8, '50-59': 49.3, '60-69': 51.6, '70-79': 45.0, 'old': 66.59, 'new': 45.0}
2024-06-18 19:54:48,687 [trainer.py] => CNN top1 curve: [84.2, 79.19, 75.8, 71.69, 68.56, 65.11, 63.26, 60.89, 58.97, 57.66, 56.16, 54.11]
2024-06-18 19:54:48,687 [trainer.py] => CNN top5 curve: [97.22, 94.05, 92.59, 91.86, 91.13, 90.55, 88.52, 86.82, 85.53, 84.64, 84.11, 82.96]
2024-06-18 19:54:48,687 [trainer.py] => FeCAM top1 curve: [84.2, 81.74, 80.24, 78.22, 76.46, 74.8, 73.17, 70.92, 69.31, 68.06, 67.17, 65.7]
2024-06-18 19:54:48,687 [trainer.py] => FeCAM top5 curve: [97.22, 95.56, 95.39, 94.92, 94.27, 93.55, 91.84, 90.52, 89.56, 89.19, 88.77, 88.01]

2024-06-18 19:54:48,691 [fecam.py] => Learning on 73-76
2024-06-18 19:55:00,023 [trainer.py] => CNN: {'total': 53.04, '00-09': 60.7, '10-19': 60.8, '20-29': 70.7, '30-39': 64.5, '40-49': 47.7, '50-59': 36.2, '60-69': 41.8, '70-79': 34.5, 'old': 53.78, 'new': 35.0}
2024-06-18 19:55:00,023 [trainer.py] => No NME accuracy
2024-06-18 19:55:00,023 [trainer.py] => FeCAM: {'total': 65.05, '00-09': 82.4, '10-19': 71.6, '20-29': 79.7, '30-39': 76.4, '40-49': 54.8, '50-59': 48.2, '60-69': 50.8, '70-79': 50.83, 'old': 65.4, 'new': 56.67}
2024-06-18 19:55:00,024 [trainer.py] => CNN top1 curve: [84.2, 79.19, 75.8, 71.69, 68.56, 65.11, 63.26, 60.89, 58.97, 57.66, 56.16, 54.11, 53.04]
2024-06-18 19:55:00,024 [trainer.py] => CNN top5 curve: [97.22, 94.05, 92.59, 91.86, 91.13, 90.55, 88.52, 86.82, 85.53, 84.64, 84.11, 82.96, 82.12]
2024-06-18 19:55:00,024 [trainer.py] => FeCAM top1 curve: [84.2, 81.74, 80.24, 78.22, 76.46, 74.8, 73.17, 70.92, 69.31, 68.06, 67.17, 65.7, 65.05]
2024-06-18 19:55:00,024 [trainer.py] => FeCAM top5 curve: [97.22, 95.56, 95.39, 94.92, 94.27, 93.55, 91.84, 90.52, 89.56, 89.19, 88.77, 88.01, 87.61]

2024-06-18 19:55:00,027 [fecam.py] => Learning on 76-79
2024-06-18 19:55:11,822 [trainer.py] => CNN: {'total': 51.9, '00-09': 60.7, '10-19': 60.8, '20-29': 70.7, '30-39': 64.5, '40-49': 46.6, '50-59': 34.7, '60-69': 41.4, '70-79': 34.0, 'old': 52.61, 'new': 34.0}
2024-06-18 19:55:11,822 [trainer.py] => No NME accuracy
2024-06-18 19:55:11,822 [trainer.py] => FeCAM: {'total': 64.08, '00-09': 82.1, '10-19': 71.5, '20-29': 79.5, '30-39': 76.2, '40-49': 54.0, '50-59': 46.5, '60-69': 49.9, '70-79': 51.67, 'old': 64.49, 'new': 53.67}
2024-06-18 19:55:11,822 [trainer.py] => CNN top1 curve: [84.2, 79.19, 75.8, 71.69, 68.56, 65.11, 63.26, 60.89, 58.97, 57.66, 56.16, 54.11, 53.04, 51.9]
2024-06-18 19:55:11,822 [trainer.py] => CNN top5 curve: [97.22, 94.05, 92.59, 91.86, 91.13, 90.55, 88.52, 86.82, 85.53, 84.64, 84.11, 82.96, 82.12, 81.42]
2024-06-18 19:55:11,822 [trainer.py] => FeCAM top1 curve: [84.2, 81.74, 80.24, 78.22, 76.46, 74.8, 73.17, 70.92, 69.31, 68.06, 67.17, 65.7, 65.05, 64.08]
2024-06-18 19:55:11,822 [trainer.py] => FeCAM top5 curve: [97.22, 95.56, 95.39, 94.92, 94.27, 93.55, 91.84, 90.52, 89.56, 89.19, 88.77, 88.01, 87.61, 87.43]

2024-06-18 19:55:11,826 [fecam.py] => Learning on 79-82
2024-06-18 19:55:23,619 [trainer.py] => CNN: {'total': 50.54, '00-09': 59.5, '10-19': 55.7, '20-29': 70.5, '30-39': 64.3, '40-49': 45.0, '50-59': 33.8, '60-69': 41.0, '70-79': 31.0, '80-89': 68.0, 'old': 50.57, 'new': 49.67}
2024-06-18 19:55:23,620 [trainer.py] => No NME accuracy
2024-06-18 19:55:23,620 [trainer.py] => FeCAM: {'total': 63.13, '00-09': 82.0, '10-19': 70.7, '20-29': 78.9, '30-39': 75.7, '40-49': 53.6, '50-59': 45.7, '60-69': 49.2, '70-79': 48.9, '80-89': 65.0, 'old': 63.49, 'new': 53.67}
2024-06-18 19:55:23,620 [trainer.py] => CNN top1 curve: [84.2, 79.19, 75.8, 71.69, 68.56, 65.11, 63.26, 60.89, 58.97, 57.66, 56.16, 54.11, 53.04, 51.9, 50.54]
2024-06-18 19:55:23,620 [trainer.py] => CNN top5 curve: [97.22, 94.05, 92.59, 91.86, 91.13, 90.55, 88.52, 86.82, 85.53, 84.64, 84.11, 82.96, 82.12, 81.42, 80.77]
2024-06-18 19:55:23,620 [trainer.py] => FeCAM top1 curve: [84.2, 81.74, 80.24, 78.22, 76.46, 74.8, 73.17, 70.92, 69.31, 68.06, 67.17, 65.7, 65.05, 64.08, 63.13]
2024-06-18 19:55:23,620 [trainer.py] => FeCAM top5 curve: [97.22, 95.56, 95.39, 94.92, 94.27, 93.55, 91.84, 90.52, 89.56, 89.19, 88.77, 88.01, 87.61, 87.43, 87.02]

2024-06-18 19:55:23,623 [fecam.py] => Learning on 82-85
2024-06-18 19:55:35,683 [trainer.py] => CNN: {'total': 49.54, '00-09': 59.5, '10-19': 55.7, '20-29': 68.4, '30-39': 64.3, '40-49': 44.5, '50-59': 31.9, '60-69': 40.3, '70-79': 30.9, '80-89': 51.2, 'old': 49.89, 'new': 40.0}
2024-06-18 19:55:35,683 [trainer.py] => No NME accuracy
2024-06-18 19:55:35,683 [trainer.py] => FeCAM: {'total': 62.44, '00-09': 81.9, '10-19': 70.7, '20-29': 78.7, '30-39': 75.4, '40-49': 52.7, '50-59': 45.2, '60-69': 48.6, '70-79': 48.9, '80-89': 57.2, 'old': 62.82, 'new': 52.0}
2024-06-18 19:55:35,683 [trainer.py] => CNN top1 curve: [84.2, 79.19, 75.8, 71.69, 68.56, 65.11, 63.26, 60.89, 58.97, 57.66, 56.16, 54.11, 53.04, 51.9, 50.54, 49.54]
2024-06-18 19:55:35,683 [trainer.py] => CNN top5 curve: [97.22, 94.05, 92.59, 91.86, 91.13, 90.55, 88.52, 86.82, 85.53, 84.64, 84.11, 82.96, 82.12, 81.42, 80.77, 80.22]
2024-06-18 19:55:35,683 [trainer.py] => FeCAM top1 curve: [84.2, 81.74, 80.24, 78.22, 76.46, 74.8, 73.17, 70.92, 69.31, 68.06, 67.17, 65.7, 65.05, 64.08, 63.13, 62.44]
2024-06-18 19:55:35,683 [trainer.py] => FeCAM top5 curve: [97.22, 95.56, 95.39, 94.92, 94.27, 93.55, 91.84, 90.52, 89.56, 89.19, 88.77, 88.01, 87.61, 87.43, 87.02, 86.67]

2024-06-18 19:55:35,687 [fecam.py] => Learning on 85-88
2024-06-18 19:55:47,840 [trainer.py] => CNN: {'total': 48.27, '00-09': 57.3, '10-19': 55.6, '20-29': 68.4, '30-39': 64.3, '40-49': 43.9, '50-59': 31.0, '60-69': 39.4, '70-79': 29.5, '80-89': 44.25, 'old': 48.82, 'new': 32.67}
2024-06-18 19:55:47,841 [trainer.py] => No NME accuracy
2024-06-18 19:55:47,841 [trainer.py] => FeCAM: {'total': 61.45, '00-09': 81.1, '10-19': 70.6, '20-29': 78.6, '30-39': 75.3, '40-49': 52.4, '50-59': 44.8, '60-69': 48.3, '70-79': 47.8, '80-89': 52.38, 'old': 62.05, 'new': 44.67}
2024-06-18 19:55:47,841 [trainer.py] => CNN top1 curve: [84.2, 79.19, 75.8, 71.69, 68.56, 65.11, 63.26, 60.89, 58.97, 57.66, 56.16, 54.11, 53.04, 51.9, 50.54, 49.54, 48.27]
2024-06-18 19:55:47,841 [trainer.py] => CNN top5 curve: [97.22, 94.05, 92.59, 91.86, 91.13, 90.55, 88.52, 86.82, 85.53, 84.64, 84.11, 82.96, 82.12, 81.42, 80.77, 80.22, 79.26]
2024-06-18 19:55:47,841 [trainer.py] => FeCAM top1 curve: [84.2, 81.74, 80.24, 78.22, 76.46, 74.8, 73.17, 70.92, 69.31, 68.06, 67.17, 65.7, 65.05, 64.08, 63.13, 62.44, 61.45]
2024-06-18 19:55:47,841 [trainer.py] => FeCAM top5 curve: [97.22, 95.56, 95.39, 94.92, 94.27, 93.55, 91.84, 90.52, 89.56, 89.19, 88.77, 88.01, 87.61, 87.43, 87.02, 86.67, 86.09]

2024-06-18 19:55:47,844 [fecam.py] => Learning on 88-91
2024-06-18 19:56:00,686 [trainer.py] => CNN: {'total': 46.97, '00-09': 57.3, '10-19': 55.6, '20-29': 68.3, '30-39': 64.3, '40-49': 43.6, '50-59': 30.0, '60-69': 39.2, '70-79': 29.3, '80-89': 38.4, 'old': 48.03, 'new': 15.67}
2024-06-18 19:56:00,686 [trainer.py] => No NME accuracy
2024-06-18 19:56:00,686 [trainer.py] => FeCAM: {'total': 60.42, '00-09': 81.0, '10-19': 70.4, '20-29': 78.6, '30-39': 75.3, '40-49': 52.2, '50-59': 44.2, '60-69': 48.2, '70-79': 47.6, '80-89': 48.7, 'old': 61.26, 'new': 35.67}
2024-06-18 19:56:00,686 [trainer.py] => CNN top1 curve: [84.2, 79.19, 75.8, 71.69, 68.56, 65.11, 63.26, 60.89, 58.97, 57.66, 56.16, 54.11, 53.04, 51.9, 50.54, 49.54, 48.27, 46.97]
2024-06-18 19:56:00,687 [trainer.py] => CNN top5 curve: [97.22, 94.05, 92.59, 91.86, 91.13, 90.55, 88.52, 86.82, 85.53, 84.64, 84.11, 82.96, 82.12, 81.42, 80.77, 80.22, 79.26, 77.82]
2024-06-18 19:56:00,687 [trainer.py] => FeCAM top1 curve: [84.2, 81.74, 80.24, 78.22, 76.46, 74.8, 73.17, 70.92, 69.31, 68.06, 67.17, 65.7, 65.05, 64.08, 63.13, 62.44, 61.45, 60.42]
2024-06-18 19:56:00,687 [trainer.py] => FeCAM top5 curve: [97.22, 95.56, 95.39, 94.92, 94.27, 93.55, 91.84, 90.52, 89.56, 89.19, 88.77, 88.01, 87.61, 87.43, 87.02, 86.67, 86.09, 85.48]

2024-06-18 19:56:00,690 [fecam.py] => Learning on 91-94
2024-06-18 19:56:13,624 [trainer.py] => CNN: {'total': 45.65, '00-09': 47.7, '10-19': 55.3, '20-29': 68.3, '30-39': 64.2, '40-49': 43.4, '50-59': 29.7, '60-69': 39.1, '70-79': 28.7, '80-89': 37.9, '90-99': 37.0, 'old': 45.67, 'new': 45.0}
2024-06-18 19:56:13,624 [trainer.py] => No NME accuracy
2024-06-18 19:56:13,624 [trainer.py] => FeCAM: {'total': 59.7, '00-09': 80.1, '10-19': 69.9, '20-29': 78.4, '30-39': 75.3, '40-49': 51.5, '50-59': 43.3, '60-69': 48.1, '70-79': 46.0, '80-89': 48.5, '90-99': 50.25, 'old': 59.86, 'new': 55.0}
2024-06-18 19:56:13,624 [trainer.py] => CNN top1 curve: [84.2, 79.19, 75.8, 71.69, 68.56, 65.11, 63.26, 60.89, 58.97, 57.66, 56.16, 54.11, 53.04, 51.9, 50.54, 49.54, 48.27, 46.97, 45.65]
2024-06-18 19:56:13,624 [trainer.py] => CNN top5 curve: [97.22, 94.05, 92.59, 91.86, 91.13, 90.55, 88.52, 86.82, 85.53, 84.64, 84.11, 82.96, 82.12, 81.42, 80.77, 80.22, 79.26, 77.82, 77.14]
2024-06-18 19:56:13,624 [trainer.py] => FeCAM top1 curve: [84.2, 81.74, 80.24, 78.22, 76.46, 74.8, 73.17, 70.92, 69.31, 68.06, 67.17, 65.7, 65.05, 64.08, 63.13, 62.44, 61.45, 60.42, 59.7]
2024-06-18 19:56:13,624 [trainer.py] => FeCAM top5 curve: [97.22, 95.56, 95.39, 94.92, 94.27, 93.55, 91.84, 90.52, 89.56, 89.19, 88.77, 88.01, 87.61, 87.43, 87.02, 86.67, 86.09, 85.48, 85.02]

2024-06-18 19:56:13,628 [fecam.py] => Learning on 94-97
2024-06-18 19:56:26,967 [trainer.py] => CNN: {'total': 44.66, '00-09': 47.7, '10-19': 55.2, '20-29': 68.3, '30-39': 64.0, '40-49': 43.1, '50-59': 29.4, '60-69': 38.9, '70-79': 28.5, '80-89': 37.6, '90-99': 29.29, 'old': 45.44, 'new': 20.33}
2024-06-18 19:56:26,967 [trainer.py] => No NME accuracy
2024-06-18 19:56:26,967 [trainer.py] => FeCAM: {'total': 59.1, '00-09': 80.1, '10-19': 69.9, '20-29': 78.1, '30-39': 75.2, '40-49': 51.1, '50-59': 43.0, '60-69': 48.0, '70-79': 45.9, '80-89': 48.1, '90-99': 48.43, 'old': 59.43, 'new': 49.0}
2024-06-18 19:56:26,967 [trainer.py] => CNN top1 curve: [84.2, 79.19, 75.8, 71.69, 68.56, 65.11, 63.26, 60.89, 58.97, 57.66, 56.16, 54.11, 53.04, 51.9, 50.54, 49.54, 48.27, 46.97, 45.65, 44.66]
2024-06-18 19:56:26,967 [trainer.py] => CNN top5 curve: [97.22, 94.05, 92.59, 91.86, 91.13, 90.55, 88.52, 86.82, 85.53, 84.64, 84.11, 82.96, 82.12, 81.42, 80.77, 80.22, 79.26, 77.82, 77.14, 75.94]
2024-06-18 19:56:26,967 [trainer.py] => FeCAM top1 curve: [84.2, 81.74, 80.24, 78.22, 76.46, 74.8, 73.17, 70.92, 69.31, 68.06, 67.17, 65.7, 65.05, 64.08, 63.13, 62.44, 61.45, 60.42, 59.7, 59.1]
2024-06-18 19:56:26,967 [trainer.py] => FeCAM top5 curve: [97.22, 95.56, 95.39, 94.92, 94.27, 93.55, 91.84, 90.52, 89.56, 89.19, 88.77, 88.01, 87.61, 87.43, 87.02, 86.67, 86.09, 85.48, 85.02, 84.3]

2024-06-18 19:56:26,971 [fecam.py] => Learning on 97-100
2024-06-18 19:56:40,691 [trainer.py] => CNN: {'total': 43.97, '00-09': 47.7, '10-19': 55.2, '20-29': 67.0, '30-39': 64.0, '40-49': 42.7, '50-59': 27.8, '60-69': 37.9, '70-79': 28.1, '80-89': 37.0, '90-99': 32.3, 'old': 44.08, 'new': 40.33}
2024-06-18 19:56:40,691 [trainer.py] => No NME accuracy
2024-06-18 19:56:40,691 [trainer.py] => FeCAM: {'total': 58.48, '00-09': 80.0, '10-19': 69.9, '20-29': 77.9, '30-39': 75.1, '40-49': 50.9, '50-59': 41.5, '60-69': 47.8, '70-79': 45.5, '80-89': 48.1, '90-99': 48.1, 'old': 58.76, 'new': 49.33}
2024-06-18 19:56:40,691 [trainer.py] => CNN top1 curve: [84.2, 79.19, 75.8, 71.69, 68.56, 65.11, 63.26, 60.89, 58.97, 57.66, 56.16, 54.11, 53.04, 51.9, 50.54, 49.54, 48.27, 46.97, 45.65, 44.66, 43.97]
2024-06-18 19:56:40,691 [trainer.py] => CNN top5 curve: [97.22, 94.05, 92.59, 91.86, 91.13, 90.55, 88.52, 86.82, 85.53, 84.64, 84.11, 82.96, 82.12, 81.42, 80.77, 80.22, 79.26, 77.82, 77.14, 75.94, 75.61]
2024-06-18 19:56:40,691 [trainer.py] => FeCAM top1 curve: [84.2, 81.74, 80.24, 78.22, 76.46, 74.8, 73.17, 70.92, 69.31, 68.06, 67.17, 65.7, 65.05, 64.08, 63.13, 62.44, 61.45, 60.42, 59.7, 59.1, 58.48]
2024-06-18 19:56:40,691 [trainer.py] => FeCAM top5 curve: [97.22, 95.56, 95.39, 94.92, 94.27, 93.55, 91.84, 90.52, 89.56, 89.19, 88.77, 88.01, 87.61, 87.43, 87.02, 86.67, 86.09, 85.48, 85.02, 84.3, 84.14]

