2024-05-19 19:43:51,550 [trainer.py] => config: exps/FeCAM_domainnet.json
2024-05-19 19:43:51,551 [trainer.py] => prefix: train
2024-05-19 19:43:51,551 [trainer.py] => dataset: domainnet-126
2024-05-19 19:43:51,551 [trainer.py] => memory_size: 0
2024-05-19 19:43:51,551 [trainer.py] => shuffle: True
2024-05-19 19:43:51,551 [trainer.py] => init_cls: 20
2024-05-19 19:43:51,551 [trainer.py] => increment: 20
2024-05-19 19:43:51,551 [trainer.py] => model_name: fecam
2024-05-19 19:43:51,551 [trainer.py] => convnet_type: resnet18
2024-05-19 19:43:51,551 [trainer.py] => device: [device(type='cuda', index=3), device(type='cuda', index=2)]
2024-05-19 19:43:51,551 [trainer.py] => seed: 1993
2024-05-19 19:43:51,551 [trainer.py] => init_epochs: 10
2024-05-19 19:43:51,551 [trainer.py] => init_lr: 0.1
2024-05-19 19:43:51,551 [trainer.py] => init_weight_decay: 0.0005
2024-05-19 19:43:51,551 [trainer.py] => batch_size: 16
2024-05-19 19:43:51,551 [trainer.py] => num_workers: 8
2024-05-19 19:43:51,551 [trainer.py] => T: 2
2024-05-19 19:43:51,551 [trainer.py] => beta: 0.5
2024-05-19 19:43:51,551 [trainer.py] => alpha1: 1
2024-05-19 19:43:51,551 [trainer.py] => alpha2: 1
2024-05-19 19:43:51,551 [trainer.py] => ncm: False
2024-05-19 19:43:51,551 [trainer.py] => tukey: True
2024-05-19 19:43:51,551 [trainer.py] => diagonal: False
2024-05-19 19:43:51,551 [trainer.py] => per_class: True
2024-05-19 19:43:51,551 [trainer.py] => full_cov: True
2024-05-19 19:43:51,551 [trainer.py] => shrink: True
2024-05-19 19:43:51,552 [trainer.py] => norm_cov: True
2024-05-19 19:43:51,552 [trainer.py] => source_index: 0
2024-05-19 19:43:51,552 [trainer.py] => target_index: 3
0 /public/home/imgbreaker/Desktop/dataset/DomainNet/dataset/sketch/The_Eiffel_Tower/sketch_309_000001.jpg
1 /public/home/imgbreaker/Desktop/dataset/DomainNet/dataset/sketch/The_Great_Wall_of_China/sketch_310_000001.jpg
2 /public/home/imgbreaker/Desktop/dataset/DomainNet/dataset/sketch/aircraft_carrier/sketch_001_000001.jpg
3 /public/home/imgbreaker/Desktop/dataset/DomainNet/dataset/sketch/alarm_clock/sketch_003_000001.jpg
4 /public/home/imgbreaker/Desktop/dataset/DomainNet/dataset/sketch/ant/sketch_007_000001.jpg
5 /public/home/imgbreaker/Desktop/dataset/DomainNet/dataset/sketch/anvil/sketch_008_000001.jpg
6 /public/home/imgbreaker/Desktop/dataset/DomainNet/dataset/sketch/asparagus/sketch_011_000001.jpg
7 /public/home/imgbreaker/Desktop/dataset/DomainNet/dataset/sketch/axe/sketch_012_000001.jpg
8 /public/home/imgbreaker/Desktop/dataset/DomainNet/dataset/sketch/banana/sketch_014_000001.jpg
9 /public/home/imgbreaker/Desktop/dataset/DomainNet/dataset/sketch/basket/sketch_019_000001.jpg
10 /public/home/imgbreaker/Desktop/dataset/DomainNet/dataset/sketch/bathtub/sketch_022_000002.jpg
11 /public/home/imgbreaker/Desktop/dataset/DomainNet/dataset/sketch/bear/sketch_024_000001.jpg
12 /public/home/imgbreaker/Desktop/dataset/DomainNet/dataset/sketch/bee/sketch_027_000001.jpg
13 /public/home/imgbreaker/Desktop/dataset/DomainNet/dataset/sketch/bird/sketch_032_000001.jpg
14 /public/home/imgbreaker/Desktop/dataset/DomainNet/dataset/sketch/blackberry/sketch_034_000001.jpg
15 /public/home/imgbreaker/Desktop/dataset/DomainNet/dataset/sketch/blueberry/sketch_035_000001.jpg
16 /public/home/imgbreaker/Desktop/dataset/DomainNet/dataset/sketch/bottlecap/sketch_038_000001.jpg
17 /public/home/imgbreaker/Desktop/dataset/DomainNet/dataset/sketch/broccoli/sketch_044_000001.jpg
18 /public/home/imgbreaker/Desktop/dataset/DomainNet/dataset/sketch/bus/sketch_048_000001.jpg
19 /public/home/imgbreaker/Desktop/dataset/DomainNet/dataset/sketch/butterfly/sketch_050_000001.jpg
20 /public/home/imgbreaker/Desktop/dataset/DomainNet/dataset/sketch/cactus/sketch_051_000001.jpg
21 /public/home/imgbreaker/Desktop/dataset/DomainNet/dataset/sketch/cake/sketch_052_000004.jpg
22 /public/home/imgbreaker/Desktop/dataset/DomainNet/dataset/sketch/calculator/sketch_053_000001.jpg
23 /public/home/imgbreaker/Desktop/dataset/DomainNet/dataset/sketch/camel/sketch_055_000001.jpg
24 /public/home/imgbreaker/Desktop/dataset/DomainNet/dataset/sketch/camera/sketch_056_000001.jpg
25 /public/home/imgbreaker/Desktop/dataset/DomainNet/dataset/sketch/candle/sketch_059_000001.jpg
26 /public/home/imgbreaker/Desktop/dataset/DomainNet/dataset/sketch/cannon/sketch_060_000001.jpg
27 /public/home/imgbreaker/Desktop/dataset/DomainNet/dataset/sketch/canoe/sketch_061_000001.jpg
28 /public/home/imgbreaker/Desktop/dataset/DomainNet/dataset/sketch/carrot/sketch_063_000001.jpg
29 /public/home/imgbreaker/Desktop/dataset/DomainNet/dataset/sketch/castle/sketch_064_000001.jpg
30 /public/home/imgbreaker/Desktop/dataset/DomainNet/dataset/sketch/cat/sketch_065_000001.jpg
31 /public/home/imgbreaker/Desktop/dataset/DomainNet/dataset/sketch/ceiling_fan/sketch_066_000001.jpg
32 /public/home/imgbreaker/Desktop/dataset/DomainNet/dataset/sketch/cell_phone/sketch_068_000001.jpg
33 /public/home/imgbreaker/Desktop/dataset/DomainNet/dataset/sketch/cello/sketch_067_000001.jpg
34 /public/home/imgbreaker/Desktop/dataset/DomainNet/dataset/sketch/chair/sketch_069_000001.jpg
35 /public/home/imgbreaker/Desktop/dataset/DomainNet/dataset/sketch/chandelier/sketch_070_000001.jpg
36 /public/home/imgbreaker/Desktop/dataset/DomainNet/dataset/sketch/coffee_cup/sketch_076_000001.jpg
37 /public/home/imgbreaker/Desktop/dataset/DomainNet/dataset/sketch/compass/sketch_077_000001.jpg
38 /public/home/imgbreaker/Desktop/dataset/DomainNet/dataset/sketch/computer/sketch_078_000001.jpg
39 /public/home/imgbreaker/Desktop/dataset/DomainNet/dataset/sketch/cow/sketch_082_000001.jpg
40 /public/home/imgbreaker/Desktop/dataset/DomainNet/dataset/sketch/crab/sketch_083_000001.jpg
41 /public/home/imgbreaker/Desktop/dataset/DomainNet/dataset/sketch/crocodile/sketch_085_000001.jpg
42 /public/home/imgbreaker/Desktop/dataset/DomainNet/dataset/sketch/cruise_ship/sketch_087_000001.jpg
43 /public/home/imgbreaker/Desktop/dataset/DomainNet/dataset/sketch/dog/sketch_092_000001.jpg
44 /public/home/imgbreaker/Desktop/dataset/DomainNet/dataset/sketch/dolphin/sketch_093_000001.jpg
45 /public/home/imgbreaker/Desktop/dataset/DomainNet/dataset/sketch/dragon/sketch_096_000001.jpg
46 /public/home/imgbreaker/Desktop/dataset/DomainNet/dataset/sketch/drums/sketch_099_000001.jpg
47 /public/home/imgbreaker/Desktop/dataset/DomainNet/dataset/sketch/duck/sketch_100_000001.jpg
48 /public/home/imgbreaker/Desktop/dataset/DomainNet/dataset/sketch/dumbbell/sketch_101_000001.jpg
49 /public/home/imgbreaker/Desktop/dataset/DomainNet/dataset/sketch/elephant/sketch_104_000001.jpg
50 /public/home/imgbreaker/Desktop/dataset/DomainNet/dataset/sketch/eyeglasses/sketch_108_000001.jpg
51 /public/home/imgbreaker/Desktop/dataset/DomainNet/dataset/sketch/feather/sketch_111_000001.jpg
52 /public/home/imgbreaker/Desktop/dataset/DomainNet/dataset/sketch/fence/sketch_112_000001.jpg
53 /public/home/imgbreaker/Desktop/dataset/DomainNet/dataset/sketch/fish/sketch_117_000001.jpg
54 /public/home/imgbreaker/Desktop/dataset/DomainNet/dataset/sketch/flamingo/sketch_118_000001.jpg
55 /public/home/imgbreaker/Desktop/dataset/DomainNet/dataset/sketch/flower/sketch_122_000001.jpg
56 /public/home/imgbreaker/Desktop/dataset/DomainNet/dataset/sketch/foot/sketch_124_000001.jpg
57 /public/home/imgbreaker/Desktop/dataset/DomainNet/dataset/sketch/fork/sketch_125_000001.jpg
58 /public/home/imgbreaker/Desktop/dataset/DomainNet/dataset/sketch/frog/sketch_126_000001.jpg
59 /public/home/imgbreaker/Desktop/dataset/DomainNet/dataset/sketch/giraffe/sketch_130_000001.jpg
60 /public/home/imgbreaker/Desktop/dataset/DomainNet/dataset/sketch/goatee/sketch_131_000001.jpg
61 /public/home/imgbreaker/Desktop/dataset/DomainNet/dataset/sketch/grapes/sketch_133_000001.jpg
62 /public/home/imgbreaker/Desktop/dataset/DomainNet/dataset/sketch/guitar/sketch_135_000001.jpg
63 /public/home/imgbreaker/Desktop/dataset/DomainNet/dataset/sketch/hammer/sketch_137_000001.jpg
64 /public/home/imgbreaker/Desktop/dataset/DomainNet/dataset/sketch/helicopter/sketch_143_000001.jpg
65 /public/home/imgbreaker/Desktop/dataset/DomainNet/dataset/sketch/helmet/sketch_144_000001.jpg
66 /public/home/imgbreaker/Desktop/dataset/DomainNet/dataset/sketch/horse/sketch_148_000001.jpg
67 /public/home/imgbreaker/Desktop/dataset/DomainNet/dataset/sketch/kangaroo/sketch_160_000001.jpg
68 /public/home/imgbreaker/Desktop/dataset/DomainNet/dataset/sketch/lantern/sketch_166_000001.jpg
69 /public/home/imgbreaker/Desktop/dataset/DomainNet/dataset/sketch/laptop/sketch_167_000001.jpg
70 /public/home/imgbreaker/Desktop/dataset/DomainNet/dataset/sketch/leaf/sketch_168_000001.jpg
71 /public/home/imgbreaker/Desktop/dataset/DomainNet/dataset/sketch/lion/sketch_175_000001.jpg
72 /public/home/imgbreaker/Desktop/dataset/DomainNet/dataset/sketch/lipstick/sketch_176_000001.jpg
73 /public/home/imgbreaker/Desktop/dataset/DomainNet/dataset/sketch/lobster/sketch_177_000001.jpg
74 /public/home/imgbreaker/Desktop/dataset/DomainNet/dataset/sketch/microphone/sketch_185_000001.jpg
75 /public/home/imgbreaker/Desktop/dataset/DomainNet/dataset/sketch/monkey/sketch_187_000001.jpg
76 /public/home/imgbreaker/Desktop/dataset/DomainNet/dataset/sketch/mosquito/sketch_189_000001.jpg
77 /public/home/imgbreaker/Desktop/dataset/DomainNet/dataset/sketch/mouse/sketch_192_000001.jpg
78 /public/home/imgbreaker/Desktop/dataset/DomainNet/dataset/sketch/mug/sketch_195_000001.jpg
79 /public/home/imgbreaker/Desktop/dataset/DomainNet/dataset/sketch/mushroom/sketch_196_000001.jpg
80 /public/home/imgbreaker/Desktop/dataset/DomainNet/dataset/sketch/onion/sketch_203_000001.jpg
81 /public/home/imgbreaker/Desktop/dataset/DomainNet/dataset/sketch/panda/sketch_209_000001.jpg
82 /public/home/imgbreaker/Desktop/dataset/DomainNet/dataset/sketch/peanut/sketch_215_000001.jpg
83 /public/home/imgbreaker/Desktop/dataset/DomainNet/dataset/sketch/pear/sketch_216_000001.jpg
84 /public/home/imgbreaker/Desktop/dataset/DomainNet/dataset/sketch/peas/sketch_217_000001.jpg
85 /public/home/imgbreaker/Desktop/dataset/DomainNet/dataset/sketch/pencil/sketch_218_000001.jpg
86 /public/home/imgbreaker/Desktop/dataset/DomainNet/dataset/sketch/penguin/sketch_219_000001.jpg
87 /public/home/imgbreaker/Desktop/dataset/DomainNet/dataset/sketch/pig/sketch_223_000001.jpg
88 /public/home/imgbreaker/Desktop/dataset/DomainNet/dataset/sketch/pillow/sketch_224_000001.jpg
89 /public/home/imgbreaker/Desktop/dataset/DomainNet/dataset/sketch/pineapple/sketch_225_000001.jpg
90 /public/home/imgbreaker/Desktop/dataset/DomainNet/dataset/sketch/potato/sketch_233_000001.jpg
91 /public/home/imgbreaker/Desktop/dataset/DomainNet/dataset/sketch/power_outlet/sketch_234_000001.jpg
92 /public/home/imgbreaker/Desktop/dataset/DomainNet/dataset/sketch/purse/sketch_235_000001.jpg
93 /public/home/imgbreaker/Desktop/dataset/DomainNet/dataset/sketch/rabbit/sketch_236_000001.jpg
94 /public/home/imgbreaker/Desktop/dataset/DomainNet/dataset/sketch/raccoon/sketch_237_000001.jpg
95 /public/home/imgbreaker/Desktop/dataset/DomainNet/dataset/sketch/rhinoceros/sketch_243_000001.jpg
96 /public/home/imgbreaker/Desktop/dataset/DomainNet/dataset/sketch/rifle/sketch_244_000001.jpg
97 /public/home/imgbreaker/Desktop/dataset/DomainNet/dataset/sketch/saxophone/sketch_251_000001.jpg
98 /public/home/imgbreaker/Desktop/dataset/DomainNet/dataset/sketch/screwdriver/sketch_255_000001.jpg
99 /public/home/imgbreaker/Desktop/dataset/DomainNet/dataset/sketch/sea_turtle/sketch_256_000001.jpg
100 /public/home/imgbreaker/Desktop/dataset/DomainNet/dataset/sketch/see_saw/sketch_257_000001.jpg
101 /public/home/imgbreaker/Desktop/dataset/DomainNet/dataset/sketch/sheep/sketch_259_000001.jpg
102 /public/home/imgbreaker/Desktop/dataset/DomainNet/dataset/sketch/shoe/sketch_260_000001.jpg
103 /public/home/imgbreaker/Desktop/dataset/DomainNet/dataset/sketch/skateboard/sketch_264_000001.jpg
104 /public/home/imgbreaker/Desktop/dataset/DomainNet/dataset/sketch/snake/sketch_270_000001.jpg
105 /public/home/imgbreaker/Desktop/dataset/DomainNet/dataset/sketch/speedboat/sketch_276_000001.jpg
106 /public/home/imgbreaker/Desktop/dataset/DomainNet/dataset/sketch/spider/sketch_277_000001.jpg
107 /public/home/imgbreaker/Desktop/dataset/DomainNet/dataset/sketch/squirrel/sketch_282_000001.jpg
108 /public/home/imgbreaker/Desktop/dataset/DomainNet/dataset/sketch/strawberry/sketch_291_000001.jpg
109 /public/home/imgbreaker/Desktop/dataset/DomainNet/dataset/sketch/streetlight/sketch_292_000001.jpg
110 /public/home/imgbreaker/Desktop/dataset/DomainNet/dataset/sketch/string_bean/sketch_293_000001.jpg
111 /public/home/imgbreaker/Desktop/dataset/DomainNet/dataset/sketch/submarine/sketch_294_000001.jpg
112 /public/home/imgbreaker/Desktop/dataset/DomainNet/dataset/sketch/swan/sketch_297_000001.jpg
113 /public/home/imgbreaker/Desktop/dataset/DomainNet/dataset/sketch/table/sketch_302_000001.jpg
114 /public/home/imgbreaker/Desktop/dataset/DomainNet/dataset/sketch/teapot/sketch_303_000001.jpg
115 /public/home/imgbreaker/Desktop/dataset/DomainNet/dataset/sketch/teddy-bear/sketch_304_000003.jpg
116 /public/home/imgbreaker/Desktop/dataset/DomainNet/dataset/sketch/television/sketch_306_000001.jpg
117 /public/home/imgbreaker/Desktop/dataset/DomainNet/dataset/sketch/tiger/sketch_312_000001.jpg
118 /public/home/imgbreaker/Desktop/dataset/DomainNet/dataset/sketch/toe/sketch_314_000001.jpg
119 /public/home/imgbreaker/Desktop/dataset/DomainNet/dataset/sketch/train/sketch_322_000001.jpg
120 /public/home/imgbreaker/Desktop/dataset/DomainNet/dataset/sketch/truck/sketch_326_000001.jpg
121 /public/home/imgbreaker/Desktop/dataset/DomainNet/dataset/sketch/umbrella/sketch_329_000001.jpg
122 /public/home/imgbreaker/Desktop/dataset/DomainNet/dataset/sketch/vase/sketch_332_000001.jpg
123 /public/home/imgbreaker/Desktop/dataset/DomainNet/dataset/sketch/watermelon/sketch_335_000001.jpg
124 /public/home/imgbreaker/Desktop/dataset/DomainNet/dataset/sketch/whale/sketch_337_000001.jpg
125 /public/home/imgbreaker/Desktop/dataset/DomainNet/dataset/sketch/zebra/sketch_344_000001.jpg
0 /public/home/imgbreaker/Desktop/dataset/DomainNet/dataset/sketch/The_Eiffel_Tower/sketch_309_000001.jpg
1 /public/home/imgbreaker/Desktop/dataset/DomainNet/dataset/sketch/The_Great_Wall_of_China/sketch_310_000001.jpg
2 /public/home/imgbreaker/Desktop/dataset/DomainNet/dataset/sketch/aircraft_carrier/sketch_001_000001.jpg
3 /public/home/imgbreaker/Desktop/dataset/DomainNet/dataset/sketch/alarm_clock/sketch_003_000001.jpg
4 /public/home/imgbreaker/Desktop/dataset/DomainNet/dataset/sketch/ant/sketch_007_000001.jpg
5 /public/home/imgbreaker/Desktop/dataset/DomainNet/dataset/sketch/anvil/sketch_008_000001.jpg
6 /public/home/imgbreaker/Desktop/dataset/DomainNet/dataset/sketch/asparagus/sketch_011_000001.jpg
7 /public/home/imgbreaker/Desktop/dataset/DomainNet/dataset/sketch/axe/sketch_012_000001.jpg
8 /public/home/imgbreaker/Desktop/dataset/DomainNet/dataset/sketch/banana/sketch_014_000001.jpg
9 /public/home/imgbreaker/Desktop/dataset/DomainNet/dataset/sketch/basket/sketch_019_000001.jpg
10 /public/home/imgbreaker/Desktop/dataset/DomainNet/dataset/sketch/bathtub/sketch_022_000002.jpg
11 /public/home/imgbreaker/Desktop/dataset/DomainNet/dataset/sketch/bear/sketch_024_000001.jpg
12 /public/home/imgbreaker/Desktop/dataset/DomainNet/dataset/sketch/bee/sketch_027_000001.jpg
13 /public/home/imgbreaker/Desktop/dataset/DomainNet/dataset/sketch/bird/sketch_032_000001.jpg
14 /public/home/imgbreaker/Desktop/dataset/DomainNet/dataset/sketch/blackberry/sketch_034_000001.jpg
15 /public/home/imgbreaker/Desktop/dataset/DomainNet/dataset/sketch/blueberry/sketch_035_000001.jpg
16 /public/home/imgbreaker/Desktop/dataset/DomainNet/dataset/sketch/bottlecap/sketch_038_000001.jpg
17 /public/home/imgbreaker/Desktop/dataset/DomainNet/dataset/sketch/broccoli/sketch_044_000001.jpg
18 /public/home/imgbreaker/Desktop/dataset/DomainNet/dataset/sketch/bus/sketch_048_000001.jpg
19 /public/home/imgbreaker/Desktop/dataset/DomainNet/dataset/sketch/butterfly/sketch_050_000001.jpg
20 /public/home/imgbreaker/Desktop/dataset/DomainNet/dataset/sketch/cactus/sketch_051_000001.jpg
21 /public/home/imgbreaker/Desktop/dataset/DomainNet/dataset/sketch/cake/sketch_052_000004.jpg
22 /public/home/imgbreaker/Desktop/dataset/DomainNet/dataset/sketch/calculator/sketch_053_000001.jpg
23 /public/home/imgbreaker/Desktop/dataset/DomainNet/dataset/sketch/camel/sketch_055_000001.jpg
24 /public/home/imgbreaker/Desktop/dataset/DomainNet/dataset/sketch/camera/sketch_056_000001.jpg
25 /public/home/imgbreaker/Desktop/dataset/DomainNet/dataset/sketch/candle/sketch_059_000001.jpg
26 /public/home/imgbreaker/Desktop/dataset/DomainNet/dataset/sketch/cannon/sketch_060_000001.jpg
27 /public/home/imgbreaker/Desktop/dataset/DomainNet/dataset/sketch/canoe/sketch_061_000001.jpg
28 /public/home/imgbreaker/Desktop/dataset/DomainNet/dataset/sketch/carrot/sketch_063_000001.jpg
29 /public/home/imgbreaker/Desktop/dataset/DomainNet/dataset/sketch/castle/sketch_064_000001.jpg
30 /public/home/imgbreaker/Desktop/dataset/DomainNet/dataset/sketch/cat/sketch_065_000001.jpg
31 /public/home/imgbreaker/Desktop/dataset/DomainNet/dataset/sketch/ceiling_fan/sketch_066_000001.jpg
32 /public/home/imgbreaker/Desktop/dataset/DomainNet/dataset/sketch/cell_phone/sketch_068_000001.jpg
33 /public/home/imgbreaker/Desktop/dataset/DomainNet/dataset/sketch/cello/sketch_067_000001.jpg
34 /public/home/imgbreaker/Desktop/dataset/DomainNet/dataset/sketch/chair/sketch_069_000001.jpg
35 /public/home/imgbreaker/Desktop/dataset/DomainNet/dataset/sketch/chandelier/sketch_070_000001.jpg
36 /public/home/imgbreaker/Desktop/dataset/DomainNet/dataset/sketch/coffee_cup/sketch_076_000001.jpg
37 /public/home/imgbreaker/Desktop/dataset/DomainNet/dataset/sketch/compass/sketch_077_000001.jpg
38 /public/home/imgbreaker/Desktop/dataset/DomainNet/dataset/sketch/computer/sketch_078_000001.jpg
39 /public/home/imgbreaker/Desktop/dataset/DomainNet/dataset/sketch/cow/sketch_082_000001.jpg
40 /public/home/imgbreaker/Desktop/dataset/DomainNet/dataset/sketch/crab/sketch_083_000001.jpg
41 /public/home/imgbreaker/Desktop/dataset/DomainNet/dataset/sketch/crocodile/sketch_085_000001.jpg
42 /public/home/imgbreaker/Desktop/dataset/DomainNet/dataset/sketch/cruise_ship/sketch_087_000001.jpg
43 /public/home/imgbreaker/Desktop/dataset/DomainNet/dataset/sketch/dog/sketch_092_000001.jpg
44 /public/home/imgbreaker/Desktop/dataset/DomainNet/dataset/sketch/dolphin/sketch_093_000001.jpg
45 /public/home/imgbreaker/Desktop/dataset/DomainNet/dataset/sketch/dragon/sketch_096_000001.jpg
46 /public/home/imgbreaker/Desktop/dataset/DomainNet/dataset/sketch/drums/sketch_099_000001.jpg
47 /public/home/imgbreaker/Desktop/dataset/DomainNet/dataset/sketch/duck/sketch_100_000001.jpg
48 /public/home/imgbreaker/Desktop/dataset/DomainNet/dataset/sketch/dumbbell/sketch_101_000001.jpg
49 /public/home/imgbreaker/Desktop/dataset/DomainNet/dataset/sketch/elephant/sketch_104_000001.jpg
50 /public/home/imgbreaker/Desktop/dataset/DomainNet/dataset/sketch/eyeglasses/sketch_108_000001.jpg
51 /public/home/imgbreaker/Desktop/dataset/DomainNet/dataset/sketch/feather/sketch_111_000001.jpg
52 /public/home/imgbreaker/Desktop/dataset/DomainNet/dataset/sketch/fence/sketch_112_000001.jpg
53 /public/home/imgbreaker/Desktop/dataset/DomainNet/dataset/sketch/fish/sketch_117_000001.jpg
54 /public/home/imgbreaker/Desktop/dataset/DomainNet/dataset/sketch/flamingo/sketch_118_000001.jpg
55 /public/home/imgbreaker/Desktop/dataset/DomainNet/dataset/sketch/flower/sketch_122_000001.jpg
56 /public/home/imgbreaker/Desktop/dataset/DomainNet/dataset/sketch/foot/sketch_124_000001.jpg
57 /public/home/imgbreaker/Desktop/dataset/DomainNet/dataset/sketch/fork/sketch_125_000001.jpg
58 /public/home/imgbreaker/Desktop/dataset/DomainNet/dataset/sketch/frog/sketch_126_000001.jpg
59 /public/home/imgbreaker/Desktop/dataset/DomainNet/dataset/sketch/giraffe/sketch_130_000001.jpg
60 /public/home/imgbreaker/Desktop/dataset/DomainNet/dataset/sketch/goatee/sketch_131_000001.jpg
61 /public/home/imgbreaker/Desktop/dataset/DomainNet/dataset/sketch/grapes/sketch_133_000001.jpg
62 /public/home/imgbreaker/Desktop/dataset/DomainNet/dataset/sketch/guitar/sketch_135_000001.jpg
63 /public/home/imgbreaker/Desktop/dataset/DomainNet/dataset/sketch/hammer/sketch_137_000001.jpg
64 /public/home/imgbreaker/Desktop/dataset/DomainNet/dataset/sketch/helicopter/sketch_143_000001.jpg
65 /public/home/imgbreaker/Desktop/dataset/DomainNet/dataset/sketch/helmet/sketch_144_000001.jpg
66 /public/home/imgbreaker/Desktop/dataset/DomainNet/dataset/sketch/horse/sketch_148_000001.jpg
67 /public/home/imgbreaker/Desktop/dataset/DomainNet/dataset/sketch/kangaroo/sketch_160_000001.jpg
68 /public/home/imgbreaker/Desktop/dataset/DomainNet/dataset/sketch/lantern/sketch_166_000001.jpg
69 /public/home/imgbreaker/Desktop/dataset/DomainNet/dataset/sketch/laptop/sketch_167_000001.jpg
70 /public/home/imgbreaker/Desktop/dataset/DomainNet/dataset/sketch/leaf/sketch_168_000001.jpg
71 /public/home/imgbreaker/Desktop/dataset/DomainNet/dataset/sketch/lion/sketch_175_000001.jpg
72 /public/home/imgbreaker/Desktop/dataset/DomainNet/dataset/sketch/lipstick/sketch_176_000001.jpg
73 /public/home/imgbreaker/Desktop/dataset/DomainNet/dataset/sketch/lobster/sketch_177_000001.jpg
74 /public/home/imgbreaker/Desktop/dataset/DomainNet/dataset/sketch/microphone/sketch_185_000001.jpg
75 /public/home/imgbreaker/Desktop/dataset/DomainNet/dataset/sketch/monkey/sketch_187_000001.jpg
76 /public/home/imgbreaker/Desktop/dataset/DomainNet/dataset/sketch/mosquito/sketch_189_000001.jpg
77 /public/home/imgbreaker/Desktop/dataset/DomainNet/dataset/sketch/mouse/sketch_192_000001.jpg
78 /public/home/imgbreaker/Desktop/dataset/DomainNet/dataset/sketch/mug/sketch_195_000001.jpg
79 /public/home/imgbreaker/Desktop/dataset/DomainNet/dataset/sketch/mushroom/sketch_196_000001.jpg
80 /public/home/imgbreaker/Desktop/dataset/DomainNet/dataset/sketch/onion/sketch_203_000001.jpg
81 /public/home/imgbreaker/Desktop/dataset/DomainNet/dataset/sketch/panda/sketch_209_000001.jpg
82 /public/home/imgbreaker/Desktop/dataset/DomainNet/dataset/sketch/peanut/sketch_215_000001.jpg
83 /public/home/imgbreaker/Desktop/dataset/DomainNet/dataset/sketch/pear/sketch_216_000001.jpg
84 /public/home/imgbreaker/Desktop/dataset/DomainNet/dataset/sketch/peas/sketch_217_000001.jpg
85 /public/home/imgbreaker/Desktop/dataset/DomainNet/dataset/sketch/pencil/sketch_218_000001.jpg
86 /public/home/imgbreaker/Desktop/dataset/DomainNet/dataset/sketch/penguin/sketch_219_000001.jpg
87 /public/home/imgbreaker/Desktop/dataset/DomainNet/dataset/sketch/pig/sketch_223_000001.jpg
88 /public/home/imgbreaker/Desktop/dataset/DomainNet/dataset/sketch/pillow/sketch_224_000001.jpg
89 /public/home/imgbreaker/Desktop/dataset/DomainNet/dataset/sketch/pineapple/sketch_225_000001.jpg
90 /public/home/imgbreaker/Desktop/dataset/DomainNet/dataset/sketch/potato/sketch_233_000001.jpg
91 /public/home/imgbreaker/Desktop/dataset/DomainNet/dataset/sketch/power_outlet/sketch_234_000001.jpg
92 /public/home/imgbreaker/Desktop/dataset/DomainNet/dataset/sketch/purse/sketch_235_000001.jpg
93 /public/home/imgbreaker/Desktop/dataset/DomainNet/dataset/sketch/rabbit/sketch_236_000001.jpg
94 /public/home/imgbreaker/Desktop/dataset/DomainNet/dataset/sketch/raccoon/sketch_237_000001.jpg
95 /public/home/imgbreaker/Desktop/dataset/DomainNet/dataset/sketch/rhinoceros/sketch_243_000001.jpg
96 /public/home/imgbreaker/Desktop/dataset/DomainNet/dataset/sketch/rifle/sketch_244_000001.jpg
97 /public/home/imgbreaker/Desktop/dataset/DomainNet/dataset/sketch/saxophone/sketch_251_000001.jpg
98 /public/home/imgbreaker/Desktop/dataset/DomainNet/dataset/sketch/screwdriver/sketch_255_000001.jpg
99 /public/home/imgbreaker/Desktop/dataset/DomainNet/dataset/sketch/sea_turtle/sketch_256_000001.jpg
100 /public/home/imgbreaker/Desktop/dataset/DomainNet/dataset/sketch/see_saw/sketch_257_000001.jpg
101 /public/home/imgbreaker/Desktop/dataset/DomainNet/dataset/sketch/sheep/sketch_259_000001.jpg
102 /public/home/imgbreaker/Desktop/dataset/DomainNet/dataset/sketch/shoe/sketch_260_000001.jpg
103 /public/home/imgbreaker/Desktop/dataset/DomainNet/dataset/sketch/skateboard/sketch_264_000001.jpg
104 /public/home/imgbreaker/Desktop/dataset/DomainNet/dataset/sketch/snake/sketch_270_000001.jpg
105 /public/home/imgbreaker/Desktop/dataset/DomainNet/dataset/sketch/speedboat/sketch_276_000001.jpg
106 /public/home/imgbreaker/Desktop/dataset/DomainNet/dataset/sketch/spider/sketch_277_000001.jpg
107 /public/home/imgbreaker/Desktop/dataset/DomainNet/dataset/sketch/squirrel/sketch_282_000001.jpg
108 /public/home/imgbreaker/Desktop/dataset/DomainNet/dataset/sketch/strawberry/sketch_291_000001.jpg
109 /public/home/imgbreaker/Desktop/dataset/DomainNet/dataset/sketch/streetlight/sketch_292_000001.jpg
110 /public/home/imgbreaker/Desktop/dataset/DomainNet/dataset/sketch/string_bean/sketch_293_000001.jpg
111 /public/home/imgbreaker/Desktop/dataset/DomainNet/dataset/sketch/submarine/sketch_294_000001.jpg
112 /public/home/imgbreaker/Desktop/dataset/DomainNet/dataset/sketch/swan/sketch_297_000001.jpg
113 /public/home/imgbreaker/Desktop/dataset/DomainNet/dataset/sketch/table/sketch_302_000001.jpg
114 /public/home/imgbreaker/Desktop/dataset/DomainNet/dataset/sketch/teapot/sketch_303_000001.jpg
115 /public/home/imgbreaker/Desktop/dataset/DomainNet/dataset/sketch/teddy-bear/sketch_304_000003.jpg
116 /public/home/imgbreaker/Desktop/dataset/DomainNet/dataset/sketch/television/sketch_306_000001.jpg
117 /public/home/imgbreaker/Desktop/dataset/DomainNet/dataset/sketch/tiger/sketch_312_000001.jpg
118 /public/home/imgbreaker/Desktop/dataset/DomainNet/dataset/sketch/toe/sketch_314_000001.jpg
119 /public/home/imgbreaker/Desktop/dataset/DomainNet/dataset/sketch/train/sketch_322_000001.jpg
120 /public/home/imgbreaker/Desktop/dataset/DomainNet/dataset/sketch/truck/sketch_326_000001.jpg
121 /public/home/imgbreaker/Desktop/dataset/DomainNet/dataset/sketch/umbrella/sketch_329_000001.jpg
122 /public/home/imgbreaker/Desktop/dataset/DomainNet/dataset/sketch/vase/sketch_332_000001.jpg
123 /public/home/imgbreaker/Desktop/dataset/DomainNet/dataset/sketch/watermelon/sketch_335_000001.jpg
124 /public/home/imgbreaker/Desktop/dataset/DomainNet/dataset/sketch/whale/sketch_337_000001.jpg
125 /public/home/imgbreaker/Desktop/dataset/DomainNet/dataset/sketch/zebra/sketch_344_000001.jpg
2024-05-19 19:43:54,711 [data_manager.py] => [91, 9, 23, 101, 58, 113, 45, 43, 40, 74, 119, 107, 44, 108, 99, 100, 60, 115, 86, 59, 8, 103, 80, 52, 81, 28, 114, 118, 26, 96, 111, 10, 122, 35, 88, 104, 3, 71, 70, 72, 102, 106, 1, 78, 116, 19, 17, 56, 13, 87, 14, 55, 6, 94, 79, 22, 16, 64, 124, 38, 15, 65, 120, 68, 41, 77, 20, 50, 31, 53, 54, 37, 85, 89, 121, 2, 123, 66, 82, 84, 42, 76, 24, 34, 109, 21, 125, 0, 110, 27, 18, 117, 11, 12, 47, 25, 98, 30, 83, 46, 62, 69, 90, 36, 61, 7, 63, 92, 75, 5, 32, 105, 4, 51, 48, 73, 93, 39, 95, 112, 67, 29, 97, 49, 57, 33]
2024-05-19 19:43:54,955 [fecam.py] => Learning on 0-20
  0%|          | 0/10 [00:00<?, ?it/s]2024-05-19 19:45:47,543 [trainer.py] => config: exps/FeCAM_domainnet.json
2024-05-19 19:45:47,543 [trainer.py] => prefix: train
2024-05-19 19:45:47,543 [trainer.py] => dataset: domainnet-126
2024-05-19 19:45:47,543 [trainer.py] => memory_size: 0
2024-05-19 19:45:47,543 [trainer.py] => shuffle: True
2024-05-19 19:45:47,543 [trainer.py] => init_cls: 20
2024-05-19 19:45:47,543 [trainer.py] => increment: 20
2024-05-19 19:45:47,543 [trainer.py] => model_name: fecam
2024-05-19 19:45:47,543 [trainer.py] => convnet_type: resnet18
2024-05-19 19:45:47,543 [trainer.py] => device: [device(type='cuda', index=3), device(type='cuda', index=2)]
2024-05-19 19:45:47,543 [trainer.py] => seed: 1993
2024-05-19 19:45:47,543 [trainer.py] => init_epochs: 10
2024-05-19 19:45:47,543 [trainer.py] => init_lr: 0.1
2024-05-19 19:45:47,544 [trainer.py] => init_weight_decay: 0.0005
2024-05-19 19:45:47,544 [trainer.py] => batch_size: 16
2024-05-19 19:45:47,544 [trainer.py] => num_workers: 8
2024-05-19 19:45:47,544 [trainer.py] => T: 2
2024-05-19 19:45:47,544 [trainer.py] => beta: 0.5
2024-05-19 19:45:47,544 [trainer.py] => alpha1: 1
2024-05-19 19:45:47,544 [trainer.py] => alpha2: 1
2024-05-19 19:45:47,544 [trainer.py] => ncm: False
2024-05-19 19:45:47,544 [trainer.py] => tukey: True
2024-05-19 19:45:47,544 [trainer.py] => diagonal: False
2024-05-19 19:45:47,544 [trainer.py] => per_class: True
2024-05-19 19:45:47,544 [trainer.py] => full_cov: True
2024-05-19 19:45:47,544 [trainer.py] => shrink: True
2024-05-19 19:45:47,544 [trainer.py] => norm_cov: True
2024-05-19 19:45:47,544 [trainer.py] => source_index: 0
2024-05-19 19:45:47,544 [trainer.py] => target_index: 3
0 /public/home/imgbreaker/Desktop/dataset/DomainNet/dataset/sketch/The_Eiffel_Tower/sketch_309_000001.jpg
1 /public/home/imgbreaker/Desktop/dataset/DomainNet/dataset/sketch/The_Great_Wall_of_China/sketch_310_000001.jpg
2 /public/home/imgbreaker/Desktop/dataset/DomainNet/dataset/sketch/aircraft_carrier/sketch_001_000001.jpg
3 /public/home/imgbreaker/Desktop/dataset/DomainNet/dataset/sketch/alarm_clock/sketch_003_000001.jpg
4 /public/home/imgbreaker/Desktop/dataset/DomainNet/dataset/sketch/ant/sketch_007_000001.jpg
5 /public/home/imgbreaker/Desktop/dataset/DomainNet/dataset/sketch/anvil/sketch_008_000001.jpg
6 /public/home/imgbreaker/Desktop/dataset/DomainNet/dataset/sketch/asparagus/sketch_011_000001.jpg
7 /public/home/imgbreaker/Desktop/dataset/DomainNet/dataset/sketch/axe/sketch_012_000001.jpg
8 /public/home/imgbreaker/Desktop/dataset/DomainNet/dataset/sketch/banana/sketch_014_000001.jpg
9 /public/home/imgbreaker/Desktop/dataset/DomainNet/dataset/sketch/basket/sketch_019_000001.jpg
10 /public/home/imgbreaker/Desktop/dataset/DomainNet/dataset/sketch/bathtub/sketch_022_000002.jpg
11 /public/home/imgbreaker/Desktop/dataset/DomainNet/dataset/sketch/bear/sketch_024_000001.jpg
12 /public/home/imgbreaker/Desktop/dataset/DomainNet/dataset/sketch/bee/sketch_027_000001.jpg
13 /public/home/imgbreaker/Desktop/dataset/DomainNet/dataset/sketch/bird/sketch_032_000001.jpg
14 /public/home/imgbreaker/Desktop/dataset/DomainNet/dataset/sketch/blackberry/sketch_034_000001.jpg
15 /public/home/imgbreaker/Desktop/dataset/DomainNet/dataset/sketch/blueberry/sketch_035_000001.jpg
16 /public/home/imgbreaker/Desktop/dataset/DomainNet/dataset/sketch/bottlecap/sketch_038_000001.jpg
17 /public/home/imgbreaker/Desktop/dataset/DomainNet/dataset/sketch/broccoli/sketch_044_000001.jpg
18 /public/home/imgbreaker/Desktop/dataset/DomainNet/dataset/sketch/bus/sketch_048_000001.jpg
19 /public/home/imgbreaker/Desktop/dataset/DomainNet/dataset/sketch/butterfly/sketch_050_000001.jpg
20 /public/home/imgbreaker/Desktop/dataset/DomainNet/dataset/sketch/cactus/sketch_051_000001.jpg
21 /public/home/imgbreaker/Desktop/dataset/DomainNet/dataset/sketch/cake/sketch_052_000004.jpg
22 /public/home/imgbreaker/Desktop/dataset/DomainNet/dataset/sketch/calculator/sketch_053_000001.jpg
23 /public/home/imgbreaker/Desktop/dataset/DomainNet/dataset/sketch/camel/sketch_055_000001.jpg
24 /public/home/imgbreaker/Desktop/dataset/DomainNet/dataset/sketch/camera/sketch_056_000001.jpg
25 /public/home/imgbreaker/Desktop/dataset/DomainNet/dataset/sketch/candle/sketch_059_000001.jpg
26 /public/home/imgbreaker/Desktop/dataset/DomainNet/dataset/sketch/cannon/sketch_060_000001.jpg
27 /public/home/imgbreaker/Desktop/dataset/DomainNet/dataset/sketch/canoe/sketch_061_000001.jpg
28 /public/home/imgbreaker/Desktop/dataset/DomainNet/dataset/sketch/carrot/sketch_063_000001.jpg
29 /public/home/imgbreaker/Desktop/dataset/DomainNet/dataset/sketch/castle/sketch_064_000001.jpg
30 /public/home/imgbreaker/Desktop/dataset/DomainNet/dataset/sketch/cat/sketch_065_000001.jpg
31 /public/home/imgbreaker/Desktop/dataset/DomainNet/dataset/sketch/ceiling_fan/sketch_066_000001.jpg
32 /public/home/imgbreaker/Desktop/dataset/DomainNet/dataset/sketch/cell_phone/sketch_068_000001.jpg
33 /public/home/imgbreaker/Desktop/dataset/DomainNet/dataset/sketch/cello/sketch_067_000001.jpg
34 /public/home/imgbreaker/Desktop/dataset/DomainNet/dataset/sketch/chair/sketch_069_000001.jpg
35 /public/home/imgbreaker/Desktop/dataset/DomainNet/dataset/sketch/chandelier/sketch_070_000001.jpg
36 /public/home/imgbreaker/Desktop/dataset/DomainNet/dataset/sketch/coffee_cup/sketch_076_000001.jpg
37 /public/home/imgbreaker/Desktop/dataset/DomainNet/dataset/sketch/compass/sketch_077_000001.jpg
38 /public/home/imgbreaker/Desktop/dataset/DomainNet/dataset/sketch/computer/sketch_078_000001.jpg
39 /public/home/imgbreaker/Desktop/dataset/DomainNet/dataset/sketch/cow/sketch_082_000001.jpg
40 /public/home/imgbreaker/Desktop/dataset/DomainNet/dataset/sketch/crab/sketch_083_000001.jpg
41 /public/home/imgbreaker/Desktop/dataset/DomainNet/dataset/sketch/crocodile/sketch_085_000001.jpg
42 /public/home/imgbreaker/Desktop/dataset/DomainNet/dataset/sketch/cruise_ship/sketch_087_000001.jpg
43 /public/home/imgbreaker/Desktop/dataset/DomainNet/dataset/sketch/dog/sketch_092_000001.jpg
44 /public/home/imgbreaker/Desktop/dataset/DomainNet/dataset/sketch/dolphin/sketch_093_000001.jpg
45 /public/home/imgbreaker/Desktop/dataset/DomainNet/dataset/sketch/dragon/sketch_096_000001.jpg
46 /public/home/imgbreaker/Desktop/dataset/DomainNet/dataset/sketch/drums/sketch_099_000001.jpg
47 /public/home/imgbreaker/Desktop/dataset/DomainNet/dataset/sketch/duck/sketch_100_000001.jpg
48 /public/home/imgbreaker/Desktop/dataset/DomainNet/dataset/sketch/dumbbell/sketch_101_000001.jpg
49 /public/home/imgbreaker/Desktop/dataset/DomainNet/dataset/sketch/elephant/sketch_104_000001.jpg
50 /public/home/imgbreaker/Desktop/dataset/DomainNet/dataset/sketch/eyeglasses/sketch_108_000001.jpg
51 /public/home/imgbreaker/Desktop/dataset/DomainNet/dataset/sketch/feather/sketch_111_000001.jpg
52 /public/home/imgbreaker/Desktop/dataset/DomainNet/dataset/sketch/fence/sketch_112_000001.jpg
53 /public/home/imgbreaker/Desktop/dataset/DomainNet/dataset/sketch/fish/sketch_117_000001.jpg
54 /public/home/imgbreaker/Desktop/dataset/DomainNet/dataset/sketch/flamingo/sketch_118_000001.jpg
55 /public/home/imgbreaker/Desktop/dataset/DomainNet/dataset/sketch/flower/sketch_122_000001.jpg
56 /public/home/imgbreaker/Desktop/dataset/DomainNet/dataset/sketch/foot/sketch_124_000001.jpg
57 /public/home/imgbreaker/Desktop/dataset/DomainNet/dataset/sketch/fork/sketch_125_000001.jpg
58 /public/home/imgbreaker/Desktop/dataset/DomainNet/dataset/sketch/frog/sketch_126_000001.jpg
59 /public/home/imgbreaker/Desktop/dataset/DomainNet/dataset/sketch/giraffe/sketch_130_000001.jpg
60 /public/home/imgbreaker/Desktop/dataset/DomainNet/dataset/sketch/goatee/sketch_131_000001.jpg
61 /public/home/imgbreaker/Desktop/dataset/DomainNet/dataset/sketch/grapes/sketch_133_000001.jpg
62 /public/home/imgbreaker/Desktop/dataset/DomainNet/dataset/sketch/guitar/sketch_135_000001.jpg
63 /public/home/imgbreaker/Desktop/dataset/DomainNet/dataset/sketch/hammer/sketch_137_000001.jpg
64 /public/home/imgbreaker/Desktop/dataset/DomainNet/dataset/sketch/helicopter/sketch_143_000001.jpg
65 /public/home/imgbreaker/Desktop/dataset/DomainNet/dataset/sketch/helmet/sketch_144_000001.jpg
66 /public/home/imgbreaker/Desktop/dataset/DomainNet/dataset/sketch/horse/sketch_148_000001.jpg
67 /public/home/imgbreaker/Desktop/dataset/DomainNet/dataset/sketch/kangaroo/sketch_160_000001.jpg
68 /public/home/imgbreaker/Desktop/dataset/DomainNet/dataset/sketch/lantern/sketch_166_000001.jpg
69 /public/home/imgbreaker/Desktop/dataset/DomainNet/dataset/sketch/laptop/sketch_167_000001.jpg
70 /public/home/imgbreaker/Desktop/dataset/DomainNet/dataset/sketch/leaf/sketch_168_000001.jpg
71 /public/home/imgbreaker/Desktop/dataset/DomainNet/dataset/sketch/lion/sketch_175_000001.jpg
72 /public/home/imgbreaker/Desktop/dataset/DomainNet/dataset/sketch/lipstick/sketch_176_000001.jpg
73 /public/home/imgbreaker/Desktop/dataset/DomainNet/dataset/sketch/lobster/sketch_177_000001.jpg
74 /public/home/imgbreaker/Desktop/dataset/DomainNet/dataset/sketch/microphone/sketch_185_000001.jpg
75 /public/home/imgbreaker/Desktop/dataset/DomainNet/dataset/sketch/monkey/sketch_187_000001.jpg
76 /public/home/imgbreaker/Desktop/dataset/DomainNet/dataset/sketch/mosquito/sketch_189_000001.jpg
77 /public/home/imgbreaker/Desktop/dataset/DomainNet/dataset/sketch/mouse/sketch_192_000001.jpg
78 /public/home/imgbreaker/Desktop/dataset/DomainNet/dataset/sketch/mug/sketch_195_000001.jpg
79 /public/home/imgbreaker/Desktop/dataset/DomainNet/dataset/sketch/mushroom/sketch_196_000001.jpg
80 /public/home/imgbreaker/Desktop/dataset/DomainNet/dataset/sketch/onion/sketch_203_000001.jpg
81 /public/home/imgbreaker/Desktop/dataset/DomainNet/dataset/sketch/panda/sketch_209_000001.jpg
82 /public/home/imgbreaker/Desktop/dataset/DomainNet/dataset/sketch/peanut/sketch_215_000001.jpg
83 /public/home/imgbreaker/Desktop/dataset/DomainNet/dataset/sketch/pear/sketch_216_000001.jpg
84 /public/home/imgbreaker/Desktop/dataset/DomainNet/dataset/sketch/peas/sketch_217_000001.jpg
85 /public/home/imgbreaker/Desktop/dataset/DomainNet/dataset/sketch/pencil/sketch_218_000001.jpg
86 /public/home/imgbreaker/Desktop/dataset/DomainNet/dataset/sketch/penguin/sketch_219_000001.jpg
87 /public/home/imgbreaker/Desktop/dataset/DomainNet/dataset/sketch/pig/sketch_223_000001.jpg
88 /public/home/imgbreaker/Desktop/dataset/DomainNet/dataset/sketch/pillow/sketch_224_000001.jpg
89 /public/home/imgbreaker/Desktop/dataset/DomainNet/dataset/sketch/pineapple/sketch_225_000001.jpg
90 /public/home/imgbreaker/Desktop/dataset/DomainNet/dataset/sketch/potato/sketch_233_000001.jpg
91 /public/home/imgbreaker/Desktop/dataset/DomainNet/dataset/sketch/power_outlet/sketch_234_000001.jpg
92 /public/home/imgbreaker/Desktop/dataset/DomainNet/dataset/sketch/purse/sketch_235_000001.jpg
93 /public/home/imgbreaker/Desktop/dataset/DomainNet/dataset/sketch/rabbit/sketch_236_000001.jpg
94 /public/home/imgbreaker/Desktop/dataset/DomainNet/dataset/sketch/raccoon/sketch_237_000001.jpg
95 /public/home/imgbreaker/Desktop/dataset/DomainNet/dataset/sketch/rhinoceros/sketch_243_000001.jpg
96 /public/home/imgbreaker/Desktop/dataset/DomainNet/dataset/sketch/rifle/sketch_244_000001.jpg
97 /public/home/imgbreaker/Desktop/dataset/DomainNet/dataset/sketch/saxophone/sketch_251_000001.jpg
98 /public/home/imgbreaker/Desktop/dataset/DomainNet/dataset/sketch/screwdriver/sketch_255_000001.jpg
99 /public/home/imgbreaker/Desktop/dataset/DomainNet/dataset/sketch/sea_turtle/sketch_256_000001.jpg
100 /public/home/imgbreaker/Desktop/dataset/DomainNet/dataset/sketch/see_saw/sketch_257_000001.jpg
101 /public/home/imgbreaker/Desktop/dataset/DomainNet/dataset/sketch/sheep/sketch_259_000001.jpg
102 /public/home/imgbreaker/Desktop/dataset/DomainNet/dataset/sketch/shoe/sketch_260_000001.jpg
103 /public/home/imgbreaker/Desktop/dataset/DomainNet/dataset/sketch/skateboard/sketch_264_000001.jpg
104 /public/home/imgbreaker/Desktop/dataset/DomainNet/dataset/sketch/snake/sketch_270_000001.jpg
105 /public/home/imgbreaker/Desktop/dataset/DomainNet/dataset/sketch/speedboat/sketch_276_000001.jpg
106 /public/home/imgbreaker/Desktop/dataset/DomainNet/dataset/sketch/spider/sketch_277_000001.jpg
107 /public/home/imgbreaker/Desktop/dataset/DomainNet/dataset/sketch/squirrel/sketch_282_000001.jpg
108 /public/home/imgbreaker/Desktop/dataset/DomainNet/dataset/sketch/strawberry/sketch_291_000001.jpg
109 /public/home/imgbreaker/Desktop/dataset/DomainNet/dataset/sketch/streetlight/sketch_292_000001.jpg
110 /public/home/imgbreaker/Desktop/dataset/DomainNet/dataset/sketch/string_bean/sketch_293_000001.jpg
111 /public/home/imgbreaker/Desktop/dataset/DomainNet/dataset/sketch/submarine/sketch_294_000001.jpg
112 /public/home/imgbreaker/Desktop/dataset/DomainNet/dataset/sketch/swan/sketch_297_000001.jpg
113 /public/home/imgbreaker/Desktop/dataset/DomainNet/dataset/sketch/table/sketch_302_000001.jpg
114 /public/home/imgbreaker/Desktop/dataset/DomainNet/dataset/sketch/teapot/sketch_303_000001.jpg
115 /public/home/imgbreaker/Desktop/dataset/DomainNet/dataset/sketch/teddy-bear/sketch_304_000003.jpg
116 /public/home/imgbreaker/Desktop/dataset/DomainNet/dataset/sketch/television/sketch_306_000001.jpg
117 /public/home/imgbreaker/Desktop/dataset/DomainNet/dataset/sketch/tiger/sketch_312_000001.jpg
118 /public/home/imgbreaker/Desktop/dataset/DomainNet/dataset/sketch/toe/sketch_314_000001.jpg
119 /public/home/imgbreaker/Desktop/dataset/DomainNet/dataset/sketch/train/sketch_322_000001.jpg
120 /public/home/imgbreaker/Desktop/dataset/DomainNet/dataset/sketch/truck/sketch_326_000001.jpg
121 /public/home/imgbreaker/Desktop/dataset/DomainNet/dataset/sketch/umbrella/sketch_329_000001.jpg
122 /public/home/imgbreaker/Desktop/dataset/DomainNet/dataset/sketch/vase/sketch_332_000001.jpg
123 /public/home/imgbreaker/Desktop/dataset/DomainNet/dataset/sketch/watermelon/sketch_335_000001.jpg
124 /public/home/imgbreaker/Desktop/dataset/DomainNet/dataset/sketch/whale/sketch_337_000001.jpg
125 /public/home/imgbreaker/Desktop/dataset/DomainNet/dataset/sketch/zebra/sketch_344_000001.jpg
0 /public/home/imgbreaker/Desktop/dataset/DomainNet/dataset/sketch/The_Eiffel_Tower/sketch_309_000001.jpg
1 /public/home/imgbreaker/Desktop/dataset/DomainNet/dataset/sketch/The_Great_Wall_of_China/sketch_310_000001.jpg
2 /public/home/imgbreaker/Desktop/dataset/DomainNet/dataset/sketch/aircraft_carrier/sketch_001_000001.jpg
3 /public/home/imgbreaker/Desktop/dataset/DomainNet/dataset/sketch/alarm_clock/sketch_003_000001.jpg
4 /public/home/imgbreaker/Desktop/dataset/DomainNet/dataset/sketch/ant/sketch_007_000001.jpg
5 /public/home/imgbreaker/Desktop/dataset/DomainNet/dataset/sketch/anvil/sketch_008_000001.jpg
6 /public/home/imgbreaker/Desktop/dataset/DomainNet/dataset/sketch/asparagus/sketch_011_000001.jpg
7 /public/home/imgbreaker/Desktop/dataset/DomainNet/dataset/sketch/axe/sketch_012_000001.jpg
8 /public/home/imgbreaker/Desktop/dataset/DomainNet/dataset/sketch/banana/sketch_014_000001.jpg
9 /public/home/imgbreaker/Desktop/dataset/DomainNet/dataset/sketch/basket/sketch_019_000001.jpg
10 /public/home/imgbreaker/Desktop/dataset/DomainNet/dataset/sketch/bathtub/sketch_022_000002.jpg
11 /public/home/imgbreaker/Desktop/dataset/DomainNet/dataset/sketch/bear/sketch_024_000001.jpg
12 /public/home/imgbreaker/Desktop/dataset/DomainNet/dataset/sketch/bee/sketch_027_000001.jpg
13 /public/home/imgbreaker/Desktop/dataset/DomainNet/dataset/sketch/bird/sketch_032_000001.jpg
14 /public/home/imgbreaker/Desktop/dataset/DomainNet/dataset/sketch/blackberry/sketch_034_000001.jpg
15 /public/home/imgbreaker/Desktop/dataset/DomainNet/dataset/sketch/blueberry/sketch_035_000001.jpg
16 /public/home/imgbreaker/Desktop/dataset/DomainNet/dataset/sketch/bottlecap/sketch_038_000001.jpg
17 /public/home/imgbreaker/Desktop/dataset/DomainNet/dataset/sketch/broccoli/sketch_044_000001.jpg
18 /public/home/imgbreaker/Desktop/dataset/DomainNet/dataset/sketch/bus/sketch_048_000001.jpg
19 /public/home/imgbreaker/Desktop/dataset/DomainNet/dataset/sketch/butterfly/sketch_050_000001.jpg
20 /public/home/imgbreaker/Desktop/dataset/DomainNet/dataset/sketch/cactus/sketch_051_000001.jpg
21 /public/home/imgbreaker/Desktop/dataset/DomainNet/dataset/sketch/cake/sketch_052_000004.jpg
22 /public/home/imgbreaker/Desktop/dataset/DomainNet/dataset/sketch/calculator/sketch_053_000001.jpg
23 /public/home/imgbreaker/Desktop/dataset/DomainNet/dataset/sketch/camel/sketch_055_000001.jpg
24 /public/home/imgbreaker/Desktop/dataset/DomainNet/dataset/sketch/camera/sketch_056_000001.jpg
25 /public/home/imgbreaker/Desktop/dataset/DomainNet/dataset/sketch/candle/sketch_059_000001.jpg
26 /public/home/imgbreaker/Desktop/dataset/DomainNet/dataset/sketch/cannon/sketch_060_000001.jpg
27 /public/home/imgbreaker/Desktop/dataset/DomainNet/dataset/sketch/canoe/sketch_061_000001.jpg
28 /public/home/imgbreaker/Desktop/dataset/DomainNet/dataset/sketch/carrot/sketch_063_000001.jpg
29 /public/home/imgbreaker/Desktop/dataset/DomainNet/dataset/sketch/castle/sketch_064_000001.jpg
30 /public/home/imgbreaker/Desktop/dataset/DomainNet/dataset/sketch/cat/sketch_065_000001.jpg
31 /public/home/imgbreaker/Desktop/dataset/DomainNet/dataset/sketch/ceiling_fan/sketch_066_000001.jpg
32 /public/home/imgbreaker/Desktop/dataset/DomainNet/dataset/sketch/cell_phone/sketch_068_000001.jpg
33 /public/home/imgbreaker/Desktop/dataset/DomainNet/dataset/sketch/cello/sketch_067_000001.jpg
34 /public/home/imgbreaker/Desktop/dataset/DomainNet/dataset/sketch/chair/sketch_069_000001.jpg
35 /public/home/imgbreaker/Desktop/dataset/DomainNet/dataset/sketch/chandelier/sketch_070_000001.jpg
36 /public/home/imgbreaker/Desktop/dataset/DomainNet/dataset/sketch/coffee_cup/sketch_076_000001.jpg
37 /public/home/imgbreaker/Desktop/dataset/DomainNet/dataset/sketch/compass/sketch_077_000001.jpg
38 /public/home/imgbreaker/Desktop/dataset/DomainNet/dataset/sketch/computer/sketch_078_000001.jpg
39 /public/home/imgbreaker/Desktop/dataset/DomainNet/dataset/sketch/cow/sketch_082_000001.jpg
40 /public/home/imgbreaker/Desktop/dataset/DomainNet/dataset/sketch/crab/sketch_083_000001.jpg
41 /public/home/imgbreaker/Desktop/dataset/DomainNet/dataset/sketch/crocodile/sketch_085_000001.jpg
42 /public/home/imgbreaker/Desktop/dataset/DomainNet/dataset/sketch/cruise_ship/sketch_087_000001.jpg
43 /public/home/imgbreaker/Desktop/dataset/DomainNet/dataset/sketch/dog/sketch_092_000001.jpg
44 /public/home/imgbreaker/Desktop/dataset/DomainNet/dataset/sketch/dolphin/sketch_093_000001.jpg
45 /public/home/imgbreaker/Desktop/dataset/DomainNet/dataset/sketch/dragon/sketch_096_000001.jpg
46 /public/home/imgbreaker/Desktop/dataset/DomainNet/dataset/sketch/drums/sketch_099_000001.jpg
47 /public/home/imgbreaker/Desktop/dataset/DomainNet/dataset/sketch/duck/sketch_100_000001.jpg
48 /public/home/imgbreaker/Desktop/dataset/DomainNet/dataset/sketch/dumbbell/sketch_101_000001.jpg
49 /public/home/imgbreaker/Desktop/dataset/DomainNet/dataset/sketch/elephant/sketch_104_000001.jpg
50 /public/home/imgbreaker/Desktop/dataset/DomainNet/dataset/sketch/eyeglasses/sketch_108_000001.jpg
51 /public/home/imgbreaker/Desktop/dataset/DomainNet/dataset/sketch/feather/sketch_111_000001.jpg
52 /public/home/imgbreaker/Desktop/dataset/DomainNet/dataset/sketch/fence/sketch_112_000001.jpg
53 /public/home/imgbreaker/Desktop/dataset/DomainNet/dataset/sketch/fish/sketch_117_000001.jpg
54 /public/home/imgbreaker/Desktop/dataset/DomainNet/dataset/sketch/flamingo/sketch_118_000001.jpg
55 /public/home/imgbreaker/Desktop/dataset/DomainNet/dataset/sketch/flower/sketch_122_000001.jpg
56 /public/home/imgbreaker/Desktop/dataset/DomainNet/dataset/sketch/foot/sketch_124_000001.jpg
57 /public/home/imgbreaker/Desktop/dataset/DomainNet/dataset/sketch/fork/sketch_125_000001.jpg
58 /public/home/imgbreaker/Desktop/dataset/DomainNet/dataset/sketch/frog/sketch_126_000001.jpg
59 /public/home/imgbreaker/Desktop/dataset/DomainNet/dataset/sketch/giraffe/sketch_130_000001.jpg
60 /public/home/imgbreaker/Desktop/dataset/DomainNet/dataset/sketch/goatee/sketch_131_000001.jpg
61 /public/home/imgbreaker/Desktop/dataset/DomainNet/dataset/sketch/grapes/sketch_133_000001.jpg
62 /public/home/imgbreaker/Desktop/dataset/DomainNet/dataset/sketch/guitar/sketch_135_000001.jpg
63 /public/home/imgbreaker/Desktop/dataset/DomainNet/dataset/sketch/hammer/sketch_137_000001.jpg
64 /public/home/imgbreaker/Desktop/dataset/DomainNet/dataset/sketch/helicopter/sketch_143_000001.jpg
65 /public/home/imgbreaker/Desktop/dataset/DomainNet/dataset/sketch/helmet/sketch_144_000001.jpg
66 /public/home/imgbreaker/Desktop/dataset/DomainNet/dataset/sketch/horse/sketch_148_000001.jpg
67 /public/home/imgbreaker/Desktop/dataset/DomainNet/dataset/sketch/kangaroo/sketch_160_000001.jpg
68 /public/home/imgbreaker/Desktop/dataset/DomainNet/dataset/sketch/lantern/sketch_166_000001.jpg
69 /public/home/imgbreaker/Desktop/dataset/DomainNet/dataset/sketch/laptop/sketch_167_000001.jpg
70 /public/home/imgbreaker/Desktop/dataset/DomainNet/dataset/sketch/leaf/sketch_168_000001.jpg
71 /public/home/imgbreaker/Desktop/dataset/DomainNet/dataset/sketch/lion/sketch_175_000001.jpg
72 /public/home/imgbreaker/Desktop/dataset/DomainNet/dataset/sketch/lipstick/sketch_176_000001.jpg
73 /public/home/imgbreaker/Desktop/dataset/DomainNet/dataset/sketch/lobster/sketch_177_000001.jpg
74 /public/home/imgbreaker/Desktop/dataset/DomainNet/dataset/sketch/microphone/sketch_185_000001.jpg
75 /public/home/imgbreaker/Desktop/dataset/DomainNet/dataset/sketch/monkey/sketch_187_000001.jpg
76 /public/home/imgbreaker/Desktop/dataset/DomainNet/dataset/sketch/mosquito/sketch_189_000001.jpg
77 /public/home/imgbreaker/Desktop/dataset/DomainNet/dataset/sketch/mouse/sketch_192_000001.jpg
78 /public/home/imgbreaker/Desktop/dataset/DomainNet/dataset/sketch/mug/sketch_195_000001.jpg
79 /public/home/imgbreaker/Desktop/dataset/DomainNet/dataset/sketch/mushroom/sketch_196_000001.jpg
80 /public/home/imgbreaker/Desktop/dataset/DomainNet/dataset/sketch/onion/sketch_203_000001.jpg
81 /public/home/imgbreaker/Desktop/dataset/DomainNet/dataset/sketch/panda/sketch_209_000001.jpg
82 /public/home/imgbreaker/Desktop/dataset/DomainNet/dataset/sketch/peanut/sketch_215_000001.jpg
83 /public/home/imgbreaker/Desktop/dataset/DomainNet/dataset/sketch/pear/sketch_216_000001.jpg
84 /public/home/imgbreaker/Desktop/dataset/DomainNet/dataset/sketch/peas/sketch_217_000001.jpg
85 /public/home/imgbreaker/Desktop/dataset/DomainNet/dataset/sketch/pencil/sketch_218_000001.jpg
86 /public/home/imgbreaker/Desktop/dataset/DomainNet/dataset/sketch/penguin/sketch_219_000001.jpg
87 /public/home/imgbreaker/Desktop/dataset/DomainNet/dataset/sketch/pig/sketch_223_000001.jpg
88 /public/home/imgbreaker/Desktop/dataset/DomainNet/dataset/sketch/pillow/sketch_224_000001.jpg
89 /public/home/imgbreaker/Desktop/dataset/DomainNet/dataset/sketch/pineapple/sketch_225_000001.jpg
90 /public/home/imgbreaker/Desktop/dataset/DomainNet/dataset/sketch/potato/sketch_233_000001.jpg
91 /public/home/imgbreaker/Desktop/dataset/DomainNet/dataset/sketch/power_outlet/sketch_234_000001.jpg
92 /public/home/imgbreaker/Desktop/dataset/DomainNet/dataset/sketch/purse/sketch_235_000001.jpg
93 /public/home/imgbreaker/Desktop/dataset/DomainNet/dataset/sketch/rabbit/sketch_236_000001.jpg
94 /public/home/imgbreaker/Desktop/dataset/DomainNet/dataset/sketch/raccoon/sketch_237_000001.jpg
95 /public/home/imgbreaker/Desktop/dataset/DomainNet/dataset/sketch/rhinoceros/sketch_243_000001.jpg
96 /public/home/imgbreaker/Desktop/dataset/DomainNet/dataset/sketch/rifle/sketch_244_000001.jpg
97 /public/home/imgbreaker/Desktop/dataset/DomainNet/dataset/sketch/saxophone/sketch_251_000001.jpg
98 /public/home/imgbreaker/Desktop/dataset/DomainNet/dataset/sketch/screwdriver/sketch_255_000001.jpg
99 /public/home/imgbreaker/Desktop/dataset/DomainNet/dataset/sketch/sea_turtle/sketch_256_000001.jpg
100 /public/home/imgbreaker/Desktop/dataset/DomainNet/dataset/sketch/see_saw/sketch_257_000001.jpg
101 /public/home/imgbreaker/Desktop/dataset/DomainNet/dataset/sketch/sheep/sketch_259_000001.jpg
102 /public/home/imgbreaker/Desktop/dataset/DomainNet/dataset/sketch/shoe/sketch_260_000001.jpg
103 /public/home/imgbreaker/Desktop/dataset/DomainNet/dataset/sketch/skateboard/sketch_264_000001.jpg
104 /public/home/imgbreaker/Desktop/dataset/DomainNet/dataset/sketch/snake/sketch_270_000001.jpg
105 /public/home/imgbreaker/Desktop/dataset/DomainNet/dataset/sketch/speedboat/sketch_276_000001.jpg
106 /public/home/imgbreaker/Desktop/dataset/DomainNet/dataset/sketch/spider/sketch_277_000001.jpg
107 /public/home/imgbreaker/Desktop/dataset/DomainNet/dataset/sketch/squirrel/sketch_282_000001.jpg
108 /public/home/imgbreaker/Desktop/dataset/DomainNet/dataset/sketch/strawberry/sketch_291_000001.jpg
109 /public/home/imgbreaker/Desktop/dataset/DomainNet/dataset/sketch/streetlight/sketch_292_000001.jpg
110 /public/home/imgbreaker/Desktop/dataset/DomainNet/dataset/sketch/string_bean/sketch_293_000001.jpg
111 /public/home/imgbreaker/Desktop/dataset/DomainNet/dataset/sketch/submarine/sketch_294_000001.jpg
112 /public/home/imgbreaker/Desktop/dataset/DomainNet/dataset/sketch/swan/sketch_297_000001.jpg
113 /public/home/imgbreaker/Desktop/dataset/DomainNet/dataset/sketch/table/sketch_302_000001.jpg
114 /public/home/imgbreaker/Desktop/dataset/DomainNet/dataset/sketch/teapot/sketch_303_000001.jpg
115 /public/home/imgbreaker/Desktop/dataset/DomainNet/dataset/sketch/teddy-bear/sketch_304_000003.jpg
116 /public/home/imgbreaker/Desktop/dataset/DomainNet/dataset/sketch/television/sketch_306_000001.jpg
117 /public/home/imgbreaker/Desktop/dataset/DomainNet/dataset/sketch/tiger/sketch_312_000001.jpg
118 /public/home/imgbreaker/Desktop/dataset/DomainNet/dataset/sketch/toe/sketch_314_000001.jpg
119 /public/home/imgbreaker/Desktop/dataset/DomainNet/dataset/sketch/train/sketch_322_000001.jpg
120 /public/home/imgbreaker/Desktop/dataset/DomainNet/dataset/sketch/truck/sketch_326_000001.jpg
121 /public/home/imgbreaker/Desktop/dataset/DomainNet/dataset/sketch/umbrella/sketch_329_000001.jpg
122 /public/home/imgbreaker/Desktop/dataset/DomainNet/dataset/sketch/vase/sketch_332_000001.jpg
123 /public/home/imgbreaker/Desktop/dataset/DomainNet/dataset/sketch/watermelon/sketch_335_000001.jpg
124 /public/home/imgbreaker/Desktop/dataset/DomainNet/dataset/sketch/whale/sketch_337_000001.jpg
125 /public/home/imgbreaker/Desktop/dataset/DomainNet/dataset/sketch/zebra/sketch_344_000001.jpg
2024-05-19 19:45:50,956 [data_manager.py] => [91, 9, 23, 101, 58, 113, 45, 43, 40, 74, 119, 107, 44, 108, 99, 100, 60, 115, 86, 59, 8, 103, 80, 52, 81, 28, 114, 118, 26, 96, 111, 10, 122, 35, 88, 104, 3, 71, 70, 72, 102, 106, 1, 78, 116, 19, 17, 56, 13, 87, 14, 55, 6, 94, 79, 22, 16, 64, 124, 38, 15, 65, 120, 68, 41, 77, 20, 50, 31, 53, 54, 37, 85, 89, 121, 2, 123, 66, 82, 84, 42, 76, 24, 34, 109, 21, 125, 0, 110, 27, 18, 117, 11, 12, 47, 25, 98, 30, 83, 46, 62, 69, 90, 36, 61, 7, 63, 92, 75, 5, 32, 105, 4, 51, 48, 73, 93, 39, 95, 112, 67, 29, 97, 49, 57, 33]
2024-05-19 19:45:51,199 [fecam.py] => Learning on 0-20
  0%|          | 0/10 [00:00<?, ?it/s]Task 0, Epoch 1/10 => Loss 2.835, Train_accy 5.38, Test_accy 4.00:   0%|          | 0/10 [01:07<?, ?it/s]2024-05-19 19:47:10,481 [fecam.py] => Task 0, Epoch 1/10 => Loss 2.835, Train_accy 5.38, Test_accy 4.00
Task 0, Epoch 1/10 => Loss 2.835, Train_accy 5.38, Test_accy 4.00:  10%|         | 1/10 [01:07<10:06, 67.44s/it]Task 0, Epoch 2/10 => Loss 2.799, Train_accy 4.67:  10%|         | 1/10 [01:25<10:06, 67.44s/it]                2024-05-19 19:47:28,554 [fecam.py] => Task 0, Epoch 2/10 => Loss 2.799, Train_accy 4.67
Task 0, Epoch 2/10 => Loss 2.799, Train_accy 4.67:  20%|        | 2/10 [01:25<05:07, 38.40s/it]Task 0, Epoch 3/10 => Loss 2.745, Train_accy 4.35:  20%|        | 2/10 [01:44<05:07, 38.40s/it]2024-05-19 19:47:47,151 [fecam.py] => Task 0, Epoch 3/10 => Loss 2.745, Train_accy 4.35
Task 0, Epoch 3/10 => Loss 2.745, Train_accy 4.35:  30%|       | 3/10 [01:44<03:25, 29.36s/it]Task 0, Epoch 4/10 => Loss 2.716, Train_accy 3.50:  30%|       | 3/10 [02:02<03:25, 29.36s/it]2024-05-19 19:48:05,289 [fecam.py] => Task 0, Epoch 4/10 => Loss 2.716, Train_accy 3.50
Task 0, Epoch 4/10 => Loss 2.716, Train_accy 3.50:  40%|      | 4/10 [02:02<02:29, 24.93s/it]Task 0, Epoch 5/10 => Loss 2.667, Train_accy 3.68:  40%|      | 4/10 [02:20<02:29, 24.93s/it]2024-05-19 19:48:23,577 [fecam.py] => Task 0, Epoch 5/10 => Loss 2.667, Train_accy 3.68
Task 0, Epoch 5/10 => Loss 2.667, Train_accy 3.68:  50%|     | 5/10 [02:20<01:52, 22.53s/it]Task 0, Epoch 6/10 => Loss 2.649, Train_accy 3.31, Test_accy 2.66:  50%|     | 5/10 [02:44<01:52, 22.53s/it]2024-05-19 19:48:48,004 [fecam.py] => Task 0, Epoch 6/10 => Loss 2.649, Train_accy 3.31, Test_accy 2.66
Task 0, Epoch 6/10 => Loss 2.649, Train_accy 3.31, Test_accy 2.66:  60%|    | 6/10 [02:44<01:32, 23.18s/it]Task 0, Epoch 7/10 => Loss 2.630, Train_accy 3.48:  60%|    | 6/10 [03:02<01:32, 23.18s/it]                2024-05-19 19:49:05,766 [fecam.py] => Task 0, Epoch 7/10 => Loss 2.630, Train_accy 3.48
Task 0, Epoch 7/10 => Loss 2.630, Train_accy 3.48:  70%|   | 7/10 [03:02<01:04, 21.41s/it]Task 0, Epoch 8/10 => Loss 2.601, Train_accy 3.01:  70%|   | 7/10 [03:21<01:04, 21.41s/it]2024-05-19 19:49:24,236 [fecam.py] => Task 0, Epoch 8/10 => Loss 2.601, Train_accy 3.01
Task 0, Epoch 8/10 => Loss 2.601, Train_accy 3.01:  80%|  | 8/10 [03:21<00:40, 20.47s/it]Task 0, Epoch 9/10 => Loss 2.561, Train_accy 2.90:  80%|  | 8/10 [03:38<00:40, 20.47s/it]2024-05-19 19:49:42,024 [fecam.py] => Task 0, Epoch 9/10 => Loss 2.561, Train_accy 2.90
Task 0, Epoch 9/10 => Loss 2.561, Train_accy 2.90:  90%| | 9/10 [03:38<00:19, 19.63s/it]Task 0, Epoch 10/10 => Loss 2.547, Train_accy 3.16:  90%| | 9/10 [03:56<00:19, 19.63s/it]2024-05-19 19:49:59,999 [fecam.py] => Task 0, Epoch 10/10 => Loss 2.547, Train_accy 3.16
Task 0, Epoch 10/10 => Loss 2.547, Train_accy 3.16: 100%|| 10/10 [03:56<00:00, 19.12s/it]Task 0, Epoch 10/10 => Loss 2.547, Train_accy 3.16: 100%|| 10/10 [03:56<00:00, 23.70s/it]
20
2024-05-19 20:01:55,740 [trainer.py] => CNN: {'total': 2.08, '00-09': 3.78, '10-19': 0.57, 'old': 0, 'new': 2.08}
2024-05-19 20:01:55,741 [trainer.py] => No NME accuracy
2024-05-19 20:01:55,741 [trainer.py] => FeCAM: {'total': 2.08, '00-09': 3.78, '10-19': 0.57, 'old': 0, 'new': 2.08}
2024-05-19 20:01:55,741 [trainer.py] => CNN top1 curve: [2.08]
2024-05-19 20:01:55,741 [trainer.py] => CNN top5 curve: [18.62]
2024-05-19 20:01:55,741 [trainer.py] => FeCAM top1 curve: [2.08]
2024-05-19 20:01:55,741 [trainer.py] => FeCAM top5 curve: [18.62]

2024-05-19 20:01:55,742 [fecam.py] => Learning on 20-40
40
/public/home/imgbreaker/Desktop/FeCAM/FeCAM-main/models/base.py:198: UserWarning: To copy construct from a tensor, it is recommended to use sourceTensor.clone().detach() or sourceTensor.clone().detach().requires_grad_(True), rather than torch.tensor(sourceTensor).
  x = torch.tensor(x)
2024-05-19 20:25:18,905 [trainer.py] => CNN: {'total': 8.57, '00-09': 0.14, '10-19': 0.0, '20-29': 16.69, '30-39': 20.31, 'old': 0.06, 'new': 18.78}
2024-05-19 20:25:18,906 [trainer.py] => No NME accuracy
2024-05-19 20:25:18,906 [trainer.py] => FeCAM: {'total': 21.2, '00-09': 22.54, '10-19': 25.13, '20-29': 15.76, '30-39': 19.51, 'old': 23.92, 'new': 17.93}
2024-05-19 20:25:18,906 [trainer.py] => CNN top1 curve: [2.08, 8.57]
2024-05-19 20:25:18,906 [trainer.py] => CNN top5 curve: [18.62, 25.26]
2024-05-19 20:25:18,906 [trainer.py] => FeCAM top1 curve: [2.08, 21.2]
2024-05-19 20:25:18,906 [trainer.py] => FeCAM top5 curve: [18.62, 53.35]

2024-05-19 20:25:18,907 [fecam.py] => Learning on 40-60
60
2024-05-19 21:06:56,940 [trainer.py] => CNN: {'total': 6.96, '00-09': 0.05, '10-19': 0.0, '20-29': 11.64, '30-39': 12.13, '40-49': 7.33, '50-59': 13.18, 'old': 5.43, 'new': 9.64}
2024-05-19 21:06:56,940 [trainer.py] => No NME accuracy
2024-05-19 21:06:56,940 [trainer.py] => FeCAM: {'total': 16.12, '00-09': 17.84, '10-19': 21.59, '20-29': 11.76, '30-39': 14.88, '40-49': 11.66, '50-59': 19.12, 'old': 16.98, 'new': 14.6}
2024-05-19 21:06:56,940 [trainer.py] => CNN top1 curve: [2.08, 8.57, 6.96]
2024-05-19 21:06:56,940 [trainer.py] => CNN top5 curve: [18.62, 25.26, 22.87]
2024-05-19 21:06:56,940 [trainer.py] => FeCAM top1 curve: [2.08, 21.2, 16.12]
2024-05-19 21:06:56,940 [trainer.py] => FeCAM top5 curve: [18.62, 53.35, 42.91]

2024-05-19 21:06:56,941 [fecam.py] => Learning on 60-80
80
2024-05-19 21:56:30,052 [trainer.py] => CNN: {'total': 5.86, '00-09': 0.0, '10-19': 0.0, '20-29': 6.9, '30-39': 9.48, '40-49': 5.56, '50-59': 9.93, '60-69': 9.84, '70-79': 9.72, 'old': 5.07, 'new': 9.79}
2024-05-19 21:56:30,053 [trainer.py] => No NME accuracy
2024-05-19 21:56:30,053 [trainer.py] => FeCAM: {'total': 14.69, '00-09': 16.04, '10-19': 18.9, '20-29': 9.85, '30-39': 13.03, '40-49': 10.44, '50-59': 15.97, '60-69': 19.3, '70-79': 15.62, 'old': 14.07, 'new': 17.79}
2024-05-19 21:56:30,053 [trainer.py] => CNN top1 curve: [2.08, 8.57, 6.96, 5.86]
2024-05-19 21:56:30,053 [trainer.py] => CNN top5 curve: [18.62, 25.26, 22.87, 18.95]
2024-05-19 21:56:30,053 [trainer.py] => FeCAM top1 curve: [2.08, 21.2, 16.12, 14.69]
2024-05-19 21:56:30,053 [trainer.py] => FeCAM top5 curve: [18.62, 53.35, 42.91, 38.83]

2024-05-19 21:56:30,054 [fecam.py] => Learning on 80-100
100
2024-05-19 23:02:14,209 [trainer.py] => CNN: {'total': 5.69, '00-09': 0.0, '10-19': 0.0, '20-29': 5.79, '30-39': 8.0, '40-49': 4.26, '50-59': 6.51, '60-69': 5.52, '70-79': 8.17, '80-89': 11.27, '90-99': 11.44, 'old': 4.37, 'new': 11.37}
2024-05-19 23:02:14,210 [trainer.py] => No NME accuracy
2024-05-19 23:02:14,210 [trainer.py] => FeCAM: {'total': 14.17, '00-09': 13.65, '10-19': 17.11, '20-29': 8.13, '30-39': 11.55, '40-49': 9.41, '50-59': 13.13, '60-69': 15.05, '70-79': 14.08, '80-89': 28.13, '90-99': 15.19, 'old': 12.66, 'new': 20.64}
2024-05-19 23:02:14,210 [trainer.py] => CNN top1 curve: [2.08, 8.57, 6.96, 5.86, 5.69]
2024-05-19 23:02:14,210 [trainer.py] => CNN top5 curve: [18.62, 25.26, 22.87, 18.95, 18.4]
2024-05-19 23:02:14,210 [trainer.py] => FeCAM top1 curve: [2.08, 21.2, 16.12, 14.69, 14.17]
2024-05-19 23:02:14,210 [trainer.py] => FeCAM top5 curve: [18.62, 53.35, 42.91, 38.83, 36.21]

2024-05-19 23:02:14,211 [fecam.py] => Learning on 100-120
120
2024-05-20 00:12:15,191 [trainer.py] => CNN: {'total': 5.1, '00-09': 0.0, '10-19': 0.0, '20-29': 4.93, '30-39': 7.37, '40-49': 3.34, '50-59': 5.57, '60-69': 4.19, '70-79': 7.54, '80-89': 9.36, '90-99': 10.42, '100-109': 7.52, '110-119': 4.97, 'old': 4.92, 'new': 6.19}
2024-05-20 00:12:15,192 [trainer.py] => No NME accuracy
2024-05-20 00:12:15,192 [trainer.py] => FeCAM: {'total': 13.2, '00-09': 12.45, '10-19': 16.5, '20-29': 7.27, '30-39': 10.83, '40-49': 8.83, '50-59': 12.24, '60-69': 13.78, '70-79': 13.62, '80-89': 27.05, '90-99': 14.68, '100-109': 15.03, '110-119': 9.66, 'old': 13.37, 'new': 12.23}
2024-05-20 00:12:15,192 [trainer.py] => CNN top1 curve: [2.08, 8.57, 6.96, 5.86, 5.69, 5.1]
2024-05-20 00:12:15,192 [trainer.py] => CNN top5 curve: [18.62, 25.26, 22.87, 18.95, 18.4, 17.66]
2024-05-20 00:12:15,192 [trainer.py] => FeCAM top1 curve: [2.08, 21.2, 16.12, 14.69, 14.17, 13.2]
2024-05-20 00:12:15,192 [trainer.py] => FeCAM top5 curve: [18.62, 53.35, 42.91, 38.83, 36.21, 34.49]

