2024-05-19 10:14:06,214 [trainer.py] => config: exps/FeCAM_office_31.json
2024-05-19 10:14:06,214 [trainer.py] => prefix: train
2024-05-19 10:14:06,214 [trainer.py] => dataset: office_31
2024-05-19 10:14:06,214 [trainer.py] => memory_size: 0
2024-05-19 10:14:06,214 [trainer.py] => shuffle: True
2024-05-19 10:14:06,214 [trainer.py] => init_cls: 5
2024-05-19 10:14:06,214 [trainer.py] => increment: 5
2024-05-19 10:14:06,214 [trainer.py] => model_name: fecam
2024-05-19 10:14:06,214 [trainer.py] => convnet_type: resnet18
2024-05-19 10:14:06,214 [trainer.py] => device: [device(type='cuda', index=3), device(type='cuda', index=1), device(type='cuda', index=2), device(type='cuda', index=0)]
2024-05-19 10:14:06,214 [trainer.py] => seed: 1993
2024-05-19 10:14:06,214 [trainer.py] => init_epochs: 5
2024-05-19 10:14:06,214 [trainer.py] => init_lr: 0.1
2024-05-19 10:14:06,214 [trainer.py] => init_weight_decay: 0.0005
2024-05-19 10:14:06,214 [trainer.py] => batch_size: 16
2024-05-19 10:14:06,214 [trainer.py] => num_workers: 8
2024-05-19 10:14:06,214 [trainer.py] => T: 2
2024-05-19 10:14:06,214 [trainer.py] => beta: 0.5
2024-05-19 10:14:06,214 [trainer.py] => alpha1: 1
2024-05-19 10:14:06,215 [trainer.py] => alpha2: 1
2024-05-19 10:14:06,215 [trainer.py] => ncm: False
2024-05-19 10:14:06,215 [trainer.py] => tukey: True
2024-05-19 10:14:06,215 [trainer.py] => diagonal: False
2024-05-19 10:14:06,215 [trainer.py] => per_class: True
2024-05-19 10:14:06,215 [trainer.py] => full_cov: True
2024-05-19 10:14:06,215 [trainer.py] => shrink: True
2024-05-19 10:14:06,215 [trainer.py] => norm_cov: True
2024-05-19 10:14:06,215 [trainer.py] => source_index: 2
2024-05-19 10:14:06,215 [trainer.py] => target_index: 1
0 /public/home/imgbreaker/Desktop/PADA/pytorch/dataset/office/domain_adaptation_images/dslr/images/back_pack/frame_0001.jpg
1 /public/home/imgbreaker/Desktop/PADA/pytorch/dataset/office/domain_adaptation_images/dslr/images/bike/frame_0001.jpg
2 /public/home/imgbreaker/Desktop/PADA/pytorch/dataset/office/domain_adaptation_images/dslr/images/bike_helmet/frame_0001.jpg
3 /public/home/imgbreaker/Desktop/PADA/pytorch/dataset/office/domain_adaptation_images/dslr/images/bookcase/frame_0001.jpg
4 /public/home/imgbreaker/Desktop/PADA/pytorch/dataset/office/domain_adaptation_images/dslr/images/bottle/frame_0001.jpg
5 /public/home/imgbreaker/Desktop/PADA/pytorch/dataset/office/domain_adaptation_images/dslr/images/calculator/frame_0001.jpg
6 /public/home/imgbreaker/Desktop/PADA/pytorch/dataset/office/domain_adaptation_images/dslr/images/desk_chair/frame_0001.jpg
7 /public/home/imgbreaker/Desktop/PADA/pytorch/dataset/office/domain_adaptation_images/dslr/images/desk_lamp/frame_0001.jpg
8 /public/home/imgbreaker/Desktop/PADA/pytorch/dataset/office/domain_adaptation_images/dslr/images/desktop_computer/frame_0001.jpg
9 /public/home/imgbreaker/Desktop/PADA/pytorch/dataset/office/domain_adaptation_images/dslr/images/file_cabinet/frame_0001.jpg
10 /public/home/imgbreaker/Desktop/PADA/pytorch/dataset/office/domain_adaptation_images/dslr/images/headphones/frame_0001.jpg
11 /public/home/imgbreaker/Desktop/PADA/pytorch/dataset/office/domain_adaptation_images/dslr/images/keyboard/frame_0001.jpg
12 /public/home/imgbreaker/Desktop/PADA/pytorch/dataset/office/domain_adaptation_images/dslr/images/laptop_computer/frame_0001.jpg
13 /public/home/imgbreaker/Desktop/PADA/pytorch/dataset/office/domain_adaptation_images/dslr/images/letter_tray/frame_0001.jpg
14 /public/home/imgbreaker/Desktop/PADA/pytorch/dataset/office/domain_adaptation_images/dslr/images/mobile_phone/frame_0001.jpg
15 /public/home/imgbreaker/Desktop/PADA/pytorch/dataset/office/domain_adaptation_images/dslr/images/monitor/frame_0001.jpg
16 /public/home/imgbreaker/Desktop/PADA/pytorch/dataset/office/domain_adaptation_images/dslr/images/mouse/frame_0001.jpg
17 /public/home/imgbreaker/Desktop/PADA/pytorch/dataset/office/domain_adaptation_images/dslr/images/mug/frame_0001.jpg
18 /public/home/imgbreaker/Desktop/PADA/pytorch/dataset/office/domain_adaptation_images/dslr/images/paper_notebook/frame_0001.jpg
19 /public/home/imgbreaker/Desktop/PADA/pytorch/dataset/office/domain_adaptation_images/dslr/images/pen/frame_0001.jpg
20 /public/home/imgbreaker/Desktop/PADA/pytorch/dataset/office/domain_adaptation_images/dslr/images/phone/frame_0001.jpg
21 /public/home/imgbreaker/Desktop/PADA/pytorch/dataset/office/domain_adaptation_images/dslr/images/printer/frame_0001.jpg
22 /public/home/imgbreaker/Desktop/PADA/pytorch/dataset/office/domain_adaptation_images/dslr/images/projector/frame_0001.jpg
23 /public/home/imgbreaker/Desktop/PADA/pytorch/dataset/office/domain_adaptation_images/dslr/images/punchers/frame_0001.jpg
24 /public/home/imgbreaker/Desktop/PADA/pytorch/dataset/office/domain_adaptation_images/dslr/images/ring_binder/frame_0001.jpg
25 /public/home/imgbreaker/Desktop/PADA/pytorch/dataset/office/domain_adaptation_images/dslr/images/ruler/frame_0001.jpg
26 /public/home/imgbreaker/Desktop/PADA/pytorch/dataset/office/domain_adaptation_images/dslr/images/scissors/frame_0001.jpg
27 /public/home/imgbreaker/Desktop/PADA/pytorch/dataset/office/domain_adaptation_images/dslr/images/speaker/frame_0001.jpg
28 /public/home/imgbreaker/Desktop/PADA/pytorch/dataset/office/domain_adaptation_images/dslr/images/stapler/frame_0001.jpg
29 /public/home/imgbreaker/Desktop/PADA/pytorch/dataset/office/domain_adaptation_images/dslr/images/tape_dispenser/frame_0001.jpg
30 /public/home/imgbreaker/Desktop/PADA/pytorch/dataset/office/domain_adaptation_images/dslr/images/trash_can/frame_0001.jpg
0 /public/home/imgbreaker/Desktop/PADA/pytorch/dataset/office/domain_adaptation_images/dslr/images/back_pack/frame_0001.jpg
1 /public/home/imgbreaker/Desktop/PADA/pytorch/dataset/office/domain_adaptation_images/dslr/images/bike/frame_0001.jpg
2 /public/home/imgbreaker/Desktop/PADA/pytorch/dataset/office/domain_adaptation_images/dslr/images/bike_helmet/frame_0001.jpg
3 /public/home/imgbreaker/Desktop/PADA/pytorch/dataset/office/domain_adaptation_images/dslr/images/bookcase/frame_0001.jpg
4 /public/home/imgbreaker/Desktop/PADA/pytorch/dataset/office/domain_adaptation_images/dslr/images/bottle/frame_0001.jpg
5 /public/home/imgbreaker/Desktop/PADA/pytorch/dataset/office/domain_adaptation_images/dslr/images/calculator/frame_0001.jpg
6 /public/home/imgbreaker/Desktop/PADA/pytorch/dataset/office/domain_adaptation_images/dslr/images/desk_chair/frame_0001.jpg
7 /public/home/imgbreaker/Desktop/PADA/pytorch/dataset/office/domain_adaptation_images/dslr/images/desk_lamp/frame_0001.jpg
8 /public/home/imgbreaker/Desktop/PADA/pytorch/dataset/office/domain_adaptation_images/dslr/images/desktop_computer/frame_0001.jpg
9 /public/home/imgbreaker/Desktop/PADA/pytorch/dataset/office/domain_adaptation_images/dslr/images/file_cabinet/frame_0001.jpg
10 /public/home/imgbreaker/Desktop/PADA/pytorch/dataset/office/domain_adaptation_images/dslr/images/headphones/frame_0001.jpg
11 /public/home/imgbreaker/Desktop/PADA/pytorch/dataset/office/domain_adaptation_images/dslr/images/keyboard/frame_0001.jpg
12 /public/home/imgbreaker/Desktop/PADA/pytorch/dataset/office/domain_adaptation_images/dslr/images/laptop_computer/frame_0001.jpg
13 /public/home/imgbreaker/Desktop/PADA/pytorch/dataset/office/domain_adaptation_images/dslr/images/letter_tray/frame_0001.jpg
14 /public/home/imgbreaker/Desktop/PADA/pytorch/dataset/office/domain_adaptation_images/dslr/images/mobile_phone/frame_0001.jpg
15 /public/home/imgbreaker/Desktop/PADA/pytorch/dataset/office/domain_adaptation_images/dslr/images/monitor/frame_0001.jpg
16 /public/home/imgbreaker/Desktop/PADA/pytorch/dataset/office/domain_adaptation_images/dslr/images/mouse/frame_0001.jpg
17 /public/home/imgbreaker/Desktop/PADA/pytorch/dataset/office/domain_adaptation_images/dslr/images/mug/frame_0001.jpg
18 /public/home/imgbreaker/Desktop/PADA/pytorch/dataset/office/domain_adaptation_images/dslr/images/paper_notebook/frame_0001.jpg
19 /public/home/imgbreaker/Desktop/PADA/pytorch/dataset/office/domain_adaptation_images/dslr/images/pen/frame_0001.jpg
20 /public/home/imgbreaker/Desktop/PADA/pytorch/dataset/office/domain_adaptation_images/dslr/images/phone/frame_0001.jpg
21 /public/home/imgbreaker/Desktop/PADA/pytorch/dataset/office/domain_adaptation_images/dslr/images/printer/frame_0001.jpg
22 /public/home/imgbreaker/Desktop/PADA/pytorch/dataset/office/domain_adaptation_images/dslr/images/projector/frame_0001.jpg
23 /public/home/imgbreaker/Desktop/PADA/pytorch/dataset/office/domain_adaptation_images/dslr/images/punchers/frame_0001.jpg
24 /public/home/imgbreaker/Desktop/PADA/pytorch/dataset/office/domain_adaptation_images/dslr/images/ring_binder/frame_0001.jpg
25 /public/home/imgbreaker/Desktop/PADA/pytorch/dataset/office/domain_adaptation_images/dslr/images/ruler/frame_0001.jpg
26 /public/home/imgbreaker/Desktop/PADA/pytorch/dataset/office/domain_adaptation_images/dslr/images/scissors/frame_0001.jpg
27 /public/home/imgbreaker/Desktop/PADA/pytorch/dataset/office/domain_adaptation_images/dslr/images/speaker/frame_0001.jpg
28 /public/home/imgbreaker/Desktop/PADA/pytorch/dataset/office/domain_adaptation_images/dslr/images/stapler/frame_0001.jpg
29 /public/home/imgbreaker/Desktop/PADA/pytorch/dataset/office/domain_adaptation_images/dslr/images/tape_dispenser/frame_0001.jpg
30 /public/home/imgbreaker/Desktop/PADA/pytorch/dataset/office/domain_adaptation_images/dslr/images/trash_can/frame_0001.jpg
2024-05-19 10:14:06,465 [data_manager.py] => [21, 28, 2, 15, 10, 27, 8, 6, 14, 22, 20, 13, 24, 12, 26, 11, 5, 0, 23, 18, 4, 19, 29, 9, 7, 16, 3, 30, 17, 25, 1]
2024-05-19 10:14:06,641 [fecam.py] => Learning on 0-5
  0%|          | 0/5 [00:00<?, ?it/s]Task 0, Epoch 1/5 => Loss 1.462, Train_accy 16.84, Test_accy 13.68:   0%|          | 0/5 [00:18<?, ?it/s]2024-05-19 10:14:30,230 [fecam.py] => Task 0, Epoch 1/5 => Loss 1.462, Train_accy 16.84, Test_accy 13.68
Task 0, Epoch 1/5 => Loss 1.462, Train_accy 16.84, Test_accy 13.68:  20%|██        | 1/5 [00:18<01:15, 18.99s/it]Task 0, Epoch 2/5 => Loss 1.303, Train_accy 13.68:  20%|██        | 1/5 [00:20<01:15, 18.99s/it]                 2024-05-19 10:14:31,740 [fecam.py] => Task 0, Epoch 2/5 => Loss 1.303, Train_accy 13.68
Task 0, Epoch 2/5 => Loss 1.303, Train_accy 13.68:  40%|████      | 2/5 [00:20<00:26,  8.71s/it]Task 0, Epoch 3/5 => Loss 1.163, Train_accy 14.74:  40%|████      | 2/5 [00:22<00:26,  8.71s/it]2024-05-19 10:14:33,348 [fecam.py] => Task 0, Epoch 3/5 => Loss 1.163, Train_accy 14.74
Task 0, Epoch 3/5 => Loss 1.163, Train_accy 14.74:  60%|██████    | 3/5 [00:22<00:10,  5.46s/it]Task 0, Epoch 4/5 => Loss 1.108, Train_accy 11.58:  60%|██████    | 3/5 [00:23<00:10,  5.46s/it]2024-05-19 10:14:35,081 [fecam.py] => Task 0, Epoch 4/5 => Loss 1.108, Train_accy 11.58
Task 0, Epoch 4/5 => Loss 1.108, Train_accy 11.58:  80%|████████  | 4/5 [00:23<00:03,  3.99s/it]Task 0, Epoch 5/5 => Loss 1.073, Train_accy 11.58:  80%|████████  | 4/5 [00:25<00:03,  3.99s/it]2024-05-19 10:14:36,589 [fecam.py] => Task 0, Epoch 5/5 => Loss 1.073, Train_accy 11.58
Task 0, Epoch 5/5 => Loss 1.073, Train_accy 11.58: 100%|██████████| 5/5 [00:25<00:00,  3.10s/it]Task 0, Epoch 5/5 => Loss 1.073, Train_accy 11.58: 100%|██████████| 5/5 [00:25<00:00,  5.07s/it]
5
2024-05-19 10:17:12,647 [trainer.py] => CNN: {'total': 8.42, '00-09': 8.42, 'old': 0, 'new': 8.42}
2024-05-19 10:17:12,647 [trainer.py] => No NME accuracy
2024-05-19 10:17:12,648 [trainer.py] => FeCAM: {'total': 8.42, '00-09': 8.42, 'old': 0, 'new': 8.42}
2024-05-19 10:17:12,648 [trainer.py] => CNN top1 curve: [8.42]
2024-05-19 10:17:12,648 [trainer.py] => CNN top5 curve: [100.0]
2024-05-19 10:17:12,648 [trainer.py] => FeCAM top1 curve: [8.42]
2024-05-19 10:17:12,648 [trainer.py] => FeCAM top5 curve: [100.0]

2024-05-19 10:17:12,648 [fecam.py] => Learning on 5-10
10
/public/home/imgbreaker/Desktop/FeCAM/FeCAM-main/models/base.py:198: UserWarning: To copy construct from a tensor, it is recommended to use sourceTensor.clone().detach() or sourceTensor.clone().detach().requires_grad_(True), rather than torch.tensor(sourceTensor).
  x = torch.tensor(x)
2024-05-19 10:23:07,317 [trainer.py] => CNN: {'total': 28.57, '00-09': 28.57, 'old': 0.0, 'new': 53.7}
2024-05-19 10:23:07,318 [trainer.py] => No NME accuracy
2024-05-19 10:23:07,318 [trainer.py] => FeCAM: {'total': 72.91, '00-09': 72.91, 'old': 85.26, 'new': 62.04}
2024-05-19 10:23:07,318 [trainer.py] => CNN top1 curve: [8.42, 28.57]
2024-05-19 10:23:07,318 [trainer.py] => CNN top5 curve: [100.0, 52.71]
2024-05-19 10:23:07,318 [trainer.py] => FeCAM top1 curve: [8.42, 72.91]
2024-05-19 10:23:07,318 [trainer.py] => FeCAM top5 curve: [100.0, 95.57]

2024-05-19 10:23:07,319 [fecam.py] => Learning on 10-15
15
2024-05-19 10:32:14,336 [trainer.py] => CNN: {'total': 23.94, '00-09': 22.66, '10-19': 27.16, 'old': 22.66, 'new': 27.16}
2024-05-19 10:32:14,337 [trainer.py] => No NME accuracy
2024-05-19 10:32:14,337 [trainer.py] => FeCAM: {'total': 69.37, '00-09': 72.41, '10-19': 61.73, 'old': 72.41, 'new': 61.73}
2024-05-19 10:32:14,337 [trainer.py] => CNN top1 curve: [8.42, 28.57, 23.94]
2024-05-19 10:32:14,337 [trainer.py] => CNN top5 curve: [100.0, 52.71, 49.65]
2024-05-19 10:32:14,337 [trainer.py] => FeCAM top1 curve: [8.42, 72.91, 69.37]
2024-05-19 10:32:14,337 [trainer.py] => FeCAM top5 curve: [100.0, 95.57, 92.96]

2024-05-19 10:32:14,338 [fecam.py] => Learning on 15-20
20
2024-05-19 10:46:25,328 [trainer.py] => CNN: {'total': 25.43, '00-09': 17.73, '10-19': 36.36, 'old': 19.37, 'new': 53.23}
2024-05-19 10:46:25,329 [trainer.py] => No NME accuracy
2024-05-19 10:46:25,329 [trainer.py] => FeCAM: {'total': 68.79, '00-09': 68.97, '10-19': 68.53, 'old': 66.55, 'new': 79.03}
2024-05-19 10:46:25,329 [trainer.py] => CNN top1 curve: [8.42, 28.57, 23.94, 25.43]
2024-05-19 10:46:25,329 [trainer.py] => CNN top5 curve: [100.0, 52.71, 49.65, 49.42]
2024-05-19 10:46:25,329 [trainer.py] => FeCAM top1 curve: [8.42, 72.91, 69.37, 68.79]
2024-05-19 10:46:25,329 [trainer.py] => FeCAM top5 curve: [100.0, 95.57, 92.96, 89.6]

2024-05-19 10:46:25,329 [fecam.py] => Learning on 20-25
25
2024-05-19 10:56:59,939 [trainer.py] => CNN: {'total': 24.35, '00-09': 14.78, '10-19': 31.47, '20-29': 36.36, 'old': 21.68, 'new': 36.36}
2024-05-19 10:56:59,939 [trainer.py] => No NME accuracy
2024-05-19 10:56:59,939 [trainer.py] => FeCAM: {'total': 68.79, '00-09': 68.97, '10-19': 67.83, '20-29': 70.13, 'old': 68.5, 'new': 70.13}
2024-05-19 10:56:59,939 [trainer.py] => CNN top1 curve: [8.42, 28.57, 23.94, 25.43, 24.35]
2024-05-19 10:56:59,939 [trainer.py] => CNN top5 curve: [100.0, 52.71, 49.65, 49.42, 47.99]
2024-05-19 10:56:59,939 [trainer.py] => FeCAM top1 curve: [8.42, 72.91, 69.37, 68.79, 68.79]
2024-05-19 10:56:59,940 [trainer.py] => FeCAM top5 curve: [100.0, 95.57, 92.96, 89.6, 85.11]

2024-05-19 10:56:59,941 [fecam.py] => Learning on 25-30
30
2024-05-19 11:13:18,182 [trainer.py] => CNN: {'total': 22.43, '00-09': 12.81, '10-19': 25.87, '20-29': 33.59, 'old': 21.51, 'new': 29.63}
2024-05-19 11:13:18,187 [trainer.py] => No NME accuracy
2024-05-19 11:13:18,187 [trainer.py] => FeCAM: {'total': 67.92, '00-09': 68.97, '10-19': 67.83, '20-29': 66.41, 'old': 68.79, 'new': 61.11}
2024-05-19 11:13:18,187 [trainer.py] => CNN top1 curve: [8.42, 28.57, 23.94, 25.43, 24.35, 22.43]
2024-05-19 11:13:18,187 [trainer.py] => CNN top5 curve: [100.0, 52.71, 49.65, 49.42, 47.99, 45.7]
2024-05-19 11:13:18,187 [trainer.py] => FeCAM top1 curve: [8.42, 72.91, 69.37, 68.79, 68.79, 67.92]
2024-05-19 11:13:18,187 [trainer.py] => FeCAM top5 curve: [100.0, 95.57, 92.96, 89.6, 85.11, 83.23]

2024-05-19 11:13:18,188 [fecam.py] => Learning on 30-31
31
2024-05-19 11:30:36,146 [trainer.py] => CNN: {'total': 21.08, '00-09': 12.32, '10-19': 25.87, '20-29': 32.82, 'old': 22.01, 'new': 0.0}
2024-05-19 11:30:36,146 [trainer.py] => No NME accuracy
2024-05-19 11:30:36,146 [trainer.py] => FeCAM: {'total': 69.08, '00-09': 68.97, '10-19': 67.83, '20-29': 66.41, 'old': 67.92, 'new': 95.24}
2024-05-19 11:30:36,146 [trainer.py] => CNN top1 curve: [8.42, 28.57, 23.94, 25.43, 24.35, 22.43, 21.08]
2024-05-19 11:30:36,146 [trainer.py] => CNN top5 curve: [100.0, 52.71, 49.65, 49.42, 47.99, 45.7, 40.96]
2024-05-19 11:30:36,146 [trainer.py] => FeCAM top1 curve: [8.42, 72.91, 69.37, 68.79, 68.79, 67.92, 69.08]
2024-05-19 11:30:36,147 [trainer.py] => FeCAM top5 curve: [100.0, 95.57, 92.96, 89.6, 85.11, 83.23, 83.53]

