2024-05-19 08:43:19,113 [trainer.py] => config: exps/FeCAM_office_31.json
2024-05-19 08:43:19,113 [trainer.py] => prefix: train
2024-05-19 08:43:19,113 [trainer.py] => dataset: office_31
2024-05-19 08:43:19,113 [trainer.py] => memory_size: 0
2024-05-19 08:43:19,113 [trainer.py] => shuffle: True
2024-05-19 08:43:19,113 [trainer.py] => init_cls: 5
2024-05-19 08:43:19,113 [trainer.py] => increment: 5
2024-05-19 08:43:19,113 [trainer.py] => model_name: fecam
2024-05-19 08:43:19,113 [trainer.py] => convnet_type: resnet18
2024-05-19 08:43:19,113 [trainer.py] => device: [device(type='cuda', index=3), device(type='cuda', index=1), device(type='cuda', index=2), device(type='cuda', index=0)]
2024-05-19 08:43:19,113 [trainer.py] => seed: 1993
2024-05-19 08:43:19,113 [trainer.py] => init_epochs: 5
2024-05-19 08:43:19,113 [trainer.py] => init_lr: 0.1
2024-05-19 08:43:19,113 [trainer.py] => init_weight_decay: 0.0005
2024-05-19 08:43:19,113 [trainer.py] => batch_size: 16
2024-05-19 08:43:19,113 [trainer.py] => num_workers: 8
2024-05-19 08:43:19,113 [trainer.py] => T: 2
2024-05-19 08:43:19,113 [trainer.py] => beta: 0.5
2024-05-19 08:43:19,113 [trainer.py] => alpha1: 1
2024-05-19 08:43:19,113 [trainer.py] => alpha2: 1
2024-05-19 08:43:19,113 [trainer.py] => ncm: False
2024-05-19 08:43:19,113 [trainer.py] => tukey: True
2024-05-19 08:43:19,113 [trainer.py] => diagonal: False
2024-05-19 08:43:19,113 [trainer.py] => per_class: True
2024-05-19 08:43:19,113 [trainer.py] => full_cov: True
2024-05-19 08:43:19,113 [trainer.py] => shrink: True
2024-05-19 08:43:19,113 [trainer.py] => norm_cov: True
2024-05-19 08:43:19,113 [trainer.py] => source_index: 2
2024-05-19 08:43:19,113 [trainer.py] => target_index: 0
0 /public/home/imgbreaker/Desktop/PADA/pytorch/dataset/office/domain_adaptation_images/amazon/images/back_pack/frame_0001.jpg
1 /public/home/imgbreaker/Desktop/PADA/pytorch/dataset/office/domain_adaptation_images/amazon/images/bike/frame_0001.jpg
2 /public/home/imgbreaker/Desktop/PADA/pytorch/dataset/office/domain_adaptation_images/amazon/images/bike_helmet/frame_0001.jpg
3 /public/home/imgbreaker/Desktop/PADA/pytorch/dataset/office/domain_adaptation_images/amazon/images/bookcase/frame_0001.jpg
4 /public/home/imgbreaker/Desktop/PADA/pytorch/dataset/office/domain_adaptation_images/amazon/images/bottle/frame_0001.jpg
5 /public/home/imgbreaker/Desktop/PADA/pytorch/dataset/office/domain_adaptation_images/amazon/images/calculator/frame_0001.jpg
6 /public/home/imgbreaker/Desktop/PADA/pytorch/dataset/office/domain_adaptation_images/amazon/images/desk_chair/frame_0001.jpg
7 /public/home/imgbreaker/Desktop/PADA/pytorch/dataset/office/domain_adaptation_images/amazon/images/desk_lamp/frame_0001.jpg
8 /public/home/imgbreaker/Desktop/PADA/pytorch/dataset/office/domain_adaptation_images/amazon/images/desktop_computer/frame_0001.jpg
9 /public/home/imgbreaker/Desktop/PADA/pytorch/dataset/office/domain_adaptation_images/amazon/images/file_cabinet/frame_0001.jpg
10 /public/home/imgbreaker/Desktop/PADA/pytorch/dataset/office/domain_adaptation_images/amazon/images/headphones/frame_0001.jpg
11 /public/home/imgbreaker/Desktop/PADA/pytorch/dataset/office/domain_adaptation_images/amazon/images/keyboard/frame_0001.jpg
12 /public/home/imgbreaker/Desktop/PADA/pytorch/dataset/office/domain_adaptation_images/amazon/images/laptop_computer/frame_0001.jpg
13 /public/home/imgbreaker/Desktop/PADA/pytorch/dataset/office/domain_adaptation_images/amazon/images/letter_tray/frame_0001.jpg
14 /public/home/imgbreaker/Desktop/PADA/pytorch/dataset/office/domain_adaptation_images/amazon/images/mobile_phone/frame_0001.jpg
15 /public/home/imgbreaker/Desktop/PADA/pytorch/dataset/office/domain_adaptation_images/amazon/images/monitor/frame_0001.jpg
16 /public/home/imgbreaker/Desktop/PADA/pytorch/dataset/office/domain_adaptation_images/amazon/images/mouse/frame_0001.jpg
17 /public/home/imgbreaker/Desktop/PADA/pytorch/dataset/office/domain_adaptation_images/amazon/images/mug/frame_0001.jpg
18 /public/home/imgbreaker/Desktop/PADA/pytorch/dataset/office/domain_adaptation_images/amazon/images/paper_notebook/frame_0001.jpg
19 /public/home/imgbreaker/Desktop/PADA/pytorch/dataset/office/domain_adaptation_images/amazon/images/pen/frame_0001.jpg
20 /public/home/imgbreaker/Desktop/PADA/pytorch/dataset/office/domain_adaptation_images/amazon/images/phone/frame_0001.jpg
21 /public/home/imgbreaker/Desktop/PADA/pytorch/dataset/office/domain_adaptation_images/amazon/images/printer/frame_0001.jpg
22 /public/home/imgbreaker/Desktop/PADA/pytorch/dataset/office/domain_adaptation_images/amazon/images/projector/frame_0001.jpg
23 /public/home/imgbreaker/Desktop/PADA/pytorch/dataset/office/domain_adaptation_images/amazon/images/punchers/frame_0001.jpg
24 /public/home/imgbreaker/Desktop/PADA/pytorch/dataset/office/domain_adaptation_images/amazon/images/ring_binder/frame_0001.jpg
25 /public/home/imgbreaker/Desktop/PADA/pytorch/dataset/office/domain_adaptation_images/amazon/images/ruler/frame_0001.jpg
26 /public/home/imgbreaker/Desktop/PADA/pytorch/dataset/office/domain_adaptation_images/amazon/images/scissors/frame_0001.jpg
27 /public/home/imgbreaker/Desktop/PADA/pytorch/dataset/office/domain_adaptation_images/amazon/images/speaker/frame_0001.jpg
28 /public/home/imgbreaker/Desktop/PADA/pytorch/dataset/office/domain_adaptation_images/amazon/images/stapler/frame_0001.jpg
29 /public/home/imgbreaker/Desktop/PADA/pytorch/dataset/office/domain_adaptation_images/amazon/images/tape_dispenser/frame_0001.jpg
30 /public/home/imgbreaker/Desktop/PADA/pytorch/dataset/office/domain_adaptation_images/amazon/images/trash_can/frame_0001.jpg
0 /public/home/imgbreaker/Desktop/PADA/pytorch/dataset/office/domain_adaptation_images/amazon/images/back_pack/frame_0001.jpg
1 /public/home/imgbreaker/Desktop/PADA/pytorch/dataset/office/domain_adaptation_images/amazon/images/bike/frame_0001.jpg
2 /public/home/imgbreaker/Desktop/PADA/pytorch/dataset/office/domain_adaptation_images/amazon/images/bike_helmet/frame_0001.jpg
3 /public/home/imgbreaker/Desktop/PADA/pytorch/dataset/office/domain_adaptation_images/amazon/images/bookcase/frame_0001.jpg
4 /public/home/imgbreaker/Desktop/PADA/pytorch/dataset/office/domain_adaptation_images/amazon/images/bottle/frame_0001.jpg
5 /public/home/imgbreaker/Desktop/PADA/pytorch/dataset/office/domain_adaptation_images/amazon/images/calculator/frame_0001.jpg
6 /public/home/imgbreaker/Desktop/PADA/pytorch/dataset/office/domain_adaptation_images/amazon/images/desk_chair/frame_0001.jpg
7 /public/home/imgbreaker/Desktop/PADA/pytorch/dataset/office/domain_adaptation_images/amazon/images/desk_lamp/frame_0001.jpg
8 /public/home/imgbreaker/Desktop/PADA/pytorch/dataset/office/domain_adaptation_images/amazon/images/desktop_computer/frame_0001.jpg
9 /public/home/imgbreaker/Desktop/PADA/pytorch/dataset/office/domain_adaptation_images/amazon/images/file_cabinet/frame_0001.jpg
10 /public/home/imgbreaker/Desktop/PADA/pytorch/dataset/office/domain_adaptation_images/amazon/images/headphones/frame_0001.jpg
11 /public/home/imgbreaker/Desktop/PADA/pytorch/dataset/office/domain_adaptation_images/amazon/images/keyboard/frame_0001.jpg
12 /public/home/imgbreaker/Desktop/PADA/pytorch/dataset/office/domain_adaptation_images/amazon/images/laptop_computer/frame_0001.jpg
13 /public/home/imgbreaker/Desktop/PADA/pytorch/dataset/office/domain_adaptation_images/amazon/images/letter_tray/frame_0001.jpg
14 /public/home/imgbreaker/Desktop/PADA/pytorch/dataset/office/domain_adaptation_images/amazon/images/mobile_phone/frame_0001.jpg
15 /public/home/imgbreaker/Desktop/PADA/pytorch/dataset/office/domain_adaptation_images/amazon/images/monitor/frame_0001.jpg
16 /public/home/imgbreaker/Desktop/PADA/pytorch/dataset/office/domain_adaptation_images/amazon/images/mouse/frame_0001.jpg
17 /public/home/imgbreaker/Desktop/PADA/pytorch/dataset/office/domain_adaptation_images/amazon/images/mug/frame_0001.jpg
18 /public/home/imgbreaker/Desktop/PADA/pytorch/dataset/office/domain_adaptation_images/amazon/images/paper_notebook/frame_0001.jpg
19 /public/home/imgbreaker/Desktop/PADA/pytorch/dataset/office/domain_adaptation_images/amazon/images/pen/frame_0001.jpg
20 /public/home/imgbreaker/Desktop/PADA/pytorch/dataset/office/domain_adaptation_images/amazon/images/phone/frame_0001.jpg
21 /public/home/imgbreaker/Desktop/PADA/pytorch/dataset/office/domain_adaptation_images/amazon/images/printer/frame_0001.jpg
22 /public/home/imgbreaker/Desktop/PADA/pytorch/dataset/office/domain_adaptation_images/amazon/images/projector/frame_0001.jpg
23 /public/home/imgbreaker/Desktop/PADA/pytorch/dataset/office/domain_adaptation_images/amazon/images/punchers/frame_0001.jpg
24 /public/home/imgbreaker/Desktop/PADA/pytorch/dataset/office/domain_adaptation_images/amazon/images/ring_binder/frame_0001.jpg
25 /public/home/imgbreaker/Desktop/PADA/pytorch/dataset/office/domain_adaptation_images/amazon/images/ruler/frame_0001.jpg
26 /public/home/imgbreaker/Desktop/PADA/pytorch/dataset/office/domain_adaptation_images/amazon/images/scissors/frame_0001.jpg
27 /public/home/imgbreaker/Desktop/PADA/pytorch/dataset/office/domain_adaptation_images/amazon/images/speaker/frame_0001.jpg
28 /public/home/imgbreaker/Desktop/PADA/pytorch/dataset/office/domain_adaptation_images/amazon/images/stapler/frame_0001.jpg
29 /public/home/imgbreaker/Desktop/PADA/pytorch/dataset/office/domain_adaptation_images/amazon/images/tape_dispenser/frame_0001.jpg
30 /public/home/imgbreaker/Desktop/PADA/pytorch/dataset/office/domain_adaptation_images/amazon/images/trash_can/frame_0001.jpg
2024-05-19 08:43:19,186 [data_manager.py] => [21, 28, 2, 15, 10, 27, 8, 6, 14, 22, 20, 13, 24, 12, 26, 11, 5, 0, 23, 18, 4, 19, 29, 9, 7, 16, 3, 30, 17, 25, 1]
2024-05-19 08:43:19,344 [fecam.py] => Learning on 0-5
  0%|          | 0/5 [00:00<?, ?it/s]Task 0, Epoch 1/5 => Loss 1.479, Train_accy 20.47, Test_accy 11.73:   0%|          | 0/5 [00:24<?, ?it/s]2024-05-19 08:43:48,146 [fecam.py] => Task 0, Epoch 1/5 => Loss 1.479, Train_accy 20.47, Test_accy 11.73
Task 0, Epoch 1/5 => Loss 1.479, Train_accy 20.47, Test_accy 11.73:  20%|██        | 1/5 [00:24<01:39, 24.94s/it]Task 0, Epoch 2/5 => Loss 1.468, Train_accy 19.19:  20%|██        | 1/5 [00:27<01:39, 24.94s/it]                 2024-05-19 08:43:50,997 [fecam.py] => Task 0, Epoch 2/5 => Loss 1.468, Train_accy 19.19
Task 0, Epoch 2/5 => Loss 1.468, Train_accy 19.19:  40%|████      | 2/5 [00:27<00:35, 11.95s/it]Task 0, Epoch 3/5 => Loss 1.416, Train_accy 18.34:  40%|████      | 2/5 [00:30<00:35, 11.95s/it]2024-05-19 08:43:53,668 [fecam.py] => Task 0, Epoch 3/5 => Loss 1.416, Train_accy 18.34
Task 0, Epoch 3/5 => Loss 1.416, Train_accy 18.34:  60%|██████    | 3/5 [00:30<00:15,  7.71s/it]Task 0, Epoch 4/5 => Loss 1.427, Train_accy 13.86:  60%|██████    | 3/5 [00:33<00:15,  7.71s/it]2024-05-19 08:43:56,658 [fecam.py] => Task 0, Epoch 4/5 => Loss 1.427, Train_accy 13.86
Task 0, Epoch 4/5 => Loss 1.427, Train_accy 13.86:  80%|████████  | 4/5 [00:33<00:05,  5.85s/it]Task 0, Epoch 5/5 => Loss 1.365, Train_accy 10.66:  80%|████████  | 4/5 [00:35<00:05,  5.85s/it]2024-05-19 08:43:59,122 [fecam.py] => Task 0, Epoch 5/5 => Loss 1.365, Train_accy 10.66
Task 0, Epoch 5/5 => Loss 1.365, Train_accy 10.66: 100%|██████████| 5/5 [00:35<00:00,  4.63s/it]Task 0, Epoch 5/5 => Loss 1.365, Train_accy 10.66: 100%|██████████| 5/5 [00:35<00:00,  7.18s/it]
5
2024-05-19 08:47:37,651 [trainer.py] => CNN: {'total': 7.89, '00-09': 7.89, 'old': 0, 'new': 7.89}
2024-05-19 08:47:37,656 [trainer.py] => No NME accuracy
2024-05-19 08:47:37,656 [trainer.py] => FeCAM: {'total': 7.89, '00-09': 7.89, 'old': 0, 'new': 7.89}
2024-05-19 08:47:37,656 [trainer.py] => CNN top1 curve: [7.89]
2024-05-19 08:47:37,656 [trainer.py] => CNN top5 curve: [100.0]
2024-05-19 08:47:37,656 [trainer.py] => FeCAM top1 curve: [7.89]
2024-05-19 08:47:37,656 [trainer.py] => FeCAM top5 curve: [100.0]

2024-05-19 08:47:37,657 [fecam.py] => Learning on 5-10
10
/public/home/imgbreaker/Desktop/FeCAM/FeCAM-main/models/base.py:198: UserWarning: To copy construct from a tensor, it is recommended to use sourceTensor.clone().detach() or sourceTensor.clone().detach().requires_grad_(True), rather than torch.tensor(sourceTensor).
  x = torch.tensor(x)
2024-05-19 08:54:44,544 [trainer.py] => CNN: {'total': 16.88, '00-09': 16.88, 'old': 0.0, 'new': 33.2}
2024-05-19 08:54:44,544 [trainer.py] => No NME accuracy
2024-05-19 08:54:44,544 [trainer.py] => FeCAM: {'total': 63.52, '00-09': 63.52, 'old': 65.88, 'new': 61.24}
2024-05-19 08:54:44,545 [trainer.py] => CNN top1 curve: [7.89, 16.88]
2024-05-19 08:54:44,545 [trainer.py] => CNN top5 curve: [100.0, 50.63]
2024-05-19 08:54:44,545 [trainer.py] => FeCAM top1 curve: [7.89, 63.52]
2024-05-19 08:54:44,545 [trainer.py] => FeCAM top5 curve: [100.0, 93.4]

2024-05-19 08:54:44,546 [fecam.py] => Learning on 10-15
15
2024-05-19 09:04:58,488 [trainer.py] => CNN: {'total': 15.4, '00-09': 9.75, '10-19': 26.61, 'old': 9.75, 'new': 26.61}
2024-05-19 09:04:58,488 [trainer.py] => No NME accuracy
2024-05-19 09:04:58,488 [trainer.py] => FeCAM: {'total': 50.59, '00-09': 57.44, '10-19': 37.01, 'old': 57.44, 'new': 37.01}
2024-05-19 09:04:58,488 [trainer.py] => CNN top1 curve: [7.89, 16.88, 15.4]
2024-05-19 09:04:58,488 [trainer.py] => CNN top5 curve: [100.0, 50.63, 49.06]
2024-05-19 09:04:58,488 [trainer.py] => FeCAM top1 curve: [7.89, 63.52, 50.59]
2024-05-19 09:04:58,488 [trainer.py] => FeCAM top5 curve: [100.0, 93.4, 85.51]

2024-05-19 09:04:58,489 [fecam.py] => Learning on 15-20
20
2024-05-19 09:19:15,243 [trainer.py] => CNN: {'total': 15.67, '00-09': 7.65, '10-19': 23.62, 'old': 12.75, 'new': 24.38}
2024-05-19 09:19:15,244 [trainer.py] => No NME accuracy
2024-05-19 09:19:15,244 [trainer.py] => FeCAM: {'total': 45.48, '00-09': 51.47, '10-19': 39.54, 'old': 44.53, 'new': 48.33}
2024-05-19 09:19:15,244 [trainer.py] => CNN top1 curve: [7.89, 16.88, 15.4, 15.67]
2024-05-19 09:19:15,244 [trainer.py] => CNN top5 curve: [100.0, 50.63, 49.06, 45.48]
2024-05-19 09:19:15,244 [trainer.py] => FeCAM top1 curve: [7.89, 63.52, 50.59, 45.48]
2024-05-19 09:19:15,244 [trainer.py] => FeCAM top5 curve: [100.0, 93.4, 85.51, 80.16]

2024-05-19 09:19:15,246 [fecam.py] => Learning on 20-25
25
2024-05-19 09:36:00,725 [trainer.py] => CNN: {'total': 11.25, '00-09': 6.39, '10-19': 15.61, '20-29': 12.35, 'old': 11.02, 'new': 12.35}
2024-05-19 09:36:00,725 [trainer.py] => No NME accuracy
2024-05-19 09:36:00,725 [trainer.py] => FeCAM: {'total': 38.97, '00-09': 50.21, '10-19': 36.52, '20-29': 18.27, 'old': 43.34, 'new': 18.27}
2024-05-19 09:36:00,725 [trainer.py] => CNN top1 curve: [7.89, 16.88, 15.4, 15.67, 11.25]
2024-05-19 09:36:00,726 [trainer.py] => CNN top5 curve: [100.0, 50.63, 49.06, 45.48, 39.78]
2024-05-19 09:36:00,726 [trainer.py] => FeCAM top1 curve: [7.89, 63.52, 50.59, 45.48, 38.97]
2024-05-19 09:36:00,726 [trainer.py] => FeCAM top5 curve: [100.0, 93.4, 85.51, 80.16, 74.05]

2024-05-19 09:36:00,726 [fecam.py] => Learning on 25-30
30
2024-05-19 09:55:40,398 [trainer.py] => CNN: {'total': 10.75, '00-09': 5.87, '10-19': 14.57, '20-29': 11.95, 'old': 10.04, 'new': 14.7}
2024-05-19 09:55:40,402 [trainer.py] => No NME accuracy
2024-05-19 09:55:40,402 [trainer.py] => FeCAM: {'total': 35.76, '00-09': 49.79, '10-19': 36.32, '20-29': 18.78, 'old': 38.62, 'new': 19.76}
2024-05-19 09:55:40,402 [trainer.py] => CNN top1 curve: [7.89, 16.88, 15.4, 15.67, 11.25, 10.75]
2024-05-19 09:55:40,402 [trainer.py] => CNN top5 curve: [100.0, 50.63, 49.06, 45.48, 39.78, 35.43]
2024-05-19 09:55:40,402 [trainer.py] => FeCAM top1 curve: [7.89, 63.52, 50.59, 45.48, 38.97, 35.76]
2024-05-19 09:55:40,402 [trainer.py] => FeCAM top5 curve: [100.0, 93.4, 85.51, 80.16, 74.05, 68.88]

2024-05-19 09:55:40,403 [fecam.py] => Learning on 30-31
31
2024-05-19 10:13:57,676 [trainer.py] => CNN: {'total': 8.27, '00-09': 5.87, '10-19': 14.57, '20-29': 4.51, 'old': 8.52, 'new': 0.0}
2024-05-19 10:13:57,676 [trainer.py] => No NME accuracy
2024-05-19 10:13:57,676 [trainer.py] => FeCAM: {'total': 36.85, '00-09': 49.79, '10-19': 36.32, '20-29': 18.66, 'old': 35.72, 'new': 74.39}
2024-05-19 10:13:57,676 [trainer.py] => CNN top1 curve: [7.89, 16.88, 15.4, 15.67, 11.25, 10.75, 8.27]
2024-05-19 10:13:57,676 [trainer.py] => CNN top5 curve: [100.0, 50.63, 49.06, 45.48, 39.78, 35.43, 28.51]
2024-05-19 10:13:57,676 [trainer.py] => FeCAM top1 curve: [7.89, 63.52, 50.59, 45.48, 38.97, 35.76, 36.85]
2024-05-19 10:13:57,676 [trainer.py] => FeCAM top5 curve: [100.0, 93.4, 85.51, 80.16, 74.05, 68.88, 68.97]

