2024-05-19 03:26:24,997 [trainer.py] => config: exps/FeCAM_office_31.json
2024-05-19 03:26:24,997 [trainer.py] => prefix: train
2024-05-19 03:26:24,997 [trainer.py] => dataset: office_31
2024-05-19 03:26:24,997 [trainer.py] => memory_size: 0
2024-05-19 03:26:24,997 [trainer.py] => shuffle: True
2024-05-19 03:26:24,997 [trainer.py] => init_cls: 5
2024-05-19 03:26:24,997 [trainer.py] => increment: 5
2024-05-19 03:26:24,997 [trainer.py] => model_name: fecam
2024-05-19 03:26:24,997 [trainer.py] => convnet_type: resnet18
2024-05-19 03:26:24,997 [trainer.py] => device: [device(type='cuda', index=3), device(type='cuda', index=1), device(type='cuda', index=2), device(type='cuda', index=0)]
2024-05-19 03:26:24,997 [trainer.py] => seed: 1993
2024-05-19 03:26:24,997 [trainer.py] => init_epochs: 5
2024-05-19 03:26:24,997 [trainer.py] => init_lr: 0.1
2024-05-19 03:26:24,997 [trainer.py] => init_weight_decay: 0.0005
2024-05-19 03:26:24,997 [trainer.py] => batch_size: 16
2024-05-19 03:26:24,997 [trainer.py] => num_workers: 8
2024-05-19 03:26:24,997 [trainer.py] => T: 2
2024-05-19 03:26:24,997 [trainer.py] => beta: 0.5
2024-05-19 03:26:24,997 [trainer.py] => alpha1: 1
2024-05-19 03:26:24,997 [trainer.py] => alpha2: 1
2024-05-19 03:26:24,997 [trainer.py] => ncm: False
2024-05-19 03:26:24,997 [trainer.py] => tukey: True
2024-05-19 03:26:24,997 [trainer.py] => diagonal: False
2024-05-19 03:26:24,997 [trainer.py] => per_class: True
2024-05-19 03:26:24,997 [trainer.py] => full_cov: True
2024-05-19 03:26:24,997 [trainer.py] => shrink: True
2024-05-19 03:26:24,997 [trainer.py] => norm_cov: True
2024-05-19 03:26:24,997 [trainer.py] => source_index: 0
2024-05-19 03:26:24,997 [trainer.py] => target_index: 2
0 /public/home/imgbreaker/Desktop/PADA/pytorch/dataset/office/domain_adaptation_images/webcam/images/back_pack/frame_0001.jpg
1 /public/home/imgbreaker/Desktop/PADA/pytorch/dataset/office/domain_adaptation_images/webcam/images/bike/frame_0001.jpg
2 /public/home/imgbreaker/Desktop/PADA/pytorch/dataset/office/domain_adaptation_images/webcam/images/bike_helmet/frame_0001.jpg
3 /public/home/imgbreaker/Desktop/PADA/pytorch/dataset/office/domain_adaptation_images/webcam/images/bookcase/frame_0001.jpg
4 /public/home/imgbreaker/Desktop/PADA/pytorch/dataset/office/domain_adaptation_images/webcam/images/bottle/frame_0001.jpg
5 /public/home/imgbreaker/Desktop/PADA/pytorch/dataset/office/domain_adaptation_images/webcam/images/calculator/frame_0001.jpg
6 /public/home/imgbreaker/Desktop/PADA/pytorch/dataset/office/domain_adaptation_images/webcam/images/desk_chair/frame_0001.jpg
7 /public/home/imgbreaker/Desktop/PADA/pytorch/dataset/office/domain_adaptation_images/webcam/images/desk_lamp/frame_0001.jpg
8 /public/home/imgbreaker/Desktop/PADA/pytorch/dataset/office/domain_adaptation_images/webcam/images/desktop_computer/frame_0001.jpg
9 /public/home/imgbreaker/Desktop/PADA/pytorch/dataset/office/domain_adaptation_images/webcam/images/file_cabinet/frame_0001.jpg
10 /public/home/imgbreaker/Desktop/PADA/pytorch/dataset/office/domain_adaptation_images/webcam/images/headphones/frame_0001.jpg
11 /public/home/imgbreaker/Desktop/PADA/pytorch/dataset/office/domain_adaptation_images/webcam/images/keyboard/frame_0001.jpg
12 /public/home/imgbreaker/Desktop/PADA/pytorch/dataset/office/domain_adaptation_images/webcam/images/laptop_computer/frame_0001.jpg
13 /public/home/imgbreaker/Desktop/PADA/pytorch/dataset/office/domain_adaptation_images/webcam/images/letter_tray/frame_0001.jpg
14 /public/home/imgbreaker/Desktop/PADA/pytorch/dataset/office/domain_adaptation_images/webcam/images/mobile_phone/frame_0001.jpg
15 /public/home/imgbreaker/Desktop/PADA/pytorch/dataset/office/domain_adaptation_images/webcam/images/monitor/frame_0001.jpg
16 /public/home/imgbreaker/Desktop/PADA/pytorch/dataset/office/domain_adaptation_images/webcam/images/mouse/frame_0001.jpg
17 /public/home/imgbreaker/Desktop/PADA/pytorch/dataset/office/domain_adaptation_images/webcam/images/mug/frame_0001.jpg
18 /public/home/imgbreaker/Desktop/PADA/pytorch/dataset/office/domain_adaptation_images/webcam/images/paper_notebook/frame_0001.jpg
19 /public/home/imgbreaker/Desktop/PADA/pytorch/dataset/office/domain_adaptation_images/webcam/images/pen/frame_0001.jpg
20 /public/home/imgbreaker/Desktop/PADA/pytorch/dataset/office/domain_adaptation_images/webcam/images/phone/frame_0001.jpg
21 /public/home/imgbreaker/Desktop/PADA/pytorch/dataset/office/domain_adaptation_images/webcam/images/printer/frame_0001.jpg
22 /public/home/imgbreaker/Desktop/PADA/pytorch/dataset/office/domain_adaptation_images/webcam/images/projector/frame_0001.jpg
23 /public/home/imgbreaker/Desktop/PADA/pytorch/dataset/office/domain_adaptation_images/webcam/images/punchers/frame_0001.jpg
24 /public/home/imgbreaker/Desktop/PADA/pytorch/dataset/office/domain_adaptation_images/webcam/images/ring_binder/frame_0001.jpg
25 /public/home/imgbreaker/Desktop/PADA/pytorch/dataset/office/domain_adaptation_images/webcam/images/ruler/frame_0001.jpg
26 /public/home/imgbreaker/Desktop/PADA/pytorch/dataset/office/domain_adaptation_images/webcam/images/scissors/frame_0001.jpg
27 /public/home/imgbreaker/Desktop/PADA/pytorch/dataset/office/domain_adaptation_images/webcam/images/speaker/frame_0001.jpg
28 /public/home/imgbreaker/Desktop/PADA/pytorch/dataset/office/domain_adaptation_images/webcam/images/stapler/frame_0001.jpg
29 /public/home/imgbreaker/Desktop/PADA/pytorch/dataset/office/domain_adaptation_images/webcam/images/tape_dispenser/frame_0001.jpg
30 /public/home/imgbreaker/Desktop/PADA/pytorch/dataset/office/domain_adaptation_images/webcam/images/trash_can/frame_0001.jpg
0 /public/home/imgbreaker/Desktop/PADA/pytorch/dataset/office/domain_adaptation_images/webcam/images/back_pack/frame_0001.jpg
1 /public/home/imgbreaker/Desktop/PADA/pytorch/dataset/office/domain_adaptation_images/webcam/images/bike/frame_0001.jpg
2 /public/home/imgbreaker/Desktop/PADA/pytorch/dataset/office/domain_adaptation_images/webcam/images/bike_helmet/frame_0001.jpg
3 /public/home/imgbreaker/Desktop/PADA/pytorch/dataset/office/domain_adaptation_images/webcam/images/bookcase/frame_0001.jpg
4 /public/home/imgbreaker/Desktop/PADA/pytorch/dataset/office/domain_adaptation_images/webcam/images/bottle/frame_0001.jpg
5 /public/home/imgbreaker/Desktop/PADA/pytorch/dataset/office/domain_adaptation_images/webcam/images/calculator/frame_0001.jpg
6 /public/home/imgbreaker/Desktop/PADA/pytorch/dataset/office/domain_adaptation_images/webcam/images/desk_chair/frame_0001.jpg
7 /public/home/imgbreaker/Desktop/PADA/pytorch/dataset/office/domain_adaptation_images/webcam/images/desk_lamp/frame_0001.jpg
8 /public/home/imgbreaker/Desktop/PADA/pytorch/dataset/office/domain_adaptation_images/webcam/images/desktop_computer/frame_0001.jpg
9 /public/home/imgbreaker/Desktop/PADA/pytorch/dataset/office/domain_adaptation_images/webcam/images/file_cabinet/frame_0001.jpg
10 /public/home/imgbreaker/Desktop/PADA/pytorch/dataset/office/domain_adaptation_images/webcam/images/headphones/frame_0001.jpg
11 /public/home/imgbreaker/Desktop/PADA/pytorch/dataset/office/domain_adaptation_images/webcam/images/keyboard/frame_0001.jpg
12 /public/home/imgbreaker/Desktop/PADA/pytorch/dataset/office/domain_adaptation_images/webcam/images/laptop_computer/frame_0001.jpg
13 /public/home/imgbreaker/Desktop/PADA/pytorch/dataset/office/domain_adaptation_images/webcam/images/letter_tray/frame_0001.jpg
14 /public/home/imgbreaker/Desktop/PADA/pytorch/dataset/office/domain_adaptation_images/webcam/images/mobile_phone/frame_0001.jpg
15 /public/home/imgbreaker/Desktop/PADA/pytorch/dataset/office/domain_adaptation_images/webcam/images/monitor/frame_0001.jpg
16 /public/home/imgbreaker/Desktop/PADA/pytorch/dataset/office/domain_adaptation_images/webcam/images/mouse/frame_0001.jpg
17 /public/home/imgbreaker/Desktop/PADA/pytorch/dataset/office/domain_adaptation_images/webcam/images/mug/frame_0001.jpg
18 /public/home/imgbreaker/Desktop/PADA/pytorch/dataset/office/domain_adaptation_images/webcam/images/paper_notebook/frame_0001.jpg
19 /public/home/imgbreaker/Desktop/PADA/pytorch/dataset/office/domain_adaptation_images/webcam/images/pen/frame_0001.jpg
20 /public/home/imgbreaker/Desktop/PADA/pytorch/dataset/office/domain_adaptation_images/webcam/images/phone/frame_0001.jpg
21 /public/home/imgbreaker/Desktop/PADA/pytorch/dataset/office/domain_adaptation_images/webcam/images/printer/frame_0001.jpg
22 /public/home/imgbreaker/Desktop/PADA/pytorch/dataset/office/domain_adaptation_images/webcam/images/projector/frame_0001.jpg
23 /public/home/imgbreaker/Desktop/PADA/pytorch/dataset/office/domain_adaptation_images/webcam/images/punchers/frame_0001.jpg
24 /public/home/imgbreaker/Desktop/PADA/pytorch/dataset/office/domain_adaptation_images/webcam/images/ring_binder/frame_0001.jpg
25 /public/home/imgbreaker/Desktop/PADA/pytorch/dataset/office/domain_adaptation_images/webcam/images/ruler/frame_0001.jpg
26 /public/home/imgbreaker/Desktop/PADA/pytorch/dataset/office/domain_adaptation_images/webcam/images/scissors/frame_0001.jpg
27 /public/home/imgbreaker/Desktop/PADA/pytorch/dataset/office/domain_adaptation_images/webcam/images/speaker/frame_0001.jpg
28 /public/home/imgbreaker/Desktop/PADA/pytorch/dataset/office/domain_adaptation_images/webcam/images/stapler/frame_0001.jpg
29 /public/home/imgbreaker/Desktop/PADA/pytorch/dataset/office/domain_adaptation_images/webcam/images/tape_dispenser/frame_0001.jpg
30 /public/home/imgbreaker/Desktop/PADA/pytorch/dataset/office/domain_adaptation_images/webcam/images/trash_can/frame_0001.jpg
2024-05-19 03:26:25,031 [data_manager.py] => [21, 28, 2, 15, 10, 27, 8, 6, 14, 22, 20, 13, 24, 12, 26, 11, 5, 0, 23, 18, 4, 19, 29, 9, 7, 16, 3, 30, 17, 25, 1]
2024-05-19 03:26:25,459 [fecam.py] => Learning on 0-5
  0%|          | 0/5 [00:00<?, ?it/s]Task 0, Epoch 1/5 => Loss 1.330, Train_accy 17.61, Test_accy 19.01:   0%|          | 0/5 [00:30<?, ?it/s]2024-05-19 03:27:04,031 [fecam.py] => Task 0, Epoch 1/5 => Loss 1.330, Train_accy 17.61, Test_accy 19.01
Task 0, Epoch 1/5 => Loss 1.330, Train_accy 17.61, Test_accy 19.01:  20%|██        | 1/5 [00:30<02:00, 30.01s/it]Task 0, Epoch 2/5 => Loss 1.113, Train_accy 17.61:  20%|██        | 1/5 [00:31<02:00, 30.01s/it]                 2024-05-19 03:27:05,681 [fecam.py] => Task 0, Epoch 2/5 => Loss 1.113, Train_accy 17.61
Task 0, Epoch 2/5 => Loss 1.113, Train_accy 17.61:  40%|████      | 2/5 [00:31<00:39, 13.33s/it]Task 0, Epoch 3/5 => Loss 1.004, Train_accy 16.90:  40%|████      | 2/5 [00:33<00:39, 13.33s/it]2024-05-19 03:27:07,303 [fecam.py] => Task 0, Epoch 3/5 => Loss 1.004, Train_accy 16.90
Task 0, Epoch 3/5 => Loss 1.004, Train_accy 16.90:  60%|██████    | 3/5 [00:33<00:15,  7.98s/it]Task 0, Epoch 4/5 => Loss 0.931, Train_accy 8.45:  60%|██████    | 3/5 [00:34<00:15,  7.98s/it] 2024-05-19 03:27:08,975 [fecam.py] => Task 0, Epoch 4/5 => Loss 0.931, Train_accy 8.45
Task 0, Epoch 4/5 => Loss 0.931, Train_accy 8.45:  80%|████████  | 4/5 [00:34<00:05,  5.49s/it]Task 0, Epoch 5/5 => Loss 0.955, Train_accy 7.04:  80%|████████  | 4/5 [00:36<00:05,  5.49s/it]2024-05-19 03:27:10,829 [fecam.py] => Task 0, Epoch 5/5 => Loss 0.955, Train_accy 7.04
Task 0, Epoch 5/5 => Loss 0.955, Train_accy 7.04: 100%|██████████| 5/5 [00:36<00:00,  4.18s/it]Task 0, Epoch 5/5 => Loss 0.955, Train_accy 7.04: 100%|██████████| 5/5 [00:36<00:00,  7.36s/it]
5
2024-05-19 03:31:18,385 [trainer.py] => CNN: {'total': 7.04, '00-09': 7.04, 'old': 0, 'new': 7.04}
2024-05-19 03:31:18,386 [trainer.py] => No NME accuracy
2024-05-19 03:31:18,386 [trainer.py] => FeCAM: {'total': 7.04, '00-09': 7.04, 'old': 0, 'new': 7.04}
2024-05-19 03:31:18,386 [trainer.py] => CNN top1 curve: [7.04]
2024-05-19 03:31:18,386 [trainer.py] => CNN top5 curve: [100.0]
2024-05-19 03:31:18,386 [trainer.py] => FeCAM top1 curve: [7.04]
2024-05-19 03:31:18,386 [trainer.py] => FeCAM top5 curve: [100.0]

2024-05-19 03:31:18,387 [fecam.py] => Learning on 5-10
10
/public/home/imgbreaker/Desktop/FeCAM/FeCAM-main/models/base.py:198: UserWarning: To copy construct from a tensor, it is recommended to use sourceTensor.clone().detach() or sourceTensor.clone().detach().requires_grad_(True), rather than torch.tensor(sourceTensor).
  x = torch.tensor(x)
2024-05-19 03:39:53,761 [trainer.py] => CNN: {'total': 24.57, '00-09': 24.57, 'old': 0.0, 'new': 47.68}
2024-05-19 03:39:53,762 [trainer.py] => No NME accuracy
2024-05-19 03:39:53,762 [trainer.py] => FeCAM: {'total': 83.96, '00-09': 83.96, 'old': 84.51, 'new': 83.44}
2024-05-19 03:39:53,762 [trainer.py] => CNN top1 curve: [7.04, 24.57]
2024-05-19 03:39:53,762 [trainer.py] => CNN top5 curve: [100.0, 53.24]
2024-05-19 03:39:53,762 [trainer.py] => FeCAM top1 curve: [7.04, 83.96]
2024-05-19 03:39:53,762 [trainer.py] => FeCAM top5 curve: [100.0, 99.32]

2024-05-19 03:39:53,763 [fecam.py] => Learning on 10-15
15
2024-05-19 03:51:01,022 [trainer.py] => CNN: {'total': 18.68, '00-09': 15.36, '10-19': 26.15, 'old': 15.36, 'new': 26.15}
2024-05-19 03:51:01,022 [trainer.py] => No NME accuracy
2024-05-19 03:51:01,022 [trainer.py] => FeCAM: {'total': 81.32, '00-09': 82.59, '10-19': 78.46, 'old': 82.59, 'new': 78.46}
2024-05-19 03:51:01,022 [trainer.py] => CNN top1 curve: [7.04, 24.57, 18.68]
2024-05-19 03:51:01,022 [trainer.py] => CNN top5 curve: [100.0, 53.24, 52.96]
2024-05-19 03:51:01,023 [trainer.py] => FeCAM top1 curve: [7.04, 83.96, 81.32]
2024-05-19 03:51:01,023 [trainer.py] => FeCAM top5 curve: [100.0, 99.32, 97.64]

2024-05-19 03:51:01,024 [fecam.py] => Learning on 15-20
20
2024-05-19 04:06:11,025 [trainer.py] => CNN: {'total': 22.12, '00-09': 14.68, '10-19': 30.15, 'old': 16.08, 'new': 40.14}
2024-05-19 04:06:11,025 [trainer.py] => No NME accuracy
2024-05-19 04:06:11,025 [trainer.py] => FeCAM: {'total': 79.82, '00-09': 79.86, '10-19': 79.78, 'old': 78.96, 'new': 82.39}
2024-05-19 04:06:11,025 [trainer.py] => CNN top1 curve: [7.04, 24.57, 18.68, 22.12]
2024-05-19 04:06:11,025 [trainer.py] => CNN top5 curve: [100.0, 53.24, 52.96, 55.93]
2024-05-19 04:06:11,025 [trainer.py] => FeCAM top1 curve: [7.04, 83.96, 81.32, 79.82]
2024-05-19 04:06:11,025 [trainer.py] => FeCAM top5 curve: [100.0, 99.32, 97.64, 96.64]

2024-05-19 04:06:11,026 [fecam.py] => Learning on 20-25
25
2024-05-19 04:27:57,042 [trainer.py] => CNN: {'total': 24.22, '00-09': 13.99, '10-19': 28.68, '20-29': 40.74, 'old': 21.06, 'new': 40.74}
2024-05-19 04:27:57,044 [trainer.py] => No NME accuracy
2024-05-19 04:27:57,044 [trainer.py] => FeCAM: {'total': 76.97, '00-09': 74.4, '10-19': 79.78, '20-29': 76.85, 'old': 76.99, 'new': 76.85}
2024-05-19 04:27:57,044 [trainer.py] => CNN top1 curve: [7.04, 24.57, 18.68, 22.12, 24.22]
2024-05-19 04:27:57,044 [trainer.py] => CNN top5 curve: [100.0, 53.24, 52.96, 55.93, 54.68]
2024-05-19 04:27:57,045 [trainer.py] => FeCAM top1 curve: [7.04, 83.96, 81.32, 79.82, 76.97]
2024-05-19 04:27:57,045 [trainer.py] => FeCAM top5 curve: [100.0, 99.32, 97.64, 96.64, 96.29]

2024-05-19 04:27:57,045 [fecam.py] => Learning on 25-30
30
2024-05-19 04:54:42,443 [trainer.py] => CNN: {'total': 22.61, '00-09': 12.97, '10-19': 26.47, '20-29': 31.1, 'old': 22.14, 'new': 25.74}
2024-05-19 04:54:42,444 [trainer.py] => No NME accuracy
2024-05-19 04:54:42,444 [trainer.py] => FeCAM: {'total': 73.77, '00-09': 73.72, '10-19': 78.68, '20-29': 67.46, 'old': 75.93, 'new': 59.41}
2024-05-19 04:54:42,444 [trainer.py] => CNN top1 curve: [7.04, 24.57, 18.68, 22.12, 24.22, 22.61]
2024-05-19 04:54:42,444 [trainer.py] => CNN top5 curve: [100.0, 53.24, 52.96, 55.93, 54.68, 48.06]
2024-05-19 04:54:42,444 [trainer.py] => FeCAM top1 curve: [7.04, 83.96, 81.32, 79.82, 76.97, 73.77]
2024-05-19 04:54:42,444 [trainer.py] => FeCAM top5 curve: [100.0, 99.32, 97.64, 96.64, 96.29, 95.35]

2024-05-19 04:54:42,445 [fecam.py] => Learning on 30-31
31
2024-05-19 05:21:59,343 [trainer.py] => CNN: {'total': 21.64, '00-09': 12.97, '10-19': 25.37, '20-29': 31.1, 'old': 22.22, 'new': 0.0}
2024-05-19 05:21:59,344 [trainer.py] => No NME accuracy
2024-05-19 05:21:59,344 [trainer.py] => FeCAM: {'total': 74.09, '00-09': 73.38, '10-19': 78.31, '20-29': 66.99, 'old': 73.39, 'new': 100.0}
2024-05-19 05:21:59,344 [trainer.py] => CNN top1 curve: [7.04, 24.57, 18.68, 22.12, 24.22, 22.61, 21.64]
2024-05-19 05:21:59,344 [trainer.py] => CNN top5 curve: [100.0, 53.24, 52.96, 55.93, 54.68, 48.06, 43.4]
2024-05-19 05:21:59,344 [trainer.py] => FeCAM top1 curve: [7.04, 83.96, 81.32, 79.82, 76.97, 73.77, 74.09]
2024-05-19 05:21:59,344 [trainer.py] => FeCAM top5 curve: [100.0, 99.32, 97.64, 96.64, 96.29, 95.35, 95.22]

