2024-05-18 22:31:02,653 [trainer.py] => config: exps/FeCAM_office_31.json
2024-05-18 22:31:02,653 [trainer.py] => prefix: train
2024-05-18 22:31:02,653 [trainer.py] => dataset: office_31
2024-05-18 22:31:02,653 [trainer.py] => memory_size: 0
2024-05-18 22:31:02,654 [trainer.py] => shuffle: True
2024-05-18 22:31:02,654 [trainer.py] => init_cls: 5
2024-05-18 22:31:02,654 [trainer.py] => increment: 5
2024-05-18 22:31:02,654 [trainer.py] => model_name: fecam
2024-05-18 22:31:02,654 [trainer.py] => convnet_type: resnet18
2024-05-18 22:31:02,654 [trainer.py] => device: [device(type='cuda', index=3), device(type='cuda', index=1), device(type='cuda', index=2), device(type='cuda', index=0)]
2024-05-18 22:31:02,654 [trainer.py] => seed: 1993
2024-05-18 22:31:02,654 [trainer.py] => init_epochs: 5
2024-05-18 22:31:02,654 [trainer.py] => init_lr: 0.1
2024-05-18 22:31:02,654 [trainer.py] => init_weight_decay: 0.0005
2024-05-18 22:31:02,654 [trainer.py] => batch_size: 16
2024-05-18 22:31:02,654 [trainer.py] => num_workers: 8
2024-05-18 22:31:02,654 [trainer.py] => T: 2
2024-05-18 22:31:02,654 [trainer.py] => beta: 0.5
2024-05-18 22:31:02,654 [trainer.py] => alpha1: 1
2024-05-18 22:31:02,654 [trainer.py] => alpha2: 1
2024-05-18 22:31:02,654 [trainer.py] => ncm: False
2024-05-18 22:31:02,654 [trainer.py] => tukey: True
2024-05-18 22:31:02,654 [trainer.py] => diagonal: False
2024-05-18 22:31:02,654 [trainer.py] => per_class: True
2024-05-18 22:31:02,654 [trainer.py] => full_cov: True
2024-05-18 22:31:02,654 [trainer.py] => shrink: True
2024-05-18 22:31:02,654 [trainer.py] => norm_cov: True
2024-05-18 22:31:02,654 [trainer.py] => source_index: 0
2024-05-18 22:31:02,654 [trainer.py] => target_index: 1
0 /public/home/imgbreaker/Desktop/PADA/pytorch/dataset/office/domain_adaptation_images/dslr/images/back_pack/frame_0001.jpg
1 /public/home/imgbreaker/Desktop/PADA/pytorch/dataset/office/domain_adaptation_images/dslr/images/bike/frame_0001.jpg
2 /public/home/imgbreaker/Desktop/PADA/pytorch/dataset/office/domain_adaptation_images/dslr/images/bike_helmet/frame_0001.jpg
3 /public/home/imgbreaker/Desktop/PADA/pytorch/dataset/office/domain_adaptation_images/dslr/images/bookcase/frame_0001.jpg
4 /public/home/imgbreaker/Desktop/PADA/pytorch/dataset/office/domain_adaptation_images/dslr/images/bottle/frame_0001.jpg
5 /public/home/imgbreaker/Desktop/PADA/pytorch/dataset/office/domain_adaptation_images/dslr/images/calculator/frame_0001.jpg
6 /public/home/imgbreaker/Desktop/PADA/pytorch/dataset/office/domain_adaptation_images/dslr/images/desk_chair/frame_0001.jpg
7 /public/home/imgbreaker/Desktop/PADA/pytorch/dataset/office/domain_adaptation_images/dslr/images/desk_lamp/frame_0001.jpg
8 /public/home/imgbreaker/Desktop/PADA/pytorch/dataset/office/domain_adaptation_images/dslr/images/desktop_computer/frame_0001.jpg
9 /public/home/imgbreaker/Desktop/PADA/pytorch/dataset/office/domain_adaptation_images/dslr/images/file_cabinet/frame_0001.jpg
10 /public/home/imgbreaker/Desktop/PADA/pytorch/dataset/office/domain_adaptation_images/dslr/images/headphones/frame_0001.jpg
11 /public/home/imgbreaker/Desktop/PADA/pytorch/dataset/office/domain_adaptation_images/dslr/images/keyboard/frame_0001.jpg
12 /public/home/imgbreaker/Desktop/PADA/pytorch/dataset/office/domain_adaptation_images/dslr/images/laptop_computer/frame_0001.jpg
13 /public/home/imgbreaker/Desktop/PADA/pytorch/dataset/office/domain_adaptation_images/dslr/images/letter_tray/frame_0001.jpg
14 /public/home/imgbreaker/Desktop/PADA/pytorch/dataset/office/domain_adaptation_images/dslr/images/mobile_phone/frame_0001.jpg
15 /public/home/imgbreaker/Desktop/PADA/pytorch/dataset/office/domain_adaptation_images/dslr/images/monitor/frame_0001.jpg
16 /public/home/imgbreaker/Desktop/PADA/pytorch/dataset/office/domain_adaptation_images/dslr/images/mouse/frame_0001.jpg
17 /public/home/imgbreaker/Desktop/PADA/pytorch/dataset/office/domain_adaptation_images/dslr/images/mug/frame_0001.jpg
18 /public/home/imgbreaker/Desktop/PADA/pytorch/dataset/office/domain_adaptation_images/dslr/images/paper_notebook/frame_0001.jpg
19 /public/home/imgbreaker/Desktop/PADA/pytorch/dataset/office/domain_adaptation_images/dslr/images/pen/frame_0001.jpg
20 /public/home/imgbreaker/Desktop/PADA/pytorch/dataset/office/domain_adaptation_images/dslr/images/phone/frame_0001.jpg
21 /public/home/imgbreaker/Desktop/PADA/pytorch/dataset/office/domain_adaptation_images/dslr/images/printer/frame_0001.jpg
22 /public/home/imgbreaker/Desktop/PADA/pytorch/dataset/office/domain_adaptation_images/dslr/images/projector/frame_0001.jpg
23 /public/home/imgbreaker/Desktop/PADA/pytorch/dataset/office/domain_adaptation_images/dslr/images/punchers/frame_0001.jpg
24 /public/home/imgbreaker/Desktop/PADA/pytorch/dataset/office/domain_adaptation_images/dslr/images/ring_binder/frame_0001.jpg
25 /public/home/imgbreaker/Desktop/PADA/pytorch/dataset/office/domain_adaptation_images/dslr/images/ruler/frame_0001.jpg
26 /public/home/imgbreaker/Desktop/PADA/pytorch/dataset/office/domain_adaptation_images/dslr/images/scissors/frame_0001.jpg
27 /public/home/imgbreaker/Desktop/PADA/pytorch/dataset/office/domain_adaptation_images/dslr/images/speaker/frame_0001.jpg
28 /public/home/imgbreaker/Desktop/PADA/pytorch/dataset/office/domain_adaptation_images/dslr/images/stapler/frame_0001.jpg
29 /public/home/imgbreaker/Desktop/PADA/pytorch/dataset/office/domain_adaptation_images/dslr/images/tape_dispenser/frame_0001.jpg
30 /public/home/imgbreaker/Desktop/PADA/pytorch/dataset/office/domain_adaptation_images/dslr/images/trash_can/frame_0001.jpg
0 /public/home/imgbreaker/Desktop/PADA/pytorch/dataset/office/domain_adaptation_images/dslr/images/back_pack/frame_0001.jpg
1 /public/home/imgbreaker/Desktop/PADA/pytorch/dataset/office/domain_adaptation_images/dslr/images/bike/frame_0001.jpg
2 /public/home/imgbreaker/Desktop/PADA/pytorch/dataset/office/domain_adaptation_images/dslr/images/bike_helmet/frame_0001.jpg
3 /public/home/imgbreaker/Desktop/PADA/pytorch/dataset/office/domain_adaptation_images/dslr/images/bookcase/frame_0001.jpg
4 /public/home/imgbreaker/Desktop/PADA/pytorch/dataset/office/domain_adaptation_images/dslr/images/bottle/frame_0001.jpg
5 /public/home/imgbreaker/Desktop/PADA/pytorch/dataset/office/domain_adaptation_images/dslr/images/calculator/frame_0001.jpg
6 /public/home/imgbreaker/Desktop/PADA/pytorch/dataset/office/domain_adaptation_images/dslr/images/desk_chair/frame_0001.jpg
7 /public/home/imgbreaker/Desktop/PADA/pytorch/dataset/office/domain_adaptation_images/dslr/images/desk_lamp/frame_0001.jpg
8 /public/home/imgbreaker/Desktop/PADA/pytorch/dataset/office/domain_adaptation_images/dslr/images/desktop_computer/frame_0001.jpg
9 /public/home/imgbreaker/Desktop/PADA/pytorch/dataset/office/domain_adaptation_images/dslr/images/file_cabinet/frame_0001.jpg
10 /public/home/imgbreaker/Desktop/PADA/pytorch/dataset/office/domain_adaptation_images/dslr/images/headphones/frame_0001.jpg
11 /public/home/imgbreaker/Desktop/PADA/pytorch/dataset/office/domain_adaptation_images/dslr/images/keyboard/frame_0001.jpg
12 /public/home/imgbreaker/Desktop/PADA/pytorch/dataset/office/domain_adaptation_images/dslr/images/laptop_computer/frame_0001.jpg
13 /public/home/imgbreaker/Desktop/PADA/pytorch/dataset/office/domain_adaptation_images/dslr/images/letter_tray/frame_0001.jpg
14 /public/home/imgbreaker/Desktop/PADA/pytorch/dataset/office/domain_adaptation_images/dslr/images/mobile_phone/frame_0001.jpg
15 /public/home/imgbreaker/Desktop/PADA/pytorch/dataset/office/domain_adaptation_images/dslr/images/monitor/frame_0001.jpg
16 /public/home/imgbreaker/Desktop/PADA/pytorch/dataset/office/domain_adaptation_images/dslr/images/mouse/frame_0001.jpg
17 /public/home/imgbreaker/Desktop/PADA/pytorch/dataset/office/domain_adaptation_images/dslr/images/mug/frame_0001.jpg
18 /public/home/imgbreaker/Desktop/PADA/pytorch/dataset/office/domain_adaptation_images/dslr/images/paper_notebook/frame_0001.jpg
19 /public/home/imgbreaker/Desktop/PADA/pytorch/dataset/office/domain_adaptation_images/dslr/images/pen/frame_0001.jpg
20 /public/home/imgbreaker/Desktop/PADA/pytorch/dataset/office/domain_adaptation_images/dslr/images/phone/frame_0001.jpg
21 /public/home/imgbreaker/Desktop/PADA/pytorch/dataset/office/domain_adaptation_images/dslr/images/printer/frame_0001.jpg
22 /public/home/imgbreaker/Desktop/PADA/pytorch/dataset/office/domain_adaptation_images/dslr/images/projector/frame_0001.jpg
23 /public/home/imgbreaker/Desktop/PADA/pytorch/dataset/office/domain_adaptation_images/dslr/images/punchers/frame_0001.jpg
24 /public/home/imgbreaker/Desktop/PADA/pytorch/dataset/office/domain_adaptation_images/dslr/images/ring_binder/frame_0001.jpg
25 /public/home/imgbreaker/Desktop/PADA/pytorch/dataset/office/domain_adaptation_images/dslr/images/ruler/frame_0001.jpg
26 /public/home/imgbreaker/Desktop/PADA/pytorch/dataset/office/domain_adaptation_images/dslr/images/scissors/frame_0001.jpg
27 /public/home/imgbreaker/Desktop/PADA/pytorch/dataset/office/domain_adaptation_images/dslr/images/speaker/frame_0001.jpg
28 /public/home/imgbreaker/Desktop/PADA/pytorch/dataset/office/domain_adaptation_images/dslr/images/stapler/frame_0001.jpg
29 /public/home/imgbreaker/Desktop/PADA/pytorch/dataset/office/domain_adaptation_images/dslr/images/tape_dispenser/frame_0001.jpg
30 /public/home/imgbreaker/Desktop/PADA/pytorch/dataset/office/domain_adaptation_images/dslr/images/trash_can/frame_0001.jpg
2024-05-18 22:31:02,673 [data_manager.py] => [21, 28, 2, 15, 10, 27, 8, 6, 14, 22, 20, 13, 24, 12, 26, 11, 5, 0, 23, 18, 4, 19, 29, 9, 7, 16, 3, 30, 17, 25, 1]
2024-05-18 22:31:02,963 [fecam.py] => Learning on 0-5
  0%|          | 0/5 [00:00<?, ?it/s]Task 0, Epoch 1/5 => Loss 1.415, Train_accy 15.79, Test_accy 13.68:   0%|          | 0/5 [00:21<?, ?it/s]2024-05-18 22:31:28,601 [fecam.py] => Task 0, Epoch 1/5 => Loss 1.415, Train_accy 15.79, Test_accy 13.68
Task 0, Epoch 1/5 => Loss 1.415, Train_accy 15.79, Test_accy 13.68:  20%|██        | 1/5 [00:21<01:24, 21.10s/it]Task 0, Epoch 2/5 => Loss 1.104, Train_accy 13.68:  20%|██        | 1/5 [00:23<01:24, 21.10s/it]                 2024-05-18 22:31:30,583 [fecam.py] => Task 0, Epoch 2/5 => Loss 1.104, Train_accy 13.68
Task 0, Epoch 2/5 => Loss 1.104, Train_accy 13.68:  40%|████      | 2/5 [00:23<00:29,  9.86s/it]Task 0, Epoch 3/5 => Loss 0.964, Train_accy 14.74:  40%|████      | 2/5 [00:25<00:29,  9.86s/it]2024-05-18 22:31:32,521 [fecam.py] => Task 0, Epoch 3/5 => Loss 0.964, Train_accy 14.74
Task 0, Epoch 3/5 => Loss 0.964, Train_accy 14.74:  60%|██████    | 3/5 [00:25<00:12,  6.24s/it]Task 0, Epoch 4/5 => Loss 0.882, Train_accy 11.58:  60%|██████    | 3/5 [00:27<00:12,  6.24s/it]2024-05-18 22:31:35,222 [fecam.py] => Task 0, Epoch 4/5 => Loss 0.882, Train_accy 11.58
Task 0, Epoch 4/5 => Loss 0.882, Train_accy 11.58:  80%|████████  | 4/5 [00:27<00:04,  4.84s/it]Task 0, Epoch 5/5 => Loss 0.891, Train_accy 11.58:  80%|████████  | 4/5 [00:29<00:04,  4.84s/it]2024-05-18 22:31:37,427 [fecam.py] => Task 0, Epoch 5/5 => Loss 0.891, Train_accy 11.58
Task 0, Epoch 5/5 => Loss 0.891, Train_accy 11.58: 100%|██████████| 5/5 [00:29<00:00,  3.89s/it]Task 0, Epoch 5/5 => Loss 0.891, Train_accy 11.58: 100%|██████████| 5/5 [00:29<00:00,  5.99s/it]
5
2024-05-18 22:36:23,866 [trainer.py] => CNN: {'total': 9.47, '00-09': 9.47, 'old': 0, 'new': 9.47}
2024-05-18 22:36:23,867 [trainer.py] => No NME accuracy
2024-05-18 22:36:23,867 [trainer.py] => FeCAM: {'total': 9.47, '00-09': 9.47, 'old': 0, 'new': 9.47}
2024-05-18 22:36:23,867 [trainer.py] => CNN top1 curve: [9.47]
2024-05-18 22:36:23,867 [trainer.py] => CNN top5 curve: [100.0]
2024-05-18 22:36:23,867 [trainer.py] => FeCAM top1 curve: [9.47]
2024-05-18 22:36:23,867 [trainer.py] => FeCAM top5 curve: [100.0]

2024-05-18 22:36:23,868 [fecam.py] => Learning on 5-10
10
/public/home/imgbreaker/Desktop/FeCAM/FeCAM-main/models/base.py:198: UserWarning: To copy construct from a tensor, it is recommended to use sourceTensor.clone().detach() or sourceTensor.clone().detach().requires_grad_(True), rather than torch.tensor(sourceTensor).
  x = torch.tensor(x)
2024-05-18 22:43:38,557 [trainer.py] => CNN: {'total': 24.14, '00-09': 24.14, 'old': 0.0, 'new': 45.37}
2024-05-18 22:43:38,558 [trainer.py] => No NME accuracy
2024-05-18 22:43:38,558 [trainer.py] => FeCAM: {'total': 82.76, '00-09': 82.76, 'old': 93.68, 'new': 73.15}
2024-05-18 22:43:38,558 [trainer.py] => CNN top1 curve: [9.47, 24.14]
2024-05-18 22:43:38,558 [trainer.py] => CNN top5 curve: [100.0, 54.19]
2024-05-18 22:43:38,558 [trainer.py] => FeCAM top1 curve: [9.47, 82.76]
2024-05-18 22:43:38,558 [trainer.py] => FeCAM top5 curve: [100.0, 99.01]

2024-05-18 22:43:38,559 [fecam.py] => Learning on 10-15
15
2024-05-18 22:54:08,114 [trainer.py] => CNN: {'total': 20.07, '00-09': 18.23, '10-19': 24.69, 'old': 18.23, 'new': 24.69}
2024-05-18 22:54:08,114 [trainer.py] => No NME accuracy
2024-05-18 22:54:08,114 [trainer.py] => FeCAM: {'total': 77.11, '00-09': 82.76, '10-19': 62.96, 'old': 82.76, 'new': 62.96}
2024-05-18 22:54:08,114 [trainer.py] => CNN top1 curve: [9.47, 24.14, 20.07]
2024-05-18 22:54:08,114 [trainer.py] => CNN top5 curve: [100.0, 54.19, 57.04]
2024-05-18 22:54:08,115 [trainer.py] => FeCAM top1 curve: [9.47, 82.76, 77.11]
2024-05-18 22:54:08,115 [trainer.py] => FeCAM top5 curve: [100.0, 99.01, 97.18]

2024-05-18 22:54:08,116 [fecam.py] => Learning on 15-20
20
2024-05-18 23:10:14,411 [trainer.py] => CNN: {'total': 21.97, '00-09': 16.26, '10-19': 30.07, 'old': 18.31, 'new': 38.71}
2024-05-18 23:10:14,411 [trainer.py] => No NME accuracy
2024-05-18 23:10:14,411 [trainer.py] => FeCAM: {'total': 75.72, '00-09': 80.3, '10-19': 69.23, 'old': 74.65, 'new': 80.65}
2024-05-18 23:10:14,411 [trainer.py] => CNN top1 curve: [9.47, 24.14, 20.07, 21.97]
2024-05-18 23:10:14,411 [trainer.py] => CNN top5 curve: [100.0, 54.19, 57.04, 55.49]
2024-05-18 23:10:14,411 [trainer.py] => FeCAM top1 curve: [9.47, 82.76, 77.11, 75.72]
2024-05-18 23:10:14,411 [trainer.py] => FeCAM top5 curve: [100.0, 99.01, 97.18, 92.77]

2024-05-18 23:10:14,413 [fecam.py] => Learning on 20-25
25
2024-05-18 23:28:37,941 [trainer.py] => CNN: {'total': 17.97, '00-09': 7.88, '10-19': 27.27, '20-29': 27.27, 'old': 15.9, 'new': 27.27}
2024-05-18 23:28:37,941 [trainer.py] => No NME accuracy
2024-05-18 23:28:37,941 [trainer.py] => FeCAM: {'total': 74.0, '00-09': 79.8, '10-19': 65.03, '20-29': 75.32, 'old': 73.7, 'new': 75.32}
2024-05-18 23:28:37,941 [trainer.py] => CNN top1 curve: [9.47, 24.14, 20.07, 21.97, 17.97]
2024-05-18 23:28:37,941 [trainer.py] => CNN top5 curve: [100.0, 54.19, 57.04, 55.49, 51.3]
2024-05-18 23:28:37,941 [trainer.py] => FeCAM top1 curve: [9.47, 82.76, 77.11, 75.72, 74.0]
2024-05-18 23:28:37,941 [trainer.py] => FeCAM top5 curve: [100.0, 99.01, 97.18, 92.77, 92.67]

2024-05-18 23:28:37,942 [fecam.py] => Learning on 25-30
30
2024-05-18 23:51:15,270 [trainer.py] => CNN: {'total': 16.77, '00-09': 7.39, '10-19': 25.87, '20-29': 21.37, 'old': 15.6, 'new': 25.93}
2024-05-18 23:51:15,271 [trainer.py] => No NME accuracy
2024-05-18 23:51:15,271 [trainer.py] => FeCAM: {'total': 71.07, '00-09': 79.31, '10-19': 64.34, '20-29': 65.65, 'old': 73.52, 'new': 51.85}
2024-05-18 23:51:15,271 [trainer.py] => CNN top1 curve: [9.47, 24.14, 20.07, 21.97, 17.97, 16.77]
2024-05-18 23:51:15,271 [trainer.py] => CNN top5 curve: [100.0, 54.19, 57.04, 55.49, 51.3, 46.54]
2024-05-18 23:51:15,271 [trainer.py] => FeCAM top1 curve: [9.47, 82.76, 77.11, 75.72, 74.0, 71.07]
2024-05-18 23:51:15,271 [trainer.py] => FeCAM top5 curve: [100.0, 99.01, 97.18, 92.77, 92.67, 90.36]

2024-05-18 23:51:15,272 [fecam.py] => Learning on 30-31
31
2024-05-19 00:14:38,671 [trainer.py] => CNN: {'total': 16.06, '00-09': 7.39, '10-19': 25.87, '20-29': 21.37, 'old': 16.77, 'new': 0.0}
2024-05-19 00:14:38,672 [trainer.py] => No NME accuracy
2024-05-19 00:14:38,672 [trainer.py] => FeCAM: {'total': 72.29, '00-09': 79.31, '10-19': 64.34, '20-29': 65.65, 'old': 71.07, 'new': 100.0}
2024-05-19 00:14:38,672 [trainer.py] => CNN top1 curve: [9.47, 24.14, 20.07, 21.97, 17.97, 16.77, 16.06]
2024-05-19 00:14:38,672 [trainer.py] => CNN top5 curve: [100.0, 54.19, 57.04, 55.49, 51.3, 46.54, 43.37]
2024-05-19 00:14:38,672 [trainer.py] => FeCAM top1 curve: [9.47, 82.76, 77.11, 75.72, 74.0, 71.07, 72.29]
2024-05-19 00:14:38,672 [trainer.py] => FeCAM top5 curve: [100.0, 99.01, 97.18, 92.77, 92.67, 90.36, 90.76]

