nohup: ignoring input
no change     /public/home/imgbreaker/anaconda3/condabin/conda
no change     /public/home/imgbreaker/anaconda3/bin/conda
no change     /public/home/imgbreaker/anaconda3/bin/conda-env
no change     /public/home/imgbreaker/anaconda3/bin/activate
no change     /public/home/imgbreaker/anaconda3/bin/deactivate
no change     /public/home/imgbreaker/anaconda3/etc/profile.d/conda.sh
no change     /public/home/imgbreaker/anaconda3/etc/fish/conf.d/conda.fish
no change     /public/home/imgbreaker/anaconda3/shell/condabin/Conda.psm1
no change     /public/home/imgbreaker/anaconda3/shell/condabin/conda-hook.ps1
no change     /public/home/imgbreaker/anaconda3/lib/python3.11/site-packages/xontrib/conda.xsh
no change     /public/home/imgbreaker/anaconda3/etc/profile.d/conda.csh
no change     /public/home/imgbreaker/.bashrc
No action taken.
activate tllib
nohup: ignoring input
no change     /public/home/imgbreaker/anaconda3/condabin/conda
no change     /public/home/imgbreaker/anaconda3/bin/conda
no change     /public/home/imgbreaker/anaconda3/bin/conda-env
no change     /public/home/imgbreaker/anaconda3/bin/activate
no change     /public/home/imgbreaker/anaconda3/bin/deactivate
no change     /public/home/imgbreaker/anaconda3/etc/profile.d/conda.sh
no change     /public/home/imgbreaker/anaconda3/etc/fish/conf.d/conda.fish
no change     /public/home/imgbreaker/anaconda3/shell/condabin/Conda.psm1
no change     /public/home/imgbreaker/anaconda3/shell/condabin/conda-hook.ps1
no change     /public/home/imgbreaker/anaconda3/lib/python3.11/site-packages/xontrib/conda.xsh
no change     /public/home/imgbreaker/anaconda3/etc/profile.d/conda.csh
no change     /public/home/imgbreaker/.bashrc
No action taken.
activate tllib
nohup: ignoring input
no change     /public/home/imgbreaker/anaconda3/condabin/conda
no change     /public/home/imgbreaker/anaconda3/bin/conda
no change     /public/home/imgbreaker/anaconda3/bin/conda-env
no change     /public/home/imgbreaker/anaconda3/bin/activate
no change     /public/home/imgbreaker/anaconda3/bin/deactivate
no change     /public/home/imgbreaker/anaconda3/etc/profile.d/conda.sh
no change     /public/home/imgbreaker/anaconda3/etc/fish/conf.d/conda.fish
no change     /public/home/imgbreaker/anaconda3/shell/condabin/Conda.psm1
no change     /public/home/imgbreaker/anaconda3/shell/condabin/conda-hook.ps1
no change     /public/home/imgbreaker/anaconda3/lib/python3.11/site-packages/xontrib/conda.xsh
no change     /public/home/imgbreaker/anaconda3/etc/profile.d/conda.csh
no change     /public/home/imgbreaker/.bashrc
No action taken.
activate tllib
nohup: ignoring input
no change     /public/home/imgbreaker/anaconda3/condabin/conda
no change     /public/home/imgbreaker/anaconda3/bin/conda
no change     /public/home/imgbreaker/anaconda3/bin/conda-env
no change     /public/home/imgbreaker/anaconda3/bin/activate
no change     /public/home/imgbreaker/anaconda3/bin/deactivate
no change     /public/home/imgbreaker/anaconda3/etc/profile.d/conda.sh
no change     /public/home/imgbreaker/anaconda3/etc/fish/conf.d/conda.fish
no change     /public/home/imgbreaker/anaconda3/shell/condabin/Conda.psm1
no change     /public/home/imgbreaker/anaconda3/shell/condabin/conda-hook.ps1
no change     /public/home/imgbreaker/anaconda3/lib/python3.11/site-packages/xontrib/conda.xsh
no change     /public/home/imgbreaker/anaconda3/etc/profile.d/conda.csh
no change     /public/home/imgbreaker/.bashrc
No action taken.
activate tllib
nohup: ignoring input
no change     /public/home/imgbreaker/anaconda3/condabin/conda
no change     /public/home/imgbreaker/anaconda3/bin/conda
no change     /public/home/imgbreaker/anaconda3/bin/conda-env
no change     /public/home/imgbreaker/anaconda3/bin/activate
no change     /public/home/imgbreaker/anaconda3/bin/deactivate
no change     /public/home/imgbreaker/anaconda3/etc/profile.d/conda.sh
no change     /public/home/imgbreaker/anaconda3/etc/fish/conf.d/conda.fish
no change     /public/home/imgbreaker/anaconda3/shell/condabin/Conda.psm1
no change     /public/home/imgbreaker/anaconda3/shell/condabin/conda-hook.ps1
no change     /public/home/imgbreaker/anaconda3/lib/python3.11/site-packages/xontrib/conda.xsh
no change     /public/home/imgbreaker/anaconda3/etc/profile.d/conda.csh
no change     /public/home/imgbreaker/.bashrc
No action taken.
activate tllib
office_31_022 done
office_31_120 done
office_31_122 done
office_31_220 done
office_31_221 done
