2024-05-19 05:22:42,262 [trainer.py] => config: exps/FeCAM_office_31.json
2024-05-19 05:22:42,262 [trainer.py] => prefix: train
2024-05-19 05:22:42,262 [trainer.py] => dataset: office_31
2024-05-19 05:22:42,262 [trainer.py] => memory_size: 0
2024-05-19 05:22:42,262 [trainer.py] => shuffle: True
2024-05-19 05:22:42,262 [trainer.py] => init_cls: 5
2024-05-19 05:22:42,262 [trainer.py] => increment: 5
2024-05-19 05:22:42,262 [trainer.py] => model_name: fecam
2024-05-19 05:22:42,262 [trainer.py] => convnet_type: resnet18
2024-05-19 05:22:42,262 [trainer.py] => device: [device(type='cuda', index=3), device(type='cuda', index=1), device(type='cuda', index=2), device(type='cuda', index=0)]
2024-05-19 05:22:42,262 [trainer.py] => seed: 1993
2024-05-19 05:22:42,262 [trainer.py] => init_epochs: 5
2024-05-19 05:22:42,262 [trainer.py] => init_lr: 0.1
2024-05-19 05:22:42,262 [trainer.py] => init_weight_decay: 0.0005
2024-05-19 05:22:42,262 [trainer.py] => batch_size: 16
2024-05-19 05:22:42,262 [trainer.py] => num_workers: 8
2024-05-19 05:22:42,262 [trainer.py] => T: 2
2024-05-19 05:22:42,262 [trainer.py] => beta: 0.5
2024-05-19 05:22:42,262 [trainer.py] => alpha1: 1
2024-05-19 05:22:42,262 [trainer.py] => alpha2: 1
2024-05-19 05:22:42,262 [trainer.py] => ncm: False
2024-05-19 05:22:42,262 [trainer.py] => tukey: True
2024-05-19 05:22:42,262 [trainer.py] => diagonal: False
2024-05-19 05:22:42,262 [trainer.py] => per_class: True
2024-05-19 05:22:42,262 [trainer.py] => full_cov: True
2024-05-19 05:22:42,262 [trainer.py] => shrink: True
2024-05-19 05:22:42,262 [trainer.py] => norm_cov: True
2024-05-19 05:22:42,262 [trainer.py] => source_index: 1
2024-05-19 05:22:42,262 [trainer.py] => target_index: 0
0 /public/home/imgbreaker/Desktop/PADA/pytorch/dataset/office/domain_adaptation_images/amazon/images/back_pack/frame_0001.jpg
1 /public/home/imgbreaker/Desktop/PADA/pytorch/dataset/office/domain_adaptation_images/amazon/images/bike/frame_0001.jpg
2 /public/home/imgbreaker/Desktop/PADA/pytorch/dataset/office/domain_adaptation_images/amazon/images/bike_helmet/frame_0001.jpg
3 /public/home/imgbreaker/Desktop/PADA/pytorch/dataset/office/domain_adaptation_images/amazon/images/bookcase/frame_0001.jpg
4 /public/home/imgbreaker/Desktop/PADA/pytorch/dataset/office/domain_adaptation_images/amazon/images/bottle/frame_0001.jpg
5 /public/home/imgbreaker/Desktop/PADA/pytorch/dataset/office/domain_adaptation_images/amazon/images/calculator/frame_0001.jpg
6 /public/home/imgbreaker/Desktop/PADA/pytorch/dataset/office/domain_adaptation_images/amazon/images/desk_chair/frame_0001.jpg
7 /public/home/imgbreaker/Desktop/PADA/pytorch/dataset/office/domain_adaptation_images/amazon/images/desk_lamp/frame_0001.jpg
8 /public/home/imgbreaker/Desktop/PADA/pytorch/dataset/office/domain_adaptation_images/amazon/images/desktop_computer/frame_0001.jpg
9 /public/home/imgbreaker/Desktop/PADA/pytorch/dataset/office/domain_adaptation_images/amazon/images/file_cabinet/frame_0001.jpg
10 /public/home/imgbreaker/Desktop/PADA/pytorch/dataset/office/domain_adaptation_images/amazon/images/headphones/frame_0001.jpg
11 /public/home/imgbreaker/Desktop/PADA/pytorch/dataset/office/domain_adaptation_images/amazon/images/keyboard/frame_0001.jpg
12 /public/home/imgbreaker/Desktop/PADA/pytorch/dataset/office/domain_adaptation_images/amazon/images/laptop_computer/frame_0001.jpg
13 /public/home/imgbreaker/Desktop/PADA/pytorch/dataset/office/domain_adaptation_images/amazon/images/letter_tray/frame_0001.jpg
14 /public/home/imgbreaker/Desktop/PADA/pytorch/dataset/office/domain_adaptation_images/amazon/images/mobile_phone/frame_0001.jpg
15 /public/home/imgbreaker/Desktop/PADA/pytorch/dataset/office/domain_adaptation_images/amazon/images/monitor/frame_0001.jpg
16 /public/home/imgbreaker/Desktop/PADA/pytorch/dataset/office/domain_adaptation_images/amazon/images/mouse/frame_0001.jpg
17 /public/home/imgbreaker/Desktop/PADA/pytorch/dataset/office/domain_adaptation_images/amazon/images/mug/frame_0001.jpg
18 /public/home/imgbreaker/Desktop/PADA/pytorch/dataset/office/domain_adaptation_images/amazon/images/paper_notebook/frame_0001.jpg
19 /public/home/imgbreaker/Desktop/PADA/pytorch/dataset/office/domain_adaptation_images/amazon/images/pen/frame_0001.jpg
20 /public/home/imgbreaker/Desktop/PADA/pytorch/dataset/office/domain_adaptation_images/amazon/images/phone/frame_0001.jpg
21 /public/home/imgbreaker/Desktop/PADA/pytorch/dataset/office/domain_adaptation_images/amazon/images/printer/frame_0001.jpg
22 /public/home/imgbreaker/Desktop/PADA/pytorch/dataset/office/domain_adaptation_images/amazon/images/projector/frame_0001.jpg
23 /public/home/imgbreaker/Desktop/PADA/pytorch/dataset/office/domain_adaptation_images/amazon/images/punchers/frame_0001.jpg
24 /public/home/imgbreaker/Desktop/PADA/pytorch/dataset/office/domain_adaptation_images/amazon/images/ring_binder/frame_0001.jpg
25 /public/home/imgbreaker/Desktop/PADA/pytorch/dataset/office/domain_adaptation_images/amazon/images/ruler/frame_0001.jpg
26 /public/home/imgbreaker/Desktop/PADA/pytorch/dataset/office/domain_adaptation_images/amazon/images/scissors/frame_0001.jpg
27 /public/home/imgbreaker/Desktop/PADA/pytorch/dataset/office/domain_adaptation_images/amazon/images/speaker/frame_0001.jpg
28 /public/home/imgbreaker/Desktop/PADA/pytorch/dataset/office/domain_adaptation_images/amazon/images/stapler/frame_0001.jpg
29 /public/home/imgbreaker/Desktop/PADA/pytorch/dataset/office/domain_adaptation_images/amazon/images/tape_dispenser/frame_0001.jpg
30 /public/home/imgbreaker/Desktop/PADA/pytorch/dataset/office/domain_adaptation_images/amazon/images/trash_can/frame_0001.jpg
0 /public/home/imgbreaker/Desktop/PADA/pytorch/dataset/office/domain_adaptation_images/amazon/images/back_pack/frame_0001.jpg
1 /public/home/imgbreaker/Desktop/PADA/pytorch/dataset/office/domain_adaptation_images/amazon/images/bike/frame_0001.jpg
2 /public/home/imgbreaker/Desktop/PADA/pytorch/dataset/office/domain_adaptation_images/amazon/images/bike_helmet/frame_0001.jpg
3 /public/home/imgbreaker/Desktop/PADA/pytorch/dataset/office/domain_adaptation_images/amazon/images/bookcase/frame_0001.jpg
4 /public/home/imgbreaker/Desktop/PADA/pytorch/dataset/office/domain_adaptation_images/amazon/images/bottle/frame_0001.jpg
5 /public/home/imgbreaker/Desktop/PADA/pytorch/dataset/office/domain_adaptation_images/amazon/images/calculator/frame_0001.jpg
6 /public/home/imgbreaker/Desktop/PADA/pytorch/dataset/office/domain_adaptation_images/amazon/images/desk_chair/frame_0001.jpg
7 /public/home/imgbreaker/Desktop/PADA/pytorch/dataset/office/domain_adaptation_images/amazon/images/desk_lamp/frame_0001.jpg
8 /public/home/imgbreaker/Desktop/PADA/pytorch/dataset/office/domain_adaptation_images/amazon/images/desktop_computer/frame_0001.jpg
9 /public/home/imgbreaker/Desktop/PADA/pytorch/dataset/office/domain_adaptation_images/amazon/images/file_cabinet/frame_0001.jpg
10 /public/home/imgbreaker/Desktop/PADA/pytorch/dataset/office/domain_adaptation_images/amazon/images/headphones/frame_0001.jpg
11 /public/home/imgbreaker/Desktop/PADA/pytorch/dataset/office/domain_adaptation_images/amazon/images/keyboard/frame_0001.jpg
12 /public/home/imgbreaker/Desktop/PADA/pytorch/dataset/office/domain_adaptation_images/amazon/images/laptop_computer/frame_0001.jpg
13 /public/home/imgbreaker/Desktop/PADA/pytorch/dataset/office/domain_adaptation_images/amazon/images/letter_tray/frame_0001.jpg
14 /public/home/imgbreaker/Desktop/PADA/pytorch/dataset/office/domain_adaptation_images/amazon/images/mobile_phone/frame_0001.jpg
15 /public/home/imgbreaker/Desktop/PADA/pytorch/dataset/office/domain_adaptation_images/amazon/images/monitor/frame_0001.jpg
16 /public/home/imgbreaker/Desktop/PADA/pytorch/dataset/office/domain_adaptation_images/amazon/images/mouse/frame_0001.jpg
17 /public/home/imgbreaker/Desktop/PADA/pytorch/dataset/office/domain_adaptation_images/amazon/images/mug/frame_0001.jpg
18 /public/home/imgbreaker/Desktop/PADA/pytorch/dataset/office/domain_adaptation_images/amazon/images/paper_notebook/frame_0001.jpg
19 /public/home/imgbreaker/Desktop/PADA/pytorch/dataset/office/domain_adaptation_images/amazon/images/pen/frame_0001.jpg
20 /public/home/imgbreaker/Desktop/PADA/pytorch/dataset/office/domain_adaptation_images/amazon/images/phone/frame_0001.jpg
21 /public/home/imgbreaker/Desktop/PADA/pytorch/dataset/office/domain_adaptation_images/amazon/images/printer/frame_0001.jpg
22 /public/home/imgbreaker/Desktop/PADA/pytorch/dataset/office/domain_adaptation_images/amazon/images/projector/frame_0001.jpg
23 /public/home/imgbreaker/Desktop/PADA/pytorch/dataset/office/domain_adaptation_images/amazon/images/punchers/frame_0001.jpg
24 /public/home/imgbreaker/Desktop/PADA/pytorch/dataset/office/domain_adaptation_images/amazon/images/ring_binder/frame_0001.jpg
25 /public/home/imgbreaker/Desktop/PADA/pytorch/dataset/office/domain_adaptation_images/amazon/images/ruler/frame_0001.jpg
26 /public/home/imgbreaker/Desktop/PADA/pytorch/dataset/office/domain_adaptation_images/amazon/images/scissors/frame_0001.jpg
27 /public/home/imgbreaker/Desktop/PADA/pytorch/dataset/office/domain_adaptation_images/amazon/images/speaker/frame_0001.jpg
28 /public/home/imgbreaker/Desktop/PADA/pytorch/dataset/office/domain_adaptation_images/amazon/images/stapler/frame_0001.jpg
29 /public/home/imgbreaker/Desktop/PADA/pytorch/dataset/office/domain_adaptation_images/amazon/images/tape_dispenser/frame_0001.jpg
30 /public/home/imgbreaker/Desktop/PADA/pytorch/dataset/office/domain_adaptation_images/amazon/images/trash_can/frame_0001.jpg
2024-05-19 05:22:42,518 [data_manager.py] => [21, 28, 2, 15, 10, 27, 8, 6, 14, 22, 20, 13, 24, 12, 26, 11, 5, 0, 23, 18, 4, 19, 29, 9, 7, 16, 3, 30, 17, 25, 1]
2024-05-19 05:22:42,898 [fecam.py] => Learning on 0-5
  0%|          | 0/5 [00:00<?, ?it/s]Task 0, Epoch 1/5 => Loss 1.417, Train_accy 20.47, Test_accy 21.11:   0%|          | 0/5 [00:23<?, ?it/s]2024-05-19 05:23:14,581 [fecam.py] => Task 0, Epoch 1/5 => Loss 1.417, Train_accy 20.47, Test_accy 21.11
Task 0, Epoch 1/5 => Loss 1.417, Train_accy 20.47, Test_accy 21.11:  20%|██        | 1/5 [00:23<01:35, 23.83s/it]Task 0, Epoch 2/5 => Loss 1.355, Train_accy 21.32:  20%|██        | 1/5 [00:26<01:35, 23.83s/it]                 2024-05-19 05:23:17,594 [fecam.py] => Task 0, Epoch 2/5 => Loss 1.355, Train_accy 21.32
Task 0, Epoch 2/5 => Loss 1.355, Train_accy 21.32:  40%|████      | 2/5 [00:26<00:34, 11.58s/it]Task 0, Epoch 3/5 => Loss 1.335, Train_accy 16.42:  40%|████      | 2/5 [00:29<00:34, 11.58s/it]2024-05-19 05:23:20,559 [fecam.py] => Task 0, Epoch 3/5 => Loss 1.335, Train_accy 16.42
Task 0, Epoch 3/5 => Loss 1.335, Train_accy 16.42:  60%|██████    | 3/5 [00:29<00:15,  7.65s/it]Task 0, Epoch 4/5 => Loss 1.329, Train_accy 9.17:  60%|██████    | 3/5 [00:32<00:15,  7.65s/it] 2024-05-19 05:23:23,467 [fecam.py] => Task 0, Epoch 4/5 => Loss 1.329, Train_accy 9.17
Task 0, Epoch 4/5 => Loss 1.329, Train_accy 9.17:  80%|████████  | 4/5 [00:32<00:05,  5.78s/it]Task 0, Epoch 5/5 => Loss 1.295, Train_accy 8.74:  80%|████████  | 4/5 [00:35<00:05,  5.78s/it]2024-05-19 05:23:26,613 [fecam.py] => Task 0, Epoch 5/5 => Loss 1.295, Train_accy 8.74
Task 0, Epoch 5/5 => Loss 1.295, Train_accy 8.74: 100%|██████████| 5/5 [00:35<00:00,  4.83s/it]Task 0, Epoch 5/5 => Loss 1.295, Train_accy 8.74: 100%|██████████| 5/5 [00:35<00:00,  7.17s/it]
5
2024-05-19 05:27:22,289 [trainer.py] => CNN: {'total': 6.61, '00-09': 6.61, 'old': 0, 'new': 6.61}
2024-05-19 05:27:22,289 [trainer.py] => No NME accuracy
2024-05-19 05:27:22,289 [trainer.py] => FeCAM: {'total': 6.61, '00-09': 6.61, 'old': 0, 'new': 6.61}
2024-05-19 05:27:22,289 [trainer.py] => CNN top1 curve: [6.61]
2024-05-19 05:27:22,289 [trainer.py] => CNN top5 curve: [100.0]
2024-05-19 05:27:22,289 [trainer.py] => FeCAM top1 curve: [6.61]
2024-05-19 05:27:22,289 [trainer.py] => FeCAM top5 curve: [100.0]

2024-05-19 05:27:22,290 [fecam.py] => Learning on 5-10
10
/public/home/imgbreaker/Desktop/FeCAM/FeCAM-main/models/base.py:198: UserWarning: To copy construct from a tensor, it is recommended to use sourceTensor.clone().detach() or sourceTensor.clone().detach().requires_grad_(True), rather than torch.tensor(sourceTensor).
  x = torch.tensor(x)
2024-05-19 05:35:18,264 [trainer.py] => CNN: {'total': 15.2, '00-09': 15.2, 'old': 0.21, 'new': 29.69}
2024-05-19 05:35:18,265 [trainer.py] => No NME accuracy
2024-05-19 05:35:18,265 [trainer.py] => FeCAM: {'total': 53.77, '00-09': 53.77, 'old': 65.46, 'new': 42.47}
2024-05-19 05:35:18,265 [trainer.py] => CNN top1 curve: [6.61, 15.2]
2024-05-19 05:35:18,265 [trainer.py] => CNN top5 curve: [100.0, 50.21]
2024-05-19 05:35:18,265 [trainer.py] => FeCAM top1 curve: [6.61, 53.77]
2024-05-19 05:35:18,265 [trainer.py] => FeCAM top5 curve: [100.0, 90.78]

2024-05-19 05:35:18,266 [fecam.py] => Learning on 10-15
15
2024-05-19 05:46:49,989 [trainer.py] => CNN: {'total': 14.36, '00-09': 9.85, '10-19': 23.28, 'old': 9.85, 'new': 23.28}
2024-05-19 05:46:49,989 [trainer.py] => No NME accuracy
2024-05-19 05:46:49,989 [trainer.py] => FeCAM: {'total': 44.39, '00-09': 46.96, '10-19': 39.29, 'old': 46.96, 'new': 39.29}
2024-05-19 05:46:49,989 [trainer.py] => CNN top1 curve: [6.61, 15.2, 14.36]
2024-05-19 05:46:49,989 [trainer.py] => CNN top5 curve: [100.0, 50.21, 49.27]
2024-05-19 05:46:49,989 [trainer.py] => FeCAM top1 curve: [6.61, 53.77, 44.39]
2024-05-19 05:46:49,989 [trainer.py] => FeCAM top5 curve: [100.0, 90.78, 82.44]

2024-05-19 05:46:49,990 [fecam.py] => Learning on 15-20
20
2024-05-19 06:00:52,599 [trainer.py] => CNN: {'total': 14.57, '00-09': 8.07, '10-19': 21.02, 'old': 12.06, 'new': 22.08}
2024-05-19 06:00:52,599 [trainer.py] => No NME accuracy
2024-05-19 06:00:52,599 [trainer.py] => FeCAM: {'total': 40.16, '00-09': 43.82, '10-19': 36.52, 'old': 41.67, 'new': 35.62}
2024-05-19 06:00:52,600 [trainer.py] => CNN top1 curve: [6.61, 15.2, 14.36, 14.57]
2024-05-19 06:00:52,600 [trainer.py] => CNN top5 curve: [100.0, 50.21, 49.27, 44.02]
2024-05-19 06:00:52,600 [trainer.py] => FeCAM top1 curve: [6.61, 53.77, 44.39, 40.16]
2024-05-19 06:00:52,600 [trainer.py] => FeCAM top5 curve: [100.0, 90.78, 82.44, 73.84]

2024-05-19 06:00:52,612 [fecam.py] => Learning on 20-25
25
2024-05-19 06:17:57,970 [trainer.py] => CNN: {'total': 11.94, '00-09': 6.6, '10-19': 19.77, '20-29': 5.93, 'old': 13.21, 'new': 5.93}
2024-05-19 06:17:57,970 [trainer.py] => No NME accuracy
2024-05-19 06:17:57,970 [trainer.py] => FeCAM: {'total': 35.47, '00-09': 43.29, '10-19': 36.0, '20-29': 15.8, 'old': 39.63, 'new': 15.8}
2024-05-19 06:17:57,970 [trainer.py] => CNN top1 curve: [6.61, 15.2, 14.36, 14.57, 11.94]
2024-05-19 06:17:57,970 [trainer.py] => CNN top5 curve: [100.0, 50.21, 49.27, 44.02, 40.34]
2024-05-19 06:17:57,970 [trainer.py] => FeCAM top1 curve: [6.61, 53.77, 44.39, 40.16, 35.47]
2024-05-19 06:17:57,970 [trainer.py] => FeCAM top5 curve: [100.0, 90.78, 82.44, 73.84, 69.01]

2024-05-19 06:17:57,971 [fecam.py] => Learning on 25-30
30
2024-05-19 06:40:24,188 [trainer.py] => CNN: {'total': 9.8, '00-09': 5.87, '10-19': 15.5, '20-29': 7.68, 'old': 9.31, 'new': 12.53}
2024-05-19 06:40:24,190 [trainer.py] => No NME accuracy
2024-05-19 06:40:24,190 [trainer.py] => FeCAM: {'total': 32.61, '00-09': 42.77, '10-19': 33.51, '20-29': 19.76, 'old': 34.01, 'new': 24.82}
2024-05-19 06:40:24,190 [trainer.py] => CNN top1 curve: [6.61, 15.2, 14.36, 14.57, 11.94, 9.8]
2024-05-19 06:40:24,190 [trainer.py] => CNN top5 curve: [100.0, 50.21, 49.27, 44.02, 40.34, 35.39]
2024-05-19 06:40:24,190 [trainer.py] => FeCAM top1 curve: [6.61, 53.77, 44.39, 40.16, 35.47, 32.61]
2024-05-19 06:40:24,190 [trainer.py] => FeCAM top5 curve: [100.0, 90.78, 82.44, 73.84, 69.01, 63.47]

2024-05-19 06:40:24,226 [fecam.py] => Learning on 30-31
31
2024-05-19 07:02:32,448 [trainer.py] => CNN: {'total': 8.56, '00-09': 5.87, '10-19': 13.84, '20-29': 6.34, 'old': 8.81, 'new': 0.0}
2024-05-19 07:02:32,449 [trainer.py] => No NME accuracy
2024-05-19 07:02:32,449 [trainer.py] => FeCAM: {'total': 30.92, '00-09': 40.36, '10-19': 29.45, '20-29': 15.12, 'old': 28.96, 'new': 96.34}
2024-05-19 07:02:32,449 [trainer.py] => CNN top1 curve: [6.61, 15.2, 14.36, 14.57, 11.94, 9.8, 8.56]
2024-05-19 07:02:32,449 [trainer.py] => CNN top5 curve: [100.0, 50.21, 49.27, 44.02, 40.34, 35.39, 29.53]
2024-05-19 07:02:32,449 [trainer.py] => FeCAM top1 curve: [6.61, 53.77, 44.39, 40.16, 35.47, 32.61, 30.92]
2024-05-19 07:02:32,449 [trainer.py] => FeCAM top5 curve: [100.0, 90.78, 82.44, 73.84, 69.01, 63.47, 62.48]

